2018-05-31 17:51:29.102  INFO  com.qiyou.SpringBootAdminApplication : Starting SpringBootAdminApplication on DESKTOP-TEAMV03 with PID 12252 (E:\project\springboot\target\classes started by Lenovo in E:\project\springboot)
2018-05-31 17:51:29.143  DEBUG com.qiyou.SpringBootAdminApplication : Running with Spring Boot v1.5.3.RELEASE, Spring v4.3.8.RELEASE
2018-05-31 17:51:29.144  INFO  com.qiyou.SpringBootAdminApplication : No active profile set, falling back to default profiles: default
2018-05-31 17:51:29.378  INFO  org.springframework.boot.context.embedded.AnnotationConfigEmbeddedWebApplicationContext : Refreshing org.springframework.boot.context.embedded.AnnotationConfigEmbeddedWebApplicationContext@1677d1: startup date [Thu May 31 17:51:29 CST 2018]; root of context hierarchy
2018-05-31 17:51:29.889  INFO  org.hibernate.validator.internal.util.Version : HV000001: Hibernate Validator 5.3.5.Final
2018-05-31 17:51:31.626  WARN  org.mybatis.spring.mapper.ClassPathMapperScanner : No MyBatis mapper was found in '[com.qiyou]' package. Please check your configuration.
2018-05-31 17:51:31.684  INFO  org.springframework.data.repository.config.RepositoryConfigurationDelegate : Multiple Spring Data modules found, entering strict repository configuration mode!
2018-05-31 17:51:31.883  WARN  org.springframework.context.annotation.ConfigurationClassPostProcessor : Cannot enhance @Configuration bean definition 'myBatisMapperScannerConfig' since its singleton instance has been created too early. The typical cause is a non-static @Bean method with a BeanDefinitionRegistryPostProcessor return type: Consider declaring such methods as 'static'.
2018-05-31 17:51:32.621  INFO  org.springframework.context.support.PostProcessorRegistrationDelegate$BeanPostProcessorChecker : Bean 'myBatisConfig' of type [com.qiyou.common.db.MyBatisConfig$$EnhancerBySpringCGLIB$$da7448f4] is not eligible for getting processed by all BeanPostProcessors (for example: not eligible for auto-proxying)
2018-05-31 17:51:32.711  INFO  com.mchange.v2.log.MLog : MLog clients using log4j logging.
2018-05-31 17:51:33.086  INFO  com.mchange.v2.c3p0.C3P0Registry : Initializing c3p0-0.9.1.2 [built 21-May-2007 15:04:56; debug? true; trace: 10]
2018-05-31 17:51:33.194  INFO  org.springframework.context.support.PostProcessorRegistrationDelegate$BeanPostProcessorChecker : Bean 'dataSource1' of type [com.mchange.v2.c3p0.ComboPooledDataSource] is not eligible for getting processed by all BeanPostProcessors (for example: not eligible for auto-proxying)
2018-05-31 17:51:33.220  INFO  org.springframework.context.support.PostProcessorRegistrationDelegate$BeanPostProcessorChecker : Bean 'org.springframework.boot.autoconfigure.jdbc.DataSourceAutoConfiguration' of type [org.springframework.boot.autoconfigure.jdbc.DataSourceAutoConfiguration$$EnhancerBySpringCGLIB$$d88f2d1b] is not eligible for getting processed by all BeanPostProcessors (for example: not eligible for auto-proxying)
2018-05-31 17:51:33.287  INFO  org.springframework.context.support.PostProcessorRegistrationDelegate$BeanPostProcessorChecker : Bean 'spring.datasource-org.springframework.boot.autoconfigure.jdbc.DataSourceProperties' of type [org.springframework.boot.autoconfigure.jdbc.DataSourceProperties] is not eligible for getting processed by all BeanPostProcessors (for example: not eligible for auto-proxying)
2018-05-31 17:51:33.315  INFO  org.springframework.context.support.PostProcessorRegistrationDelegate$BeanPostProcessorChecker : Bean 'dataSourceInitializer' of type [org.springframework.boot.autoconfigure.jdbc.DataSourceInitializer] is not eligible for getting processed by all BeanPostProcessors (for example: not eligible for auto-proxying)
2018-05-31 17:51:33.330  INFO  org.springframework.context.support.PostProcessorRegistrationDelegate$BeanPostProcessorChecker : Bean 'annotationDrivenTransactionManager' of type [org.springframework.jdbc.datasource.DataSourceTransactionManager] is not eligible for getting processed by all BeanPostProcessors (for example: not eligible for auto-proxying)
2018-05-31 17:51:33.331  INFO  org.springframework.context.support.PostProcessorRegistrationDelegate$BeanPostProcessorChecker : Bean 'org.springframework.transaction.annotation.ProxyTransactionManagementConfiguration' of type [org.springframework.transaction.annotation.ProxyTransactionManagementConfiguration$$EnhancerBySpringCGLIB$$f69b89bb] is not eligible for getting processed by all BeanPostProcessors (for example: not eligible for auto-proxying)
2018-05-31 17:51:33.641  INFO  org.eclipse.jetty.util.log : Logging initialized @6099ms to org.eclipse.jetty.util.log.Slf4jLog
2018-05-31 17:51:33.842  INFO  org.springframework.boot.context.embedded.jetty.JettyEmbeddedServletContainerFactory : Server initialized with port: 9004
2018-05-31 17:51:33.846  INFO  org.eclipse.jetty.server.Server : jetty-9.4.4.v20170414
2018-05-31 17:51:34.076  INFO  org.eclipse.jetty.server.session : DefaultSessionIdManager workerName=node0
2018-05-31 17:51:34.076  INFO  org.eclipse.jetty.server.session : No SessionScavenger set, using defaults
2018-05-31 17:51:34.080  INFO  org.eclipse.jetty.server.session : Scavenging every 600000ms
2018-05-31 17:51:34.091  INFO  org.eclipse.jetty.server.handler.ContextHandler.application : Initializing Spring embedded WebApplicationContext
2018-05-31 17:51:34.091  INFO  org.springframework.web.context.ContextLoader : Root WebApplicationContext: initialization completed in 4714 ms
2018-05-31 17:51:34.373  INFO  org.springframework.boot.web.servlet.ServletRegistrationBean : Mapping servlet: 'dispatcherServlet' to [/]
2018-05-31 17:51:34.375  INFO  org.springframework.boot.web.servlet.FilterRegistrationBean : Mapping filter: 'characterEncodingFilter' to: [/*]
2018-05-31 17:51:34.376  INFO  org.springframework.boot.web.servlet.FilterRegistrationBean : Mapping filter: 'hiddenHttpMethodFilter' to: [/*]
2018-05-31 17:51:34.376  INFO  org.springframework.boot.web.servlet.FilterRegistrationBean : Mapping filter: 'httpPutFormContentFilter' to: [/*]
2018-05-31 17:51:34.376  INFO  org.springframework.boot.web.servlet.FilterRegistrationBean : Mapping filter: 'requestContextFilter' to: [/*]
2018-05-31 17:51:34.917  INFO  org.eclipse.jetty.server.handler.ContextHandler : Started o.s.b.c.e.j.JettyEmbeddedWebAppContext@7b6e5c12{/,[file:///C:/Users/Lenovo/AppData/Local/Temp/jetty-docbase.8151355579175692576.9004/, jar:file:/C:/Users/Lenovo/.m2/repository/io/springfox/springfox-swagger-ui/2.4.0/springfox-swagger-ui-2.4.0.jar!/META-INF/resources],AVAILABLE}
2018-05-31 17:51:34.917  INFO  org.eclipse.jetty.server.Server : Started @7376ms
2018-05-31 17:51:34.985  INFO  com.qiyou.common.redis.RedisClientPool : ****初始化Redis客户端****
2018-05-31 17:51:34.985  INFO  com.qiyou.common.redis.RedisClientPool : Redis服务器地址：127.0.0.1:6379
2018-05-31 17:51:36.270  INFO  org.springframework.web.servlet.mvc.method.annotation.RequestMappingHandlerMapping : Mapped "{[/hello],methods=[POST]}" onto public java.lang.String com.qiyou.controller.HelloWorldController.hello()
2018-05-31 17:51:36.273  INFO  org.springframework.web.servlet.mvc.method.annotation.RequestMappingHandlerMapping : Mapped "{[/peopleInsert],methods=[POST]}" onto public com.qiyou.basic.Result com.qiyou.controller.PeopleController.peopleInsert() throws java.lang.Exception
2018-05-31 17:51:36.273  INFO  org.springframework.web.servlet.mvc.method.annotation.RequestMappingHandlerMapping : Mapped "{[/peopleInsertXml],methods=[POST]}" onto public com.qiyou.basic.Result com.qiyou.controller.PeopleController.peopleInserXml(java.lang.String) throws java.lang.Exception
2018-05-31 17:51:36.274  INFO  org.springframework.web.servlet.mvc.method.annotation.RequestMappingHandlerMapping : Mapped "{[/showApi]}" onto public java.lang.String com.qiyou.controller.SwaggerController.showApi()
2018-05-31 17:51:36.276  INFO  org.springframework.web.servlet.mvc.method.annotation.RequestMappingHandlerMapping : Mapped "{[/v2/api-docs],methods=[GET],produces=[application/json || application/hal+json]}" onto public org.springframework.http.ResponseEntity<springfox.documentation.spring.web.json.Json> springfox.documentation.swagger2.web.Swagger2Controller.getDocumentation(java.lang.String,javax.servlet.http.HttpServletRequest)
2018-05-31 17:51:36.279  INFO  org.springframework.web.servlet.mvc.method.annotation.RequestMappingHandlerMapping : Mapped "{[/swagger-resources]}" onto org.springframework.http.ResponseEntity<java.util.List<springfox.documentation.swagger.web.SwaggerResource>> springfox.documentation.swagger.web.ApiResourceController.swaggerResources()
2018-05-31 17:51:36.280  INFO  org.springframework.web.servlet.mvc.method.annotation.RequestMappingHandlerMapping : Mapped "{[/configuration/security]}" onto org.springframework.http.ResponseEntity<springfox.documentation.swagger.web.SecurityConfiguration> springfox.documentation.swagger.web.ApiResourceController.securityConfiguration()
2018-05-31 17:51:36.281  INFO  org.springframework.web.servlet.mvc.method.annotation.RequestMappingHandlerMapping : Mapped "{[/configuration/ui]}" onto org.springframework.http.ResponseEntity<springfox.documentation.swagger.web.UiConfiguration> springfox.documentation.swagger.web.ApiResourceController.uiConfiguration()
2018-05-31 17:51:36.285  INFO  org.springframework.web.servlet.mvc.method.annotation.RequestMappingHandlerMapping : Mapped "{[/error]}" onto public org.springframework.http.ResponseEntity<java.util.Map<java.lang.String, java.lang.Object>> org.springframework.boot.autoconfigure.web.BasicErrorController.error(javax.servlet.http.HttpServletRequest)
2018-05-31 17:51:36.285  INFO  org.springframework.web.servlet.mvc.method.annotation.RequestMappingHandlerMapping : Mapped "{[/error],produces=[text/html]}" onto public org.springframework.web.servlet.ModelAndView org.springframework.boot.autoconfigure.web.BasicErrorController.errorHtml(javax.servlet.http.HttpServletRequest,javax.servlet.http.HttpServletResponse)
2018-05-31 17:51:36.621  INFO  org.springframework.web.servlet.mvc.method.annotation.RequestMappingHandlerAdapter : Looking for @ControllerAdvice: org.springframework.boot.context.embedded.AnnotationConfigEmbeddedWebApplicationContext@1677d1: startup date [Thu May 31 17:51:29 CST 2018]; root of context hierarchy
2018-05-31 17:51:36.700  INFO  org.springframework.web.servlet.handler.SimpleUrlHandlerMapping : Mapped URL path [/webjars/**] onto handler of type [class org.springframework.web.servlet.resource.ResourceHttpRequestHandler]
2018-05-31 17:51:36.700  INFO  org.springframework.web.servlet.handler.SimpleUrlHandlerMapping : Mapped URL path [/**] onto handler of type [class org.springframework.web.servlet.resource.ResourceHttpRequestHandler]
2018-05-31 17:51:36.717  INFO  org.springframework.web.servlet.mvc.method.annotation.ExceptionHandlerExceptionResolver : Detected @ExceptionHandler methods in commonAdvice
2018-05-31 17:51:36.751  INFO  org.springframework.web.servlet.handler.SimpleUrlHandlerMapping : Mapped URL path [/**/favicon.ico] onto handler of type [class org.springframework.web.servlet.resource.ResourceHttpRequestHandler]
2018-05-31 17:51:37.559  INFO  org.springframework.jmx.export.annotation.AnnotationMBeanExporter : Registering beans for JMX exposure on startup
2018-05-31 17:51:37.574  INFO  springfox.documentation.spring.web.plugins.DocumentationPluginsBootstrapper : Context refreshed
2018-05-31 17:51:37.609  INFO  springfox.documentation.spring.web.plugins.DocumentationPluginsBootstrapper : Found 1 custom documentation plugin(s)
2018-05-31 17:51:37.623  INFO  springfox.documentation.spring.web.scanners.ApiListingReferenceScanner : Scanning for api listing references
2018-05-31 17:51:37.821  INFO  org.eclipse.jetty.server.handler.ContextHandler.application : Initializing Spring FrameworkServlet 'dispatcherServlet'
2018-05-31 17:51:37.821  INFO  org.springframework.web.servlet.DispatcherServlet : FrameworkServlet 'dispatcherServlet': initialization started
2018-05-31 17:51:37.836  INFO  org.springframework.web.servlet.DispatcherServlet : FrameworkServlet 'dispatcherServlet': initialization completed in 15 ms
2018-05-31 17:51:37.853  INFO  org.eclipse.jetty.server.AbstractConnector : Started ServerConnector@548e43b1{HTTP/1.1,[http/1.1]}{0.0.0.0:9004}
2018-05-31 17:51:37.856  INFO  org.springframework.boot.context.embedded.jetty.JettyEmbeddedServletContainer : Jetty started on port(s) 9004 (http/1.1)
2018-05-31 17:51:37.864  INFO  com.qiyou.SpringBootAdminApplication : Started SpringBootAdminApplication in 9.487 seconds (JVM running for 10.323)
2018-05-31 17:52:31.231  INFO  com.mchange.v2.c3p0.impl.AbstractPoolBackedDataSource : Initializing c3p0 pool... com.mchange.v2.c3p0.ComboPooledDataSource [ acquireIncrement -> 3, acquireRetryAttempts -> 30, acquireRetryDelay -> 1000, autoCommitOnClose -> false, automaticTestTable -> null, breakAfterAcquireFailure -> false, checkoutTimeout -> 0, connectionCustomizerClassName -> null, connectionTesterClassName -> com.mchange.v2.c3p0.impl.DefaultConnectionTester, dataSourceName -> dataSourceKeyRW, debugUnreturnedConnectionStackTraces -> false, description -> null, driverClass -> com.mysql.jdbc.Driver, factoryClassLocation -> null, forceIgnoreUnresolvedTransactions -> false, identityToken -> 1hgff0b9v1ee1p5r16yu25|2b556bb2, idleConnectionTestPeriod -> 0, initialPoolSize -> 20, jdbcUrl -> jdbc:mysql://127.0.0.1:3306/springboot?useUnicode=true&characterEncoding=UTF-8&zeroDateTimeBehavior=convertToNull&allowMultiQueries=true&useSSL=true, maxAdministrativeTaskTime -> 0, maxConnectionAge -> 0, maxIdleTime -> 100, maxIdleTimeExcessConnections -> 0, maxPoolSize -> 50, maxStatements -> 0, maxStatementsPerConnection -> 0, minPoolSize -> 20, numHelperThreads -> 3, numThreadsAwaitingCheckoutDefaultUser -> 0, preferredTestQuery -> null, properties -> {user=******, password=******}, propertyCycle -> 0, testConnectionOnCheckin -> false, testConnectionOnCheckout -> false, unreturnedConnectionTimeout -> 0, usesTraditionalReflectiveProxies -> false ]
2018-05-31 17:52:31.731  DEBUG com.qiyou.persistence.service.PeopleService : 存储信息参数 peopleInfo={"id":null,"name":"徐慧娟","sex":0,"age":25,"height":168.3,"weight":55.2}
2018-05-31 17:52:31.918  DEBUG com.qiyou.persistence.mapper.PeopleMapper.insert : ==>  Preparing: INSERT INTO people ( id,name,sex,age,height,weight ) VALUES( ?,?,?,?,?,? ) 
2018-05-31 17:52:31.948  DEBUG com.qiyou.persistence.mapper.PeopleMapper.insert : ==> Parameters: null, 徐慧娟(String), 0(Integer), 25(Integer), 168.3(Double), 55.2(Double)
2018-05-31 17:52:31.966  DEBUG com.qiyou.persistence.mapper.PeopleMapper.insert : <==    Updates: 1
2018-05-31 17:52:31.977  DEBUG com.qiyou.persistence.mapper.PeopleMapper.insert!selectKey : ==>  Executing: SELECT LAST_INSERT_ID() 
2018-05-31 17:52:32.000  DEBUG com.qiyou.persistence.mapper.PeopleMapper.insert!selectKey : <==      Total: 1
2018-05-31 17:52:32.039  WARN  com.qiyou.common.filter.ServerInterceptor : method to detect timeout for /peopleInsert, and the execution time is888  ms
2018-05-31 18:08:23.035  INFO  com.qiyou.SpringBootAdminApplication : Starting SpringBootAdminApplication on DESKTOP-TEAMV03 with PID 14168 (E:\project\springboot\target\classes started by Lenovo in E:\project\springboot)
2018-05-31 18:08:23.046  DEBUG com.qiyou.SpringBootAdminApplication : Running with Spring Boot v1.5.3.RELEASE, Spring v4.3.8.RELEASE
2018-05-31 18:08:23.047  INFO  com.qiyou.SpringBootAdminApplication : No active profile set, falling back to default profiles: default
2018-05-31 18:08:23.144  INFO  org.springframework.boot.context.embedded.AnnotationConfigEmbeddedWebApplicationContext : Refreshing org.springframework.boot.context.embedded.AnnotationConfigEmbeddedWebApplicationContext@5d43661b: startup date [Thu May 31 18:08:23 CST 2018]; root of context hierarchy
2018-05-31 18:08:23.613  INFO  org.hibernate.validator.internal.util.Version : HV000001: Hibernate Validator 5.3.5.Final
2018-05-31 18:08:25.112  WARN  org.mybatis.spring.mapper.ClassPathMapperScanner : No MyBatis mapper was found in '[com.qiyou]' package. Please check your configuration.
2018-05-31 18:08:25.159  INFO  org.springframework.data.repository.config.RepositoryConfigurationDelegate : Multiple Spring Data modules found, entering strict repository configuration mode!
2018-05-31 18:08:25.395  WARN  org.springframework.context.annotation.ConfigurationClassPostProcessor : Cannot enhance @Configuration bean definition 'myBatisMapperScannerConfig' since its singleton instance has been created too early. The typical cause is a non-static @Bean method with a BeanDefinitionRegistryPostProcessor return type: Consider declaring such methods as 'static'.
2018-05-31 18:08:26.104  INFO  org.springframework.context.support.PostProcessorRegistrationDelegate$BeanPostProcessorChecker : Bean 'myBatisConfig' of type [com.qiyou.common.db.MyBatisConfig$$EnhancerBySpringCGLIB$$ff9ec4aa] is not eligible for getting processed by all BeanPostProcessors (for example: not eligible for auto-proxying)
2018-05-31 18:08:26.165  INFO  com.mchange.v2.log.MLog : MLog clients using log4j logging.
2018-05-31 18:08:26.438  INFO  com.mchange.v2.c3p0.C3P0Registry : Initializing c3p0-0.9.1.2 [built 21-May-2007 15:04:56; debug? true; trace: 10]
2018-05-31 18:08:26.513  INFO  org.springframework.context.support.PostProcessorRegistrationDelegate$BeanPostProcessorChecker : Bean 'dataSource1' of type [com.mchange.v2.c3p0.ComboPooledDataSource] is not eligible for getting processed by all BeanPostProcessors (for example: not eligible for auto-proxying)
2018-05-31 18:08:26.527  INFO  org.springframework.context.support.PostProcessorRegistrationDelegate$BeanPostProcessorChecker : Bean 'org.springframework.boot.autoconfigure.jdbc.DataSourceAutoConfiguration' of type [org.springframework.boot.autoconfigure.jdbc.DataSourceAutoConfiguration$$EnhancerBySpringCGLIB$$fdb9a8d1] is not eligible for getting processed by all BeanPostProcessors (for example: not eligible for auto-proxying)
2018-05-31 18:08:26.613  INFO  org.springframework.context.support.PostProcessorRegistrationDelegate$BeanPostProcessorChecker : Bean 'spring.datasource-org.springframework.boot.autoconfigure.jdbc.DataSourceProperties' of type [org.springframework.boot.autoconfigure.jdbc.DataSourceProperties] is not eligible for getting processed by all BeanPostProcessors (for example: not eligible for auto-proxying)
2018-05-31 18:08:26.635  INFO  org.springframework.context.support.PostProcessorRegistrationDelegate$BeanPostProcessorChecker : Bean 'dataSourceInitializer' of type [org.springframework.boot.autoconfigure.jdbc.DataSourceInitializer] is not eligible for getting processed by all BeanPostProcessors (for example: not eligible for auto-proxying)
2018-05-31 18:08:26.677  INFO  org.springframework.context.support.PostProcessorRegistrationDelegate$BeanPostProcessorChecker : Bean 'annotationDrivenTransactionManager' of type [org.springframework.jdbc.datasource.DataSourceTransactionManager] is not eligible for getting processed by all BeanPostProcessors (for example: not eligible for auto-proxying)
2018-05-31 18:08:26.679  INFO  org.springframework.context.support.PostProcessorRegistrationDelegate$BeanPostProcessorChecker : Bean 'org.springframework.transaction.annotation.ProxyTransactionManagementConfiguration' of type [org.springframework.transaction.annotation.ProxyTransactionManagementConfiguration$$EnhancerBySpringCGLIB$$1bc60571] is not eligible for getting processed by all BeanPostProcessors (for example: not eligible for auto-proxying)
2018-05-31 18:08:27.009  INFO  org.eclipse.jetty.util.log : Logging initialized @5871ms to org.eclipse.jetty.util.log.Slf4jLog
2018-05-31 18:08:27.133  INFO  org.springframework.boot.context.embedded.jetty.JettyEmbeddedServletContainerFactory : Server initialized with port: 9004
2018-05-31 18:08:27.136  INFO  org.eclipse.jetty.server.Server : jetty-9.4.4.v20170414
2018-05-31 18:08:27.294  INFO  org.eclipse.jetty.server.session : DefaultSessionIdManager workerName=node0
2018-05-31 18:08:27.294  INFO  org.eclipse.jetty.server.session : No SessionScavenger set, using defaults
2018-05-31 18:08:27.299  INFO  org.eclipse.jetty.server.session : Scavenging every 600000ms
2018-05-31 18:08:27.307  INFO  org.eclipse.jetty.server.handler.ContextHandler.application : Initializing Spring embedded WebApplicationContext
2018-05-31 18:08:27.307  INFO  org.springframework.web.context.ContextLoader : Root WebApplicationContext: initialization completed in 4164 ms
2018-05-31 18:08:27.547  INFO  org.springframework.boot.web.servlet.ServletRegistrationBean : Mapping servlet: 'dispatcherServlet' to [/]
2018-05-31 18:08:27.550  INFO  org.springframework.boot.web.servlet.FilterRegistrationBean : Mapping filter: 'characterEncodingFilter' to: [/*]
2018-05-31 18:08:27.551  INFO  org.springframework.boot.web.servlet.FilterRegistrationBean : Mapping filter: 'hiddenHttpMethodFilter' to: [/*]
2018-05-31 18:08:27.551  INFO  org.springframework.boot.web.servlet.FilterRegistrationBean : Mapping filter: 'httpPutFormContentFilter' to: [/*]
2018-05-31 18:08:27.552  INFO  org.springframework.boot.web.servlet.FilterRegistrationBean : Mapping filter: 'requestContextFilter' to: [/*]
2018-05-31 18:08:27.985  INFO  org.eclipse.jetty.server.handler.ContextHandler : Started o.s.b.c.e.j.JettyEmbeddedWebAppContext@58a765ce{/,[file:///C:/Users/Lenovo/AppData/Local/Temp/jetty-docbase.2465684602719539456.9004/, jar:file:/C:/Users/Lenovo/.m2/repository/io/springfox/springfox-swagger-ui/2.4.0/springfox-swagger-ui-2.4.0.jar!/META-INF/resources],AVAILABLE}
2018-05-31 18:08:27.985  INFO  org.eclipse.jetty.server.Server : Started @6847ms
2018-05-31 18:08:28.077  INFO  com.qiyou.common.redis.RedisClientPool : ****初始化Redis客户端****
2018-05-31 18:08:28.078  INFO  com.qiyou.common.redis.RedisClientPool : Redis服务器地址：127.0.0.1:6379
2018-05-31 18:08:29.616  INFO  org.springframework.web.servlet.mvc.method.annotation.RequestMappingHandlerMapping : Mapped "{[/hello],methods=[POST]}" onto public java.lang.String com.qiyou.controller.HelloWorldController.hello()
2018-05-31 18:08:29.618  INFO  org.springframework.web.servlet.mvc.method.annotation.RequestMappingHandlerMapping : Mapped "{[/getPeopleInfo],methods=[POST]}" onto public com.qiyou.basic.Result com.qiyou.controller.PeopleController.getPeopleInfo() throws java.lang.Exception
2018-05-31 18:08:29.618  INFO  org.springframework.web.servlet.mvc.method.annotation.RequestMappingHandlerMapping : Mapped "{[/peopleInsert],methods=[POST]}" onto public com.qiyou.basic.Result com.qiyou.controller.PeopleController.peopleInsert() throws java.lang.Exception
2018-05-31 18:08:29.619  INFO  org.springframework.web.servlet.mvc.method.annotation.RequestMappingHandlerMapping : Mapped "{[/peopleInsertXml],methods=[POST]}" onto public com.qiyou.basic.Result com.qiyou.controller.PeopleController.peopleInserXml(java.lang.String) throws java.lang.Exception
2018-05-31 18:08:29.620  INFO  org.springframework.web.servlet.mvc.method.annotation.RequestMappingHandlerMapping : Mapped "{[/showApi]}" onto public java.lang.String com.qiyou.controller.SwaggerController.showApi()
2018-05-31 18:08:29.622  INFO  org.springframework.web.servlet.mvc.method.annotation.RequestMappingHandlerMapping : Mapped "{[/v2/api-docs],methods=[GET],produces=[application/json || application/hal+json]}" onto public org.springframework.http.ResponseEntity<springfox.documentation.spring.web.json.Json> springfox.documentation.swagger2.web.Swagger2Controller.getDocumentation(java.lang.String,javax.servlet.http.HttpServletRequest)
2018-05-31 18:08:29.626  INFO  org.springframework.web.servlet.mvc.method.annotation.RequestMappingHandlerMapping : Mapped "{[/swagger-resources]}" onto org.springframework.http.ResponseEntity<java.util.List<springfox.documentation.swagger.web.SwaggerResource>> springfox.documentation.swagger.web.ApiResourceController.swaggerResources()
2018-05-31 18:08:29.628  INFO  org.springframework.web.servlet.mvc.method.annotation.RequestMappingHandlerMapping : Mapped "{[/configuration/ui]}" onto org.springframework.http.ResponseEntity<springfox.documentation.swagger.web.UiConfiguration> springfox.documentation.swagger.web.ApiResourceController.uiConfiguration()
2018-05-31 18:08:29.630  INFO  org.springframework.web.servlet.mvc.method.annotation.RequestMappingHandlerMapping : Mapped "{[/configuration/security]}" onto org.springframework.http.ResponseEntity<springfox.documentation.swagger.web.SecurityConfiguration> springfox.documentation.swagger.web.ApiResourceController.securityConfiguration()
2018-05-31 18:08:29.635  INFO  org.springframework.web.servlet.mvc.method.annotation.RequestMappingHandlerMapping : Mapped "{[/error]}" onto public org.springframework.http.ResponseEntity<java.util.Map<java.lang.String, java.lang.Object>> org.springframework.boot.autoconfigure.web.BasicErrorController.error(javax.servlet.http.HttpServletRequest)
2018-05-31 18:08:29.636  INFO  org.springframework.web.servlet.mvc.method.annotation.RequestMappingHandlerMapping : Mapped "{[/error],produces=[text/html]}" onto public org.springframework.web.servlet.ModelAndView org.springframework.boot.autoconfigure.web.BasicErrorController.errorHtml(javax.servlet.http.HttpServletRequest,javax.servlet.http.HttpServletResponse)
2018-05-31 18:08:30.605  INFO  org.springframework.web.servlet.mvc.method.annotation.RequestMappingHandlerAdapter : Looking for @ControllerAdvice: org.springframework.boot.context.embedded.AnnotationConfigEmbeddedWebApplicationContext@5d43661b: startup date [Thu May 31 18:08:23 CST 2018]; root of context hierarchy
2018-05-31 18:08:30.756  INFO  org.springframework.web.servlet.handler.SimpleUrlHandlerMapping : Mapped URL path [/webjars/**] onto handler of type [class org.springframework.web.servlet.resource.ResourceHttpRequestHandler]
2018-05-31 18:08:30.757  INFO  org.springframework.web.servlet.handler.SimpleUrlHandlerMapping : Mapped URL path [/**] onto handler of type [class org.springframework.web.servlet.resource.ResourceHttpRequestHandler]
2018-05-31 18:08:30.794  INFO  org.springframework.web.servlet.mvc.method.annotation.ExceptionHandlerExceptionResolver : Detected @ExceptionHandler methods in commonAdvice
2018-05-31 18:08:30.843  INFO  org.springframework.web.servlet.handler.SimpleUrlHandlerMapping : Mapped URL path [/**/favicon.ico] onto handler of type [class org.springframework.web.servlet.resource.ResourceHttpRequestHandler]
2018-05-31 18:08:31.904  INFO  org.springframework.jmx.export.annotation.AnnotationMBeanExporter : Registering beans for JMX exposure on startup
2018-05-31 18:08:31.923  INFO  springfox.documentation.spring.web.plugins.DocumentationPluginsBootstrapper : Context refreshed
2018-05-31 18:08:31.963  INFO  springfox.documentation.spring.web.plugins.DocumentationPluginsBootstrapper : Found 1 custom documentation plugin(s)
2018-05-31 18:08:31.977  INFO  springfox.documentation.spring.web.scanners.ApiListingReferenceScanner : Scanning for api listing references
2018-05-31 18:08:32.233  INFO  org.eclipse.jetty.server.handler.ContextHandler.application : Initializing Spring FrameworkServlet 'dispatcherServlet'
2018-05-31 18:08:32.234  INFO  org.springframework.web.servlet.DispatcherServlet : FrameworkServlet 'dispatcherServlet': initialization started
2018-05-31 18:08:32.258  INFO  org.springframework.web.servlet.DispatcherServlet : FrameworkServlet 'dispatcherServlet': initialization completed in 24 ms
2018-05-31 18:08:32.283  INFO  org.eclipse.jetty.server.AbstractConnector : Started ServerConnector@40013051{HTTP/1.1,[http/1.1]}{0.0.0.0:9004}
2018-05-31 18:08:32.283  INFO  org.springframework.boot.context.embedded.jetty.JettyEmbeddedServletContainer : Jetty started on port(s) 9004 (http/1.1)
2018-05-31 18:08:32.294  INFO  com.qiyou.SpringBootAdminApplication : Started SpringBootAdminApplication in 9.764 seconds (JVM running for 11.155)
2018-05-31 18:09:54.081  INFO  com.qiyou.SpringBootAdminApplication : Starting SpringBootAdminApplication on DESKTOP-TEAMV03 with PID 4708 (E:\project\springboot\target\classes started by Lenovo in E:\project\springboot)
2018-05-31 18:09:54.085  DEBUG com.qiyou.SpringBootAdminApplication : Running with Spring Boot v1.5.3.RELEASE, Spring v4.3.8.RELEASE
2018-05-31 18:09:54.085  INFO  com.qiyou.SpringBootAdminApplication : No active profile set, falling back to default profiles: default
2018-05-31 18:09:54.162  INFO  org.springframework.boot.context.embedded.AnnotationConfigEmbeddedWebApplicationContext : Refreshing org.springframework.boot.context.embedded.AnnotationConfigEmbeddedWebApplicationContext@1677d1: startup date [Thu May 31 18:09:54 CST 2018]; root of context hierarchy
2018-05-31 18:09:54.417  INFO  org.hibernate.validator.internal.util.Version : HV000001: Hibernate Validator 5.3.5.Final
2018-05-31 18:09:56.173  WARN  org.mybatis.spring.mapper.ClassPathMapperScanner : No MyBatis mapper was found in '[com.qiyou]' package. Please check your configuration.
2018-05-31 18:09:56.230  INFO  org.springframework.data.repository.config.RepositoryConfigurationDelegate : Multiple Spring Data modules found, entering strict repository configuration mode!
2018-05-31 18:09:56.512  WARN  org.springframework.context.annotation.ConfigurationClassPostProcessor : Cannot enhance @Configuration bean definition 'myBatisMapperScannerConfig' since its singleton instance has been created too early. The typical cause is a non-static @Bean method with a BeanDefinitionRegistryPostProcessor return type: Consider declaring such methods as 'static'.
2018-05-31 18:09:57.419  INFO  org.springframework.context.support.PostProcessorRegistrationDelegate$BeanPostProcessorChecker : Bean 'myBatisConfig' of type [com.qiyou.common.db.MyBatisConfig$$EnhancerBySpringCGLIB$$bf93f3cb] is not eligible for getting processed by all BeanPostProcessors (for example: not eligible for auto-proxying)
2018-05-31 18:09:57.486  INFO  com.mchange.v2.log.MLog : MLog clients using log4j logging.
2018-05-31 18:09:57.762  INFO  com.mchange.v2.c3p0.C3P0Registry : Initializing c3p0-0.9.1.2 [built 21-May-2007 15:04:56; debug? true; trace: 10]
2018-05-31 18:09:57.835  INFO  org.springframework.context.support.PostProcessorRegistrationDelegate$BeanPostProcessorChecker : Bean 'dataSource1' of type [com.mchange.v2.c3p0.ComboPooledDataSource] is not eligible for getting processed by all BeanPostProcessors (for example: not eligible for auto-proxying)
2018-05-31 18:09:57.845  INFO  org.springframework.context.support.PostProcessorRegistrationDelegate$BeanPostProcessorChecker : Bean 'org.springframework.boot.autoconfigure.jdbc.DataSourceAutoConfiguration' of type [org.springframework.boot.autoconfigure.jdbc.DataSourceAutoConfiguration$$EnhancerBySpringCGLIB$$bdaed7f2] is not eligible for getting processed by all BeanPostProcessors (for example: not eligible for auto-proxying)
2018-05-31 18:09:57.887  INFO  org.springframework.context.support.PostProcessorRegistrationDelegate$BeanPostProcessorChecker : Bean 'spring.datasource-org.springframework.boot.autoconfigure.jdbc.DataSourceProperties' of type [org.springframework.boot.autoconfigure.jdbc.DataSourceProperties] is not eligible for getting processed by all BeanPostProcessors (for example: not eligible for auto-proxying)
2018-05-31 18:09:57.902  INFO  org.springframework.context.support.PostProcessorRegistrationDelegate$BeanPostProcessorChecker : Bean 'dataSourceInitializer' of type [org.springframework.boot.autoconfigure.jdbc.DataSourceInitializer] is not eligible for getting processed by all BeanPostProcessors (for example: not eligible for auto-proxying)
2018-05-31 18:09:57.910  INFO  org.springframework.context.support.PostProcessorRegistrationDelegate$BeanPostProcessorChecker : Bean 'annotationDrivenTransactionManager' of type [org.springframework.jdbc.datasource.DataSourceTransactionManager] is not eligible for getting processed by all BeanPostProcessors (for example: not eligible for auto-proxying)
2018-05-31 18:09:57.912  INFO  org.springframework.context.support.PostProcessorRegistrationDelegate$BeanPostProcessorChecker : Bean 'org.springframework.transaction.annotation.ProxyTransactionManagementConfiguration' of type [org.springframework.transaction.annotation.ProxyTransactionManagementConfiguration$$EnhancerBySpringCGLIB$$dbbb3492] is not eligible for getting processed by all BeanPostProcessors (for example: not eligible for auto-proxying)
2018-05-31 18:09:58.250  INFO  org.eclipse.jetty.util.log : Logging initialized @5462ms to org.eclipse.jetty.util.log.Slf4jLog
2018-05-31 18:09:58.383  INFO  org.springframework.boot.context.embedded.jetty.JettyEmbeddedServletContainerFactory : Server initialized with port: 9004
2018-05-31 18:09:58.385  INFO  org.eclipse.jetty.server.Server : jetty-9.4.4.v20170414
2018-05-31 18:09:58.549  INFO  org.eclipse.jetty.server.session : DefaultSessionIdManager workerName=node0
2018-05-31 18:09:58.549  INFO  org.eclipse.jetty.server.session : No SessionScavenger set, using defaults
2018-05-31 18:09:58.553  INFO  org.eclipse.jetty.server.session : Scavenging every 600000ms
2018-05-31 18:09:58.561  INFO  org.eclipse.jetty.server.handler.ContextHandler.application : Initializing Spring embedded WebApplicationContext
2018-05-31 18:09:58.561  INFO  org.springframework.web.context.ContextLoader : Root WebApplicationContext: initialization completed in 4399 ms
2018-05-31 18:09:58.769  INFO  org.springframework.boot.web.servlet.ServletRegistrationBean : Mapping servlet: 'dispatcherServlet' to [/]
2018-05-31 18:09:58.772  INFO  org.springframework.boot.web.servlet.FilterRegistrationBean : Mapping filter: 'characterEncodingFilter' to: [/*]
2018-05-31 18:09:58.772  INFO  org.springframework.boot.web.servlet.FilterRegistrationBean : Mapping filter: 'hiddenHttpMethodFilter' to: [/*]
2018-05-31 18:09:58.773  INFO  org.springframework.boot.web.servlet.FilterRegistrationBean : Mapping filter: 'httpPutFormContentFilter' to: [/*]
2018-05-31 18:09:58.773  INFO  org.springframework.boot.web.servlet.FilterRegistrationBean : Mapping filter: 'requestContextFilter' to: [/*]
2018-05-31 18:09:59.187  INFO  org.eclipse.jetty.server.handler.ContextHandler : Started o.s.b.c.e.j.JettyEmbeddedWebAppContext@2b03d52f{/,[file:///C:/Users/Lenovo/AppData/Local/Temp/jetty-docbase.7095175518102417861.9004/, jar:file:/C:/Users/Lenovo/.m2/repository/io/springfox/springfox-swagger-ui/2.4.0/springfox-swagger-ui-2.4.0.jar!/META-INF/resources],AVAILABLE}
2018-05-31 18:09:59.188  INFO  org.eclipse.jetty.server.Server : Started @6400ms
2018-05-31 18:09:59.266  INFO  com.qiyou.common.redis.RedisClientPool : ****初始化Redis客户端****
2018-05-31 18:09:59.266  INFO  com.qiyou.common.redis.RedisClientPool : Redis服务器地址：127.0.0.1:6379
2018-05-31 18:10:00.442  INFO  org.springframework.web.servlet.mvc.method.annotation.RequestMappingHandlerMapping : Mapped "{[/hello],methods=[POST]}" onto public java.lang.String com.qiyou.controller.HelloWorldController.hello()
2018-05-31 18:10:00.448  INFO  org.springframework.web.servlet.mvc.method.annotation.RequestMappingHandlerMapping : Mapped "{[/getPeopleInfo],methods=[POST]}" onto public com.qiyou.basic.Result com.qiyou.controller.PeopleController.getPeopleInfo() throws java.lang.Exception
2018-05-31 18:10:00.449  INFO  org.springframework.web.servlet.mvc.method.annotation.RequestMappingHandlerMapping : Mapped "{[/peopleInsert],methods=[POST]}" onto public com.qiyou.basic.Result com.qiyou.controller.PeopleController.peopleInsert() throws java.lang.Exception
2018-05-31 18:10:00.450  INFO  org.springframework.web.servlet.mvc.method.annotation.RequestMappingHandlerMapping : Mapped "{[/peopleInsertXml],methods=[POST]}" onto public com.qiyou.basic.Result com.qiyou.controller.PeopleController.peopleInserXml(java.lang.String) throws java.lang.Exception
2018-05-31 18:10:00.450  INFO  org.springframework.web.servlet.mvc.method.annotation.RequestMappingHandlerMapping : Mapped "{[/showApi]}" onto public java.lang.String com.qiyou.controller.SwaggerController.showApi()
2018-05-31 18:10:00.452  INFO  org.springframework.web.servlet.mvc.method.annotation.RequestMappingHandlerMapping : Mapped "{[/v2/api-docs],methods=[GET],produces=[application/json || application/hal+json]}" onto public org.springframework.http.ResponseEntity<springfox.documentation.spring.web.json.Json> springfox.documentation.swagger2.web.Swagger2Controller.getDocumentation(java.lang.String,javax.servlet.http.HttpServletRequest)
2018-05-31 18:10:00.455  INFO  org.springframework.web.servlet.mvc.method.annotation.RequestMappingHandlerMapping : Mapped "{[/configuration/security]}" onto org.springframework.http.ResponseEntity<springfox.documentation.swagger.web.SecurityConfiguration> springfox.documentation.swagger.web.ApiResourceController.securityConfiguration()
2018-05-31 18:10:00.457  INFO  org.springframework.web.servlet.mvc.method.annotation.RequestMappingHandlerMapping : Mapped "{[/configuration/ui]}" onto org.springframework.http.ResponseEntity<springfox.documentation.swagger.web.UiConfiguration> springfox.documentation.swagger.web.ApiResourceController.uiConfiguration()
2018-05-31 18:10:00.458  INFO  org.springframework.web.servlet.mvc.method.annotation.RequestMappingHandlerMapping : Mapped "{[/swagger-resources]}" onto org.springframework.http.ResponseEntity<java.util.List<springfox.documentation.swagger.web.SwaggerResource>> springfox.documentation.swagger.web.ApiResourceController.swaggerResources()
2018-05-31 18:10:00.463  INFO  org.springframework.web.servlet.mvc.method.annotation.RequestMappingHandlerMapping : Mapped "{[/error]}" onto public org.springframework.http.ResponseEntity<java.util.Map<java.lang.String, java.lang.Object>> org.springframework.boot.autoconfigure.web.BasicErrorController.error(javax.servlet.http.HttpServletRequest)
2018-05-31 18:10:00.464  INFO  org.springframework.web.servlet.mvc.method.annotation.RequestMappingHandlerMapping : Mapped "{[/error],produces=[text/html]}" onto public org.springframework.web.servlet.ModelAndView org.springframework.boot.autoconfigure.web.BasicErrorController.errorHtml(javax.servlet.http.HttpServletRequest,javax.servlet.http.HttpServletResponse)
2018-05-31 18:10:00.801  INFO  org.springframework.web.servlet.mvc.method.annotation.RequestMappingHandlerAdapter : Looking for @ControllerAdvice: org.springframework.boot.context.embedded.AnnotationConfigEmbeddedWebApplicationContext@1677d1: startup date [Thu May 31 18:09:54 CST 2018]; root of context hierarchy
2018-05-31 18:10:00.891  INFO  org.springframework.web.servlet.handler.SimpleUrlHandlerMapping : Mapped URL path [/webjars/**] onto handler of type [class org.springframework.web.servlet.resource.ResourceHttpRequestHandler]
2018-05-31 18:10:00.891  INFO  org.springframework.web.servlet.handler.SimpleUrlHandlerMapping : Mapped URL path [/**] onto handler of type [class org.springframework.web.servlet.resource.ResourceHttpRequestHandler]
2018-05-31 18:10:00.918  INFO  org.springframework.web.servlet.mvc.method.annotation.ExceptionHandlerExceptionResolver : Detected @ExceptionHandler methods in commonAdvice
2018-05-31 18:10:00.957  INFO  org.springframework.web.servlet.handler.SimpleUrlHandlerMapping : Mapped URL path [/**/favicon.ico] onto handler of type [class org.springframework.web.servlet.resource.ResourceHttpRequestHandler]
2018-05-31 18:10:01.609  INFO  org.springframework.jmx.export.annotation.AnnotationMBeanExporter : Registering beans for JMX exposure on startup
2018-05-31 18:10:01.625  INFO  springfox.documentation.spring.web.plugins.DocumentationPluginsBootstrapper : Context refreshed
2018-05-31 18:10:01.659  INFO  springfox.documentation.spring.web.plugins.DocumentationPluginsBootstrapper : Found 1 custom documentation plugin(s)
2018-05-31 18:10:01.669  INFO  springfox.documentation.spring.web.scanners.ApiListingReferenceScanner : Scanning for api listing references
2018-05-31 18:10:01.897  INFO  org.eclipse.jetty.server.handler.ContextHandler.application : Initializing Spring FrameworkServlet 'dispatcherServlet'
2018-05-31 18:10:01.897  INFO  org.springframework.web.servlet.DispatcherServlet : FrameworkServlet 'dispatcherServlet': initialization started
2018-05-31 18:10:01.917  INFO  org.springframework.web.servlet.DispatcherServlet : FrameworkServlet 'dispatcherServlet': initialization completed in 19 ms
2018-05-31 18:10:01.935  INFO  org.eclipse.jetty.server.AbstractConnector : Started ServerConnector@5f7cc828{HTTP/1.1,[http/1.1]}{0.0.0.0:9004}
2018-05-31 18:10:01.936  INFO  org.springframework.boot.context.embedded.jetty.JettyEmbeddedServletContainer : Jetty started on port(s) 9004 (http/1.1)
2018-05-31 18:10:01.944  INFO  com.qiyou.SpringBootAdminApplication : Started SpringBootAdminApplication in 8.237 seconds (JVM running for 9.157)
