2018-06-09 11:35:05.935  INFO  com.qiyou.SpringBootAdminApplication : Starting SpringBootAdminApplication on DESKTOP-TEAMV03 with PID 14784 (E:\project\springboot\target\classes started by Lenovo in E:\project\springboot)
2018-06-09 11:35:05.948  DEBUG com.qiyou.SpringBootAdminApplication : Running with Spring Boot v1.5.3.RELEASE, Spring v4.3.8.RELEASE
2018-06-09 11:35:05.949  INFO  com.qiyou.SpringBootAdminApplication : No active profile set, falling back to default profiles: default
2018-06-09 11:35:06.144  INFO  org.springframework.boot.context.embedded.AnnotationConfigEmbeddedWebApplicationContext : Refreshing org.springframework.boot.context.embedded.AnnotationConfigEmbeddedWebApplicationContext@6f96c77: startup date [Sat Jun 09 11:35:06 CST 2018]; root of context hierarchy
2018-06-09 11:35:06.950  INFO  org.hibernate.validator.internal.util.Version : HV000001: Hibernate Validator 5.3.5.Final
2018-06-09 11:35:09.259  WARN  org.mybatis.spring.mapper.ClassPathMapperScanner : No MyBatis mapper was found in '[com.qiyou]' package. Please check your configuration.
2018-06-09 11:35:09.347  INFO  org.springframework.data.repository.config.RepositoryConfigurationDelegate : Multiple Spring Data modules found, entering strict repository configuration mode!
2018-06-09 11:35:09.532  INFO  org.springframework.integration.config.IntegrationRegistrar : No bean named 'integrationHeaderChannelRegistry' has been explicitly defined. Therefore, a default DefaultHeaderChannelRegistry will be created.
2018-06-09 11:35:09.765  WARN  org.springframework.context.annotation.ConfigurationClassPostProcessor : Cannot enhance @Configuration bean definition 'myBatisMapperScannerConfig' since its singleton instance has been created too early. The typical cause is a non-static @Bean method with a BeanDefinitionRegistryPostProcessor return type: Consider declaring such methods as 'static'.
2018-06-09 11:35:10.235  INFO  org.springframework.integration.config.DefaultConfiguringBeanFactoryPostProcessor : No bean named 'errorChannel' has been explicitly defined. Therefore, a default PublishSubscribeChannel will be created.
2018-06-09 11:35:10.247  INFO  org.springframework.integration.config.DefaultConfiguringBeanFactoryPostProcessor : No bean named 'taskScheduler' has been explicitly defined. Therefore, a default ThreadPoolTaskScheduler will be created.
2018-06-09 11:35:10.285  INFO  org.springframework.beans.factory.annotation.AutowiredAnnotationBeanPostProcessor : JSR-330 'javax.inject.Inject' annotation found and supported for autowiring
2018-06-09 11:35:10.324  INFO  org.springframework.context.support.PostProcessorRegistrationDelegate$BeanPostProcessorChecker : Bean 'shiroConfig' of type [com.qiyou.common.config.ShiroConfig$$EnhancerBySpringCGLIB$$c5bbf0d1] is not eligible for getting processed by all BeanPostProcessors (for example: not eligible for auto-proxying)
2018-06-09 11:35:10.537  INFO  org.apache.shiro.realm.AuthorizingRealm : No cache or cacheManager properties have been set.  Authorization cache cannot be obtained.
2018-06-09 11:35:10.538  INFO  org.springframework.context.support.PostProcessorRegistrationDelegate$BeanPostProcessorChecker : Bean 'shiroRealm' of type [com.qiyou.shiro.shiro.ShiroDbRealm] is not eligible for getting processed by all BeanPostProcessors (for example: not eligible for auto-proxying)
2018-06-09 11:35:10.563  INFO  org.springframework.context.support.PostProcessorRegistrationDelegate$BeanPostProcessorChecker : Bean 'org.springframework.boot.autoconfigure.data.redis.RedisAutoConfiguration$RedisConfiguration' of type [org.springframework.boot.autoconfigure.data.redis.RedisAutoConfiguration$RedisConfiguration$$EnhancerBySpringCGLIB$$a48e9223] is not eligible for getting processed by all BeanPostProcessors (for example: not eligible for auto-proxying)
2018-06-09 11:35:10.826  INFO  org.springframework.context.support.PostProcessorRegistrationDelegate$BeanPostProcessorChecker : Bean 'spring.redis-org.springframework.boot.autoconfigure.data.redis.RedisProperties' of type [org.springframework.boot.autoconfigure.data.redis.RedisProperties] is not eligible for getting processed by all BeanPostProcessors (for example: not eligible for auto-proxying)
2018-06-09 11:35:10.844  INFO  org.springframework.context.support.PostProcessorRegistrationDelegate$BeanPostProcessorChecker : Bean 'org.springframework.boot.autoconfigure.data.redis.RedisAutoConfiguration$RedisConnectionConfiguration' of type [org.springframework.boot.autoconfigure.data.redis.RedisAutoConfiguration$RedisConnectionConfiguration$$EnhancerBySpringCGLIB$$f2e633a5] is not eligible for getting processed by all BeanPostProcessors (for example: not eligible for auto-proxying)
2018-06-09 11:35:11.220  INFO  org.springframework.context.support.PostProcessorRegistrationDelegate$BeanPostProcessorChecker : Bean 'redisConnectionFactory' of type [org.springframework.data.redis.connection.jedis.JedisConnectionFactory] is not eligible for getting processed by all BeanPostProcessors (for example: not eligible for auto-proxying)
2018-06-09 11:35:11.274  INFO  org.springframework.context.support.PostProcessorRegistrationDelegate$BeanPostProcessorChecker : Bean 'redisTemplate' of type [org.springframework.data.redis.core.RedisTemplate] is not eligible for getting processed by all BeanPostProcessors (for example: not eligible for auto-proxying)
2018-06-09 11:35:11.275  INFO  org.springframework.context.support.PostProcessorRegistrationDelegate$BeanPostProcessorChecker : Bean 'shiroRedisCacheManager' of type [com.qiyou.shiro.redis.RedisCacheManager] is not eligible for getting processed by all BeanPostProcessors (for example: not eligible for auto-proxying)
2018-06-09 11:35:11.327  INFO  org.springframework.context.support.PostProcessorRegistrationDelegate$BeanPostProcessorChecker : Bean 'enterpriseSessionDao' of type [org.apache.shiro.session.mgt.eis.EnterpriseCacheSessionDAO] is not eligible for getting processed by all BeanPostProcessors (for example: not eligible for auto-proxying)
2018-06-09 11:35:11.341  INFO  org.springframework.context.support.PostProcessorRegistrationDelegate$BeanPostProcessorChecker : Bean 'sessionManager' of type [com.qiyou.shiro.shiro.NioDefaultWebSessionManager] is not eligible for getting processed by all BeanPostProcessors (for example: not eligible for auto-proxying)
2018-06-09 11:35:11.354  INFO  org.springframework.context.support.PostProcessorRegistrationDelegate$BeanPostProcessorChecker : Bean 'securityManager' of type [org.apache.shiro.web.mgt.DefaultWebSecurityManager] is not eligible for getting processed by all BeanPostProcessors (for example: not eligible for auto-proxying)
2018-06-09 11:35:11.375  INFO  org.springframework.context.support.PostProcessorRegistrationDelegate$BeanPostProcessorChecker : Bean 'customFormAuthenticationFilter' of type [com.qiyou.shiro.shiro.CustomFormAuthenticationFilter] is not eligible for getting processed by all BeanPostProcessors (for example: not eligible for auto-proxying)
2018-06-09 11:35:11.468  INFO  org.springframework.context.support.PostProcessorRegistrationDelegate$BeanPostProcessorChecker : Bean 'getAuthorizationAttributeSourceAdvisor' of type [org.apache.shiro.spring.security.interceptor.AuthorizationAttributeSourceAdvisor] is not eligible for getting processed by all BeanPostProcessors (for example: not eligible for auto-proxying)
2018-06-09 11:35:11.590  INFO  org.springframework.context.support.PostProcessorRegistrationDelegate$BeanPostProcessorChecker : Bean 'org.springframework.cache.annotation.ProxyCachingConfiguration' of type [org.springframework.cache.annotation.ProxyCachingConfiguration$$EnhancerBySpringCGLIB$$a7fe42b4] is not eligible for getting processed by all BeanPostProcessors (for example: not eligible for auto-proxying)
2018-06-09 11:35:15.193  INFO  org.springframework.context.support.PostProcessorRegistrationDelegate$BeanPostProcessorChecker : Bean 'org.springframework.boot.autoconfigure.cache.CacheAutoConfiguration' of type [org.springframework.boot.autoconfigure.cache.CacheAutoConfiguration$$EnhancerBySpringCGLIB$$9c720758] is not eligible for getting processed by all BeanPostProcessors (for example: not eligible for auto-proxying)
2018-06-09 11:35:15.233  INFO  org.springframework.context.support.PostProcessorRegistrationDelegate$BeanPostProcessorChecker : Bean 'spring.cache-org.springframework.boot.autoconfigure.cache.CacheProperties' of type [org.springframework.boot.autoconfigure.cache.CacheProperties] is not eligible for getting processed by all BeanPostProcessors (for example: not eligible for auto-proxying)
2018-06-09 11:35:15.251  INFO  org.springframework.context.support.PostProcessorRegistrationDelegate$BeanPostProcessorChecker : Bean 'cacheManagerCustomizers' of type [org.springframework.boot.autoconfigure.cache.CacheManagerCustomizers] is not eligible for getting processed by all BeanPostProcessors (for example: not eligible for auto-proxying)
2018-06-09 11:35:15.260  INFO  org.springframework.context.support.PostProcessorRegistrationDelegate$BeanPostProcessorChecker : Bean 'org.springframework.boot.autoconfigure.cache.EhCacheCacheConfiguration' of type [org.springframework.boot.autoconfigure.cache.EhCacheCacheConfiguration$$EnhancerBySpringCGLIB$$3710d456] is not eligible for getting processed by all BeanPostProcessors (for example: not eligible for auto-proxying)
2018-06-09 11:35:16.262  INFO  org.springframework.context.support.PostProcessorRegistrationDelegate$BeanPostProcessorChecker : Bean 'ehCacheCacheManager' of type [net.sf.ehcache.CacheManager] is not eligible for getting processed by all BeanPostProcessors (for example: not eligible for auto-proxying)
2018-06-09 11:35:16.290  INFO  org.springframework.context.support.PostProcessorRegistrationDelegate$BeanPostProcessorChecker : Bean 'cacheManager' of type [org.springframework.cache.ehcache.EhCacheCacheManager] is not eligible for getting processed by all BeanPostProcessors (for example: not eligible for auto-proxying)
2018-06-09 11:35:16.303  INFO  org.springframework.context.support.PostProcessorRegistrationDelegate$BeanPostProcessorChecker : Bean 'cacheAutoConfigurationValidator' of type [org.springframework.boot.autoconfigure.cache.CacheAutoConfiguration$CacheManagerValidator] is not eligible for getting processed by all BeanPostProcessors (for example: not eligible for auto-proxying)
2018-06-09 11:35:16.353  INFO  org.springframework.context.support.PostProcessorRegistrationDelegate$BeanPostProcessorChecker : Bean 'myBatisConfig' of type [com.qiyou.common.db.MyBatisConfig$$EnhancerBySpringCGLIB$$42c4cbcf] is not eligible for getting processed by all BeanPostProcessors (for example: not eligible for auto-proxying)
2018-06-09 11:35:16.475  INFO  com.mchange.v2.log.MLog : MLog clients using log4j logging.
2018-06-09 11:35:16.538  INFO  com.mchange.v2.c3p0.C3P0Registry : Initializing c3p0-0.9.1.2 [built 21-May-2007 15:04:56; debug? true; trace: 10]
2018-06-09 11:35:16.625  INFO  org.springframework.context.support.PostProcessorRegistrationDelegate$BeanPostProcessorChecker : Bean 'dataSource1' of type [com.mchange.v2.c3p0.ComboPooledDataSource] is not eligible for getting processed by all BeanPostProcessors (for example: not eligible for auto-proxying)
2018-06-09 11:35:16.816  INFO  org.springframework.context.support.PostProcessorRegistrationDelegate$BeanPostProcessorChecker : Bean 'org.springframework.boot.autoconfigure.jdbc.DataSourceAutoConfiguration' of type [org.springframework.boot.autoconfigure.jdbc.DataSourceAutoConfiguration$$EnhancerBySpringCGLIB$$40dfaff6] is not eligible for getting processed by all BeanPostProcessors (for example: not eligible for auto-proxying)
2018-06-09 11:35:16.867  INFO  org.springframework.context.support.PostProcessorRegistrationDelegate$BeanPostProcessorChecker : Bean 'spring.datasource-org.springframework.boot.autoconfigure.jdbc.DataSourceProperties' of type [org.springframework.boot.autoconfigure.jdbc.DataSourceProperties] is not eligible for getting processed by all BeanPostProcessors (for example: not eligible for auto-proxying)
2018-06-09 11:35:17.034  INFO  org.springframework.context.support.PostProcessorRegistrationDelegate$BeanPostProcessorChecker : Bean 'dataSourceInitializer' of type [org.springframework.boot.autoconfigure.jdbc.DataSourceInitializer] is not eligible for getting processed by all BeanPostProcessors (for example: not eligible for auto-proxying)
2018-06-09 11:35:17.051  INFO  org.springframework.context.support.PostProcessorRegistrationDelegate$BeanPostProcessorChecker : Bean 'annotationDrivenTransactionManager' of type [org.springframework.jdbc.datasource.DataSourceTransactionManager] is not eligible for getting processed by all BeanPostProcessors (for example: not eligible for auto-proxying)
2018-06-09 11:35:17.062  INFO  org.springframework.context.support.PostProcessorRegistrationDelegate$BeanPostProcessorChecker : Bean 'org.springframework.transaction.annotation.ProxyTransactionManagementConfiguration' of type [org.springframework.transaction.annotation.ProxyTransactionManagementConfiguration$$EnhancerBySpringCGLIB$$5eec0c96] is not eligible for getting processed by all BeanPostProcessors (for example: not eligible for auto-proxying)
2018-06-09 11:35:17.221  INFO  org.springframework.context.support.PostProcessorRegistrationDelegate$BeanPostProcessorChecker : Bean 'integrationGlobalProperties' of type [org.springframework.beans.factory.config.PropertiesFactoryBean] is not eligible for getting processed by all BeanPostProcessors (for example: not eligible for auto-proxying)
2018-06-09 11:35:17.229  INFO  org.springframework.context.support.PostProcessorRegistrationDelegate$BeanPostProcessorChecker : Bean 'integrationGlobalProperties' of type [java.util.Properties] is not eligible for getting processed by all BeanPostProcessors (for example: not eligible for auto-proxying)
2018-06-09 11:35:17.865  INFO  org.eclipse.jetty.util.log : Logging initialized @14781ms to org.eclipse.jetty.util.log.Slf4jLog
2018-06-09 11:35:18.073  INFO  org.springframework.boot.context.embedded.jetty.JettyEmbeddedServletContainerFactory : Server initialized with port: 9004
2018-06-09 11:35:18.077  INFO  org.eclipse.jetty.server.Server : jetty-9.4.4.v20170414
2018-06-09 11:35:18.409  INFO  org.eclipse.jetty.server.session : DefaultSessionIdManager workerName=node0
2018-06-09 11:35:18.410  INFO  org.eclipse.jetty.server.session : No SessionScavenger set, using defaults
2018-06-09 11:35:18.412  INFO  org.eclipse.jetty.server.session : Scavenging every 600000ms
2018-06-09 11:35:18.444  INFO  org.eclipse.jetty.server.handler.ContextHandler.application : Initializing Spring embedded WebApplicationContext
2018-06-09 11:35:18.444  INFO  org.springframework.web.context.ContextLoader : Root WebApplicationContext: initialization completed in 12301 ms
2018-06-09 11:35:18.915  INFO  org.springframework.boot.web.servlet.FilterRegistrationBean : Mapping filter: 'characterEncodingFilter' to: [/*]
2018-06-09 11:35:18.915  INFO  org.springframework.boot.web.servlet.FilterRegistrationBean : Mapping filter: 'hiddenHttpMethodFilter' to: [/*]
2018-06-09 11:35:18.915  INFO  org.springframework.boot.web.servlet.FilterRegistrationBean : Mapping filter: 'httpPutFormContentFilter' to: [/*]
2018-06-09 11:35:18.915  INFO  org.springframework.boot.web.servlet.FilterRegistrationBean : Mapping filter: 'requestContextFilter' to: [/*]
2018-06-09 11:35:18.916  INFO  org.springframework.boot.web.servlet.FilterRegistrationBean : Mapping filter: 'xssFilter' to urls: [/*]
2018-06-09 11:35:18.916  INFO  org.springframework.boot.web.servlet.FilterRegistrationBean : Mapping filter: 'delegatingFilterProxy' to urls: [/*]
2018-06-09 11:35:18.917  INFO  org.springframework.boot.web.servlet.FilterRegistrationBean : Mapping filter: 'customFormAuthenticationFilter' to: [/*]
2018-06-09 11:35:18.917  INFO  org.springframework.boot.web.servlet.FilterRegistrationBean : Mapping filter: 'shiroFilter' to: [/*]
2018-06-09 11:35:18.917  INFO  org.springframework.boot.web.servlet.ServletRegistrationBean : Mapping servlet: 'dispatcherServlet' to [/]
2018-06-09 11:35:20.051  INFO  org.eclipse.jetty.server.handler.ContextHandler : Started o.s.b.c.e.j.JettyEmbeddedWebAppContext@53aa2fc9{/,[file:///C:/Users/Lenovo/AppData/Local/Temp/jetty-docbase.9200849187999092581.9004/, jar:file:/C:/Users/Lenovo/.m2/repository/io/springfox/springfox-swagger-ui/2.4.0/springfox-swagger-ui-2.4.0.jar!/META-INF/resources],AVAILABLE}
2018-06-09 11:35:20.051  INFO  org.eclipse.jetty.server.Server : Started @16968ms
2018-06-09 11:35:20.187  INFO  com.qiyou.common.redis.RedisClientPool : ****初始化Redis客户端****
2018-06-09 11:35:20.188  INFO  com.qiyou.common.redis.RedisClientPool : Redis服务器地址：127.0.0.1:6379
2018-06-09 11:35:23.045  INFO  org.springframework.web.servlet.mvc.method.annotation.RequestMappingHandlerMapping : Mapped "{[/hello],methods=[POST]}" onto public java.lang.String com.qiyou.controller.HelloWorldController.hello()
2018-06-09 11:35:23.047  INFO  org.springframework.web.servlet.mvc.method.annotation.RequestMappingHandlerMapping : Mapped "{[/jenkins],methods=[POST]}" onto public java.lang.String com.qiyou.controller.JenkinsController.JenkinsName()
2018-06-09 11:35:23.048  INFO  org.springframework.web.servlet.mvc.method.annotation.RequestMappingHandlerMapping : Mapped "{[/peopleInsert],methods=[POST]}" onto public com.qiyou.basic.Result com.qiyou.controller.PeopleController.peopleInsert() throws java.lang.Exception
2018-06-09 11:35:23.048  INFO  org.springframework.web.servlet.mvc.method.annotation.RequestMappingHandlerMapping : Mapped "{[/getPeopleInfo],methods=[POST]}" onto public com.qiyou.basic.Result com.qiyou.controller.PeopleController.getPeopleInfo() throws java.lang.Exception
2018-06-09 11:35:23.049  INFO  org.springframework.web.servlet.mvc.method.annotation.RequestMappingHandlerMapping : Mapped "{[/peopleInsertXml],methods=[POST]}" onto public com.qiyou.basic.Result com.qiyou.controller.PeopleController.peopleInserXml(java.lang.String) throws java.lang.Exception
2018-06-09 11:35:23.051  INFO  org.springframework.web.servlet.mvc.method.annotation.RequestMappingHandlerMapping : Mapped "{[/getPeopleInfoFromCache],methods=[POST]}" onto public com.qiyou.basic.Result com.qiyou.controller.PeopleController.getPeopleInfoFromCache() throws java.lang.Exception
2018-06-09 11:35:23.052  INFO  org.springframework.web.servlet.mvc.method.annotation.RequestMappingHandlerMapping : Mapped "{[/showApi]}" onto public java.lang.String com.qiyou.controller.SwaggerController.showApi()
2018-06-09 11:35:23.052  INFO  org.springframework.web.servlet.mvc.method.annotation.RequestMappingHandlerMapping : Mapped "{[/v2/api-docs],methods=[GET],produces=[application/json || application/hal+json]}" onto public org.springframework.http.ResponseEntity<springfox.documentation.spring.web.json.Json> springfox.documentation.swagger2.web.Swagger2Controller.getDocumentation(java.lang.String,javax.servlet.http.HttpServletRequest)
2018-06-09 11:35:23.055  INFO  org.springframework.web.servlet.mvc.method.annotation.RequestMappingHandlerMapping : Mapped "{[/configuration/security]}" onto org.springframework.http.ResponseEntity<springfox.documentation.swagger.web.SecurityConfiguration> springfox.documentation.swagger.web.ApiResourceController.securityConfiguration()
2018-06-09 11:35:23.056  INFO  org.springframework.web.servlet.mvc.method.annotation.RequestMappingHandlerMapping : Mapped "{[/swagger-resources]}" onto org.springframework.http.ResponseEntity<java.util.List<springfox.documentation.swagger.web.SwaggerResource>> springfox.documentation.swagger.web.ApiResourceController.swaggerResources()
2018-06-09 11:35:23.057  INFO  org.springframework.web.servlet.mvc.method.annotation.RequestMappingHandlerMapping : Mapped "{[/configuration/ui]}" onto org.springframework.http.ResponseEntity<springfox.documentation.swagger.web.UiConfiguration> springfox.documentation.swagger.web.ApiResourceController.uiConfiguration()
2018-06-09 11:35:23.061  INFO  org.springframework.web.servlet.mvc.method.annotation.RequestMappingHandlerMapping : Mapped "{[/error]}" onto public org.springframework.http.ResponseEntity<java.util.Map<java.lang.String, java.lang.Object>> org.springframework.boot.autoconfigure.web.BasicErrorController.error(javax.servlet.http.HttpServletRequest)
2018-06-09 11:35:23.062  INFO  org.springframework.web.servlet.mvc.method.annotation.RequestMappingHandlerMapping : Mapped "{[/error],produces=[text/html]}" onto public org.springframework.web.servlet.ModelAndView org.springframework.boot.autoconfigure.web.BasicErrorController.errorHtml(javax.servlet.http.HttpServletRequest,javax.servlet.http.HttpServletResponse)
2018-06-09 11:35:23.709  INFO  org.springframework.web.servlet.mvc.method.annotation.RequestMappingHandlerAdapter : Looking for @ControllerAdvice: org.springframework.boot.context.embedded.AnnotationConfigEmbeddedWebApplicationContext@6f96c77: startup date [Sat Jun 09 11:35:06 CST 2018]; root of context hierarchy
2018-06-09 11:35:24.020  INFO  org.springframework.web.servlet.handler.SimpleUrlHandlerMapping : Mapped URL path [/webjars/**] onto handler of type [class org.springframework.web.servlet.resource.ResourceHttpRequestHandler]
2018-06-09 11:35:24.021  INFO  org.springframework.web.servlet.handler.SimpleUrlHandlerMapping : Mapped URL path [/**] onto handler of type [class org.springframework.web.servlet.resource.ResourceHttpRequestHandler]
2018-06-09 11:35:24.073  INFO  org.springframework.web.servlet.mvc.method.annotation.ExceptionHandlerExceptionResolver : Detected @ExceptionHandler methods in globalExceptionHandler
2018-06-09 11:35:24.163  INFO  org.springframework.web.servlet.handler.SimpleUrlHandlerMapping : Mapped URL path [/**/favicon.ico] onto handler of type [class org.springframework.web.servlet.resource.ResourceHttpRequestHandler]
2018-06-09 11:35:25.495  INFO  org.springframework.ui.freemarker.SpringTemplateLoader : SpringTemplateLoader for FreeMarker: using resource loader [org.springframework.boot.context.embedded.AnnotationConfigEmbeddedWebApplicationContext@6f96c77: startup date [Sat Jun 09 11:35:06 CST 2018]; root of context hierarchy] and template loader path [classpath:/templates/]
2018-06-09 11:35:25.496  INFO  org.springframework.web.servlet.view.freemarker.FreeMarkerConfigurer : ClassTemplateLoader for Spring macros added to FreeMarker configuration
2018-06-09 11:35:25.580  WARN  org.springframework.boot.autoconfigure.freemarker.FreeMarkerAutoConfiguration : Cannot find template location(s): [classpath:/templates/] (please add some templates, check your FreeMarker configuration, or set spring.freemarker.checkTemplateLocation=false)
2018-06-09 11:35:25.696  INFO  org.springframework.scheduling.concurrent.ThreadPoolTaskScheduler : Initializing ExecutorService  'taskScheduler'
2018-06-09 11:35:26.387  INFO  org.springframework.jmx.export.annotation.AnnotationMBeanExporter : Registering beans for JMX exposure on startup
2018-06-09 11:35:26.433  INFO  org.springframework.context.support.DefaultLifecycleProcessor : Starting beans in phase 0
2018-06-09 11:35:26.433  INFO  org.springframework.integration.endpoint.EventDrivenConsumer : Adding {logging-channel-adapter:_org.springframework.integration.errorLogger} as a subscriber to the 'errorChannel' channel
2018-06-09 11:35:26.433  INFO  org.springframework.integration.channel.PublishSubscribeChannel : Channel 'application:9004.errorChannel' has 1 subscriber(s).
2018-06-09 11:35:26.433  INFO  org.springframework.integration.endpoint.EventDrivenConsumer : started _org.springframework.integration.errorLogger
2018-06-09 11:35:26.444  INFO  springfox.documentation.spring.web.plugins.DocumentationPluginsBootstrapper : Context refreshed
2018-06-09 11:35:26.608  INFO  springfox.documentation.spring.web.plugins.DocumentationPluginsBootstrapper : Found 1 custom documentation plugin(s)
2018-06-09 11:35:26.624  INFO  springfox.documentation.spring.web.scanners.ApiListingReferenceScanner : Scanning for api listing references
2018-06-09 11:35:26.863  DEBUG com.qiyou.common.filter.XssFilter : xss filter init ====================
2018-06-09 11:35:26.887  INFO  org.eclipse.jetty.server.handler.ContextHandler.application : Initializing Spring FrameworkServlet 'dispatcherServlet'
2018-06-09 11:35:26.887  INFO  org.springframework.web.servlet.DispatcherServlet : FrameworkServlet 'dispatcherServlet': initialization started
2018-06-09 11:35:26.911  INFO  org.springframework.web.servlet.DispatcherServlet : FrameworkServlet 'dispatcherServlet': initialization completed in 23 ms
2018-06-09 11:35:26.996  INFO  org.eclipse.jetty.server.AbstractConnector : Started ServerConnector@7ee64b53{HTTP/1.1,[http/1.1]}{0.0.0.0:9004}
2018-06-09 11:35:26.997  INFO  org.springframework.boot.context.embedded.jetty.JettyEmbeddedServletContainer : Jetty started on port(s) 9004 (http/1.1)
2018-06-09 11:35:27.018  INFO  com.qiyou.SpringBootAdminApplication : Started SpringBootAdminApplication in 22.07 seconds (JVM running for 23.935)
