2018-06-14 15:19:09.478  INFO  com.qiyou.SpringBootAdminApplication : Starting SpringBootAdminApplication on DESKTOP-TEAMV03 with PID 6688 (E:\project\springboot\target\classes started by Lenovo in E:\project\springboot)
2018-06-14 15:19:09.719  DEBUG com.qiyou.SpringBootAdminApplication : Running with Spring Boot v1.5.3.RELEASE, Spring v4.3.8.RELEASE
2018-06-14 15:19:09.721  INFO  com.qiyou.SpringBootAdminApplication : No active profile set, falling back to default profiles: default
2018-06-14 15:19:09.951  INFO  org.springframework.boot.context.embedded.AnnotationConfigEmbeddedWebApplicationContext : Refreshing org.springframework.boot.context.embedded.AnnotationConfigEmbeddedWebApplicationContext@6f96c77: startup date [Thu Jun 14 15:19:09 CST 2018]; root of context hierarchy
2018-06-14 15:19:10.466  INFO  org.hibernate.validator.internal.util.Version : HV000001: Hibernate Validator 5.3.5.Final
2018-06-14 15:19:12.408  WARN  org.mybatis.spring.mapper.ClassPathMapperScanner : No MyBatis mapper was found in '[com.qiyou]' package. Please check your configuration.
2018-06-14 15:19:12.529  INFO  org.springframework.data.repository.config.RepositoryConfigurationDelegate : Multiple Spring Data modules found, entering strict repository configuration mode!
2018-06-14 15:19:12.764  INFO  org.springframework.integration.config.IntegrationRegistrar : No bean named 'integrationHeaderChannelRegistry' has been explicitly defined. Therefore, a default DefaultHeaderChannelRegistry will be created.
2018-06-14 15:19:12.996  WARN  org.springframework.context.annotation.ConfigurationClassPostProcessor : Cannot enhance @Configuration bean definition 'myBatisMapperScannerConfig' since its singleton instance has been created too early. The typical cause is a non-static @Bean method with a BeanDefinitionRegistryPostProcessor return type: Consider declaring such methods as 'static'.
2018-06-14 15:19:13.381  INFO  org.springframework.integration.config.DefaultConfiguringBeanFactoryPostProcessor : No bean named 'errorChannel' has been explicitly defined. Therefore, a default PublishSubscribeChannel will be created.
2018-06-14 15:19:13.391  INFO  org.springframework.integration.config.DefaultConfiguringBeanFactoryPostProcessor : No bean named 'taskScheduler' has been explicitly defined. Therefore, a default ThreadPoolTaskScheduler will be created.
2018-06-14 15:19:13.417  INFO  org.springframework.beans.factory.annotation.AutowiredAnnotationBeanPostProcessor : JSR-330 'javax.inject.Inject' annotation found and supported for autowiring
2018-06-14 15:19:13.484  INFO  org.springframework.context.support.PostProcessorRegistrationDelegate$BeanPostProcessorChecker : Bean 'shiroConfig' of type [com.qiyou.common.config.ShiroConfig$$EnhancerBySpringCGLIB$$b11aa8f4] is not eligible for getting processed by all BeanPostProcessors (for example: not eligible for auto-proxying)
2018-06-14 15:19:13.664  INFO  org.apache.shiro.realm.AuthorizingRealm : No cache or cacheManager properties have been set.  Authorization cache cannot be obtained.
2018-06-14 15:19:13.664  INFO  org.springframework.context.support.PostProcessorRegistrationDelegate$BeanPostProcessorChecker : Bean 'shiroRealm' of type [com.qiyou.shiro.shiro.ShiroDbRealm] is not eligible for getting processed by all BeanPostProcessors (for example: not eligible for auto-proxying)
2018-06-14 15:19:13.678  INFO  org.springframework.context.support.PostProcessorRegistrationDelegate$BeanPostProcessorChecker : Bean 'org.springframework.boot.autoconfigure.data.redis.RedisAutoConfiguration$RedisConfiguration' of type [org.springframework.boot.autoconfigure.data.redis.RedisAutoConfiguration$RedisConfiguration$$EnhancerBySpringCGLIB$$8fed4a46] is not eligible for getting processed by all BeanPostProcessors (for example: not eligible for auto-proxying)
2018-06-14 15:19:13.878  INFO  org.springframework.context.support.PostProcessorRegistrationDelegate$BeanPostProcessorChecker : Bean 'spring.redis-org.springframework.boot.autoconfigure.data.redis.RedisProperties' of type [org.springframework.boot.autoconfigure.data.redis.RedisProperties] is not eligible for getting processed by all BeanPostProcessors (for example: not eligible for auto-proxying)
2018-06-14 15:19:13.892  INFO  org.springframework.context.support.PostProcessorRegistrationDelegate$BeanPostProcessorChecker : Bean 'org.springframework.boot.autoconfigure.data.redis.RedisAutoConfiguration$RedisConnectionConfiguration' of type [org.springframework.boot.autoconfigure.data.redis.RedisAutoConfiguration$RedisConnectionConfiguration$$EnhancerBySpringCGLIB$$de44ebc8] is not eligible for getting processed by all BeanPostProcessors (for example: not eligible for auto-proxying)
2018-06-14 15:19:14.162  INFO  org.springframework.context.support.PostProcessorRegistrationDelegate$BeanPostProcessorChecker : Bean 'redisConnectionFactory' of type [org.springframework.data.redis.connection.jedis.JedisConnectionFactory] is not eligible for getting processed by all BeanPostProcessors (for example: not eligible for auto-proxying)
2018-06-14 15:19:14.234  INFO  org.springframework.context.support.PostProcessorRegistrationDelegate$BeanPostProcessorChecker : Bean 'redisTemplate' of type [org.springframework.data.redis.core.RedisTemplate] is not eligible for getting processed by all BeanPostProcessors (for example: not eligible for auto-proxying)
2018-06-14 15:19:14.235  INFO  org.springframework.context.support.PostProcessorRegistrationDelegate$BeanPostProcessorChecker : Bean 'shiroRedisCacheManager' of type [com.qiyou.shiro.redis.RedisCacheManager] is not eligible for getting processed by all BeanPostProcessors (for example: not eligible for auto-proxying)
2018-06-14 15:19:14.381  INFO  org.springframework.context.support.PostProcessorRegistrationDelegate$BeanPostProcessorChecker : Bean 'enterpriseSessionDao' of type [org.apache.shiro.session.mgt.eis.EnterpriseCacheSessionDAO] is not eligible for getting processed by all BeanPostProcessors (for example: not eligible for auto-proxying)
2018-06-14 15:19:14.400  INFO  org.springframework.context.support.PostProcessorRegistrationDelegate$BeanPostProcessorChecker : Bean 'sessionManager' of type [com.qiyou.shiro.shiro.QyDefaultWebSessionManager] is not eligible for getting processed by all BeanPostProcessors (for example: not eligible for auto-proxying)
2018-06-14 15:19:14.443  INFO  org.springframework.context.support.PostProcessorRegistrationDelegate$BeanPostProcessorChecker : Bean 'securityManager' of type [org.apache.shiro.web.mgt.DefaultWebSecurityManager] is not eligible for getting processed by all BeanPostProcessors (for example: not eligible for auto-proxying)
2018-06-14 15:19:14.487  INFO  org.springframework.context.support.PostProcessorRegistrationDelegate$BeanPostProcessorChecker : Bean 'customFormAuthenticationFilter' of type [com.qiyou.shiro.shiro.CustomFormAuthenticationFilter] is not eligible for getting processed by all BeanPostProcessors (for example: not eligible for auto-proxying)
2018-06-14 15:19:14.654  INFO  org.springframework.context.support.PostProcessorRegistrationDelegate$BeanPostProcessorChecker : Bean 'getAuthorizationAttributeSourceAdvisor' of type [org.apache.shiro.spring.security.interceptor.AuthorizationAttributeSourceAdvisor] is not eligible for getting processed by all BeanPostProcessors (for example: not eligible for auto-proxying)
2018-06-14 15:19:14.836  INFO  org.springframework.context.support.PostProcessorRegistrationDelegate$BeanPostProcessorChecker : Bean 'org.springframework.cache.annotation.ProxyCachingConfiguration' of type [org.springframework.cache.annotation.ProxyCachingConfiguration$$EnhancerBySpringCGLIB$$935cfad7] is not eligible for getting processed by all BeanPostProcessors (for example: not eligible for auto-proxying)
2018-06-14 15:19:15.246  INFO  org.springframework.context.support.PostProcessorRegistrationDelegate$BeanPostProcessorChecker : Bean 'org.springframework.boot.autoconfigure.cache.CacheAutoConfiguration' of type [org.springframework.boot.autoconfigure.cache.CacheAutoConfiguration$$EnhancerBySpringCGLIB$$87d0bf7b] is not eligible for getting processed by all BeanPostProcessors (for example: not eligible for auto-proxying)
2018-06-14 15:19:15.327  INFO  org.springframework.context.support.PostProcessorRegistrationDelegate$BeanPostProcessorChecker : Bean 'spring.cache-org.springframework.boot.autoconfigure.cache.CacheProperties' of type [org.springframework.boot.autoconfigure.cache.CacheProperties] is not eligible for getting processed by all BeanPostProcessors (for example: not eligible for auto-proxying)
2018-06-14 15:19:15.352  INFO  org.springframework.context.support.PostProcessorRegistrationDelegate$BeanPostProcessorChecker : Bean 'cacheManagerCustomizers' of type [org.springframework.boot.autoconfigure.cache.CacheManagerCustomizers] is not eligible for getting processed by all BeanPostProcessors (for example: not eligible for auto-proxying)
2018-06-14 15:19:15.389  INFO  org.springframework.context.support.PostProcessorRegistrationDelegate$BeanPostProcessorChecker : Bean 'org.springframework.boot.autoconfigure.cache.EhCacheCacheConfiguration' of type [org.springframework.boot.autoconfigure.cache.EhCacheCacheConfiguration$$EnhancerBySpringCGLIB$$226f8c79] is not eligible for getting processed by all BeanPostProcessors (for example: not eligible for auto-proxying)
2018-06-14 15:19:16.111  INFO  org.springframework.context.support.PostProcessorRegistrationDelegate$BeanPostProcessorChecker : Bean 'ehCacheCacheManager' of type [net.sf.ehcache.CacheManager] is not eligible for getting processed by all BeanPostProcessors (for example: not eligible for auto-proxying)
2018-06-14 15:19:16.140  INFO  org.springframework.context.support.PostProcessorRegistrationDelegate$BeanPostProcessorChecker : Bean 'cacheManager' of type [org.springframework.cache.ehcache.EhCacheCacheManager] is not eligible for getting processed by all BeanPostProcessors (for example: not eligible for auto-proxying)
2018-06-14 15:19:16.149  INFO  org.springframework.context.support.PostProcessorRegistrationDelegate$BeanPostProcessorChecker : Bean 'cacheAutoConfigurationValidator' of type [org.springframework.boot.autoconfigure.cache.CacheAutoConfiguration$CacheManagerValidator] is not eligible for getting processed by all BeanPostProcessors (for example: not eligible for auto-proxying)
2018-06-14 15:19:16.202  INFO  org.springframework.context.support.PostProcessorRegistrationDelegate$BeanPostProcessorChecker : Bean 'myBatisConfig' of type [com.qiyou.common.db.MyBatisConfig$$EnhancerBySpringCGLIB$$2e2383f2] is not eligible for getting processed by all BeanPostProcessors (for example: not eligible for auto-proxying)
2018-06-14 15:19:16.289  INFO  com.mchange.v2.log.MLog : MLog clients using log4j logging.
2018-06-14 15:19:16.348  INFO  com.mchange.v2.c3p0.C3P0Registry : Initializing c3p0-0.9.1.2 [built 21-May-2007 15:04:56; debug? true; trace: 10]
2018-06-14 15:19:16.457  INFO  org.springframework.context.support.PostProcessorRegistrationDelegate$BeanPostProcessorChecker : Bean 'dataSource1' of type [com.mchange.v2.c3p0.ComboPooledDataSource] is not eligible for getting processed by all BeanPostProcessors (for example: not eligible for auto-proxying)
2018-06-14 15:19:16.611  INFO  org.springframework.context.support.PostProcessorRegistrationDelegate$BeanPostProcessorChecker : Bean 'org.springframework.boot.autoconfigure.jdbc.DataSourceAutoConfiguration' of type [org.springframework.boot.autoconfigure.jdbc.DataSourceAutoConfiguration$$EnhancerBySpringCGLIB$$2c3e6819] is not eligible for getting processed by all BeanPostProcessors (for example: not eligible for auto-proxying)
2018-06-14 15:19:16.657  INFO  org.springframework.context.support.PostProcessorRegistrationDelegate$BeanPostProcessorChecker : Bean 'spring.datasource-org.springframework.boot.autoconfigure.jdbc.DataSourceProperties' of type [org.springframework.boot.autoconfigure.jdbc.DataSourceProperties] is not eligible for getting processed by all BeanPostProcessors (for example: not eligible for auto-proxying)
2018-06-14 15:19:16.865  INFO  org.springframework.context.support.PostProcessorRegistrationDelegate$BeanPostProcessorChecker : Bean 'dataSourceInitializer' of type [org.springframework.boot.autoconfigure.jdbc.DataSourceInitializer] is not eligible for getting processed by all BeanPostProcessors (for example: not eligible for auto-proxying)
2018-06-14 15:19:16.882  INFO  org.springframework.context.support.PostProcessorRegistrationDelegate$BeanPostProcessorChecker : Bean 'annotationDrivenTransactionManager' of type [org.springframework.jdbc.datasource.DataSourceTransactionManager] is not eligible for getting processed by all BeanPostProcessors (for example: not eligible for auto-proxying)
2018-06-14 15:19:16.899  INFO  org.springframework.context.support.PostProcessorRegistrationDelegate$BeanPostProcessorChecker : Bean 'org.springframework.transaction.annotation.ProxyTransactionManagementConfiguration' of type [org.springframework.transaction.annotation.ProxyTransactionManagementConfiguration$$EnhancerBySpringCGLIB$$4a4ac4b9] is not eligible for getting processed by all BeanPostProcessors (for example: not eligible for auto-proxying)
2018-06-14 15:19:17.078  INFO  org.springframework.context.support.PostProcessorRegistrationDelegate$BeanPostProcessorChecker : Bean 'integrationGlobalProperties' of type [org.springframework.beans.factory.config.PropertiesFactoryBean] is not eligible for getting processed by all BeanPostProcessors (for example: not eligible for auto-proxying)
2018-06-14 15:19:17.084  INFO  org.springframework.context.support.PostProcessorRegistrationDelegate$BeanPostProcessorChecker : Bean 'integrationGlobalProperties' of type [java.util.Properties] is not eligible for getting processed by all BeanPostProcessors (for example: not eligible for auto-proxying)
2018-06-14 15:19:17.607  INFO  org.eclipse.jetty.util.log : Logging initialized @12182ms to org.eclipse.jetty.util.log.Slf4jLog
2018-06-14 15:19:17.818  INFO  org.springframework.boot.context.embedded.jetty.JettyEmbeddedServletContainerFactory : Server initialized with port: 80
2018-06-14 15:19:17.823  INFO  org.eclipse.jetty.server.Server : jetty-9.4.4.v20170414
2018-06-14 15:19:18.192  INFO  org.eclipse.jetty.server.session : DefaultSessionIdManager workerName=node0
2018-06-14 15:19:18.195  INFO  org.eclipse.jetty.server.session : No SessionScavenger set, using defaults
2018-06-14 15:19:18.198  INFO  org.eclipse.jetty.server.session : Scavenging every 660000ms
2018-06-14 15:19:18.214  INFO  org.eclipse.jetty.server.handler.ContextHandler.application : Initializing Spring embedded WebApplicationContext
2018-06-14 15:19:18.214  INFO  org.springframework.web.context.ContextLoader : Root WebApplicationContext: initialization completed in 8263 ms
2018-06-14 15:19:18.821  INFO  org.springframework.boot.web.servlet.FilterRegistrationBean : Mapping filter: 'characterEncodingFilter' to: [/*]
2018-06-14 15:19:18.822  INFO  org.springframework.boot.web.servlet.FilterRegistrationBean : Mapping filter: 'hiddenHttpMethodFilter' to: [/*]
2018-06-14 15:19:18.822  INFO  org.springframework.boot.web.servlet.FilterRegistrationBean : Mapping filter: 'httpPutFormContentFilter' to: [/*]
2018-06-14 15:19:18.823  INFO  org.springframework.boot.web.servlet.FilterRegistrationBean : Mapping filter: 'requestContextFilter' to: [/*]
2018-06-14 15:19:18.824  INFO  org.springframework.boot.web.servlet.FilterRegistrationBean : Mapping filter: 'xssFilter' to urls: [/*]
2018-06-14 15:19:18.825  INFO  org.springframework.boot.web.servlet.FilterRegistrationBean : Mapping filter: 'delegatingFilterProxy' to urls: [/*]
2018-06-14 15:19:18.831  INFO  org.springframework.boot.web.servlet.FilterRegistrationBean : Mapping filter: 'customFormAuthenticationFilter' to: [/*]
2018-06-14 15:19:18.832  INFO  org.springframework.boot.web.servlet.FilterRegistrationBean : Mapping filter: 'shiroFilter' to: [/*]
2018-06-14 15:19:18.832  INFO  org.springframework.boot.web.servlet.ServletRegistrationBean : Mapping servlet: 'dispatcherServlet' to [/]
2018-06-14 15:19:20.028  INFO  org.eclipse.jetty.server.handler.ContextHandler : Started o.s.b.c.e.j.JettyEmbeddedWebAppContext@10a18e3e{/,[file:///C:/Users/Lenovo/AppData/Local/Temp/jetty-docbase.8776607958602406710.80/, jar:file:/C:/Users/Lenovo/.m2/repository/io/springfox/springfox-swagger-ui/2.4.0/springfox-swagger-ui-2.4.0.jar!/META-INF/resources],AVAILABLE}
2018-06-14 15:19:20.029  INFO  org.eclipse.jetty.server.Server : Started @14604ms
2018-06-14 15:19:20.241  INFO  com.qiyou.common.redis.RedisClientPool : ****初始化Redis客户端****
2018-06-14 15:19:20.242  INFO  com.qiyou.common.redis.RedisClientPool : Redis服务器地址：127.0.0.1:6379
2018-06-14 15:19:23.557  INFO  org.springframework.web.servlet.mvc.method.annotation.RequestMappingHandlerMapping : Mapped "{[/hello],methods=[POST]}" onto public java.lang.String com.qiyou.controller.HelloWorldController.hello()
2018-06-14 15:19:23.559  INFO  org.springframework.web.servlet.mvc.method.annotation.RequestMappingHandlerMapping : Mapped "{[/jenkins],methods=[POST]}" onto public java.lang.String com.qiyou.controller.JenkinsController.JenkinsName()
2018-06-14 15:19:23.561  INFO  org.springframework.web.servlet.mvc.method.annotation.RequestMappingHandlerMapping : Mapped "{[/getPeopleInfoFromCache],methods=[POST]}" onto public com.qiyou.basic.Result com.qiyou.controller.PeopleController.getPeopleInfoFromCache() throws java.lang.Exception
2018-06-14 15:19:23.561  INFO  org.springframework.web.servlet.mvc.method.annotation.RequestMappingHandlerMapping : Mapped "{[/peopleInsert],methods=[POST]}" onto public com.qiyou.basic.Result com.qiyou.controller.PeopleController.peopleInsert() throws java.lang.Exception
2018-06-14 15:19:23.562  INFO  org.springframework.web.servlet.mvc.method.annotation.RequestMappingHandlerMapping : Mapped "{[/peopleInsertXml],methods=[POST]}" onto public com.qiyou.basic.Result com.qiyou.controller.PeopleController.peopleInserXml(java.lang.String) throws java.lang.Exception
2018-06-14 15:19:23.562  INFO  org.springframework.web.servlet.mvc.method.annotation.RequestMappingHandlerMapping : Mapped "{[/getPeopleInfo],methods=[POST]}" onto public com.qiyou.basic.Result com.qiyou.controller.PeopleController.getPeopleInfo() throws java.lang.Exception
2018-06-14 15:19:23.562  INFO  org.springframework.web.servlet.mvc.method.annotation.RequestMappingHandlerMapping : Mapped "{[/showApi]}" onto public java.lang.String com.qiyou.controller.SwaggerController.showApi()
2018-06-14 15:19:23.564  INFO  org.springframework.web.servlet.mvc.method.annotation.RequestMappingHandlerMapping : Mapped "{[/v2/api-docs],methods=[GET],produces=[application/json || application/hal+json]}" onto public org.springframework.http.ResponseEntity<springfox.documentation.spring.web.json.Json> springfox.documentation.swagger2.web.Swagger2Controller.getDocumentation(java.lang.String,javax.servlet.http.HttpServletRequest)
2018-06-14 15:19:23.567  INFO  org.springframework.web.servlet.mvc.method.annotation.RequestMappingHandlerMapping : Mapped "{[/configuration/security]}" onto org.springframework.http.ResponseEntity<springfox.documentation.swagger.web.SecurityConfiguration> springfox.documentation.swagger.web.ApiResourceController.securityConfiguration()
2018-06-14 15:19:23.568  INFO  org.springframework.web.servlet.mvc.method.annotation.RequestMappingHandlerMapping : Mapped "{[/configuration/ui]}" onto org.springframework.http.ResponseEntity<springfox.documentation.swagger.web.UiConfiguration> springfox.documentation.swagger.web.ApiResourceController.uiConfiguration()
2018-06-14 15:19:23.569  INFO  org.springframework.web.servlet.mvc.method.annotation.RequestMappingHandlerMapping : Mapped "{[/swagger-resources]}" onto org.springframework.http.ResponseEntity<java.util.List<springfox.documentation.swagger.web.SwaggerResource>> springfox.documentation.swagger.web.ApiResourceController.swaggerResources()
2018-06-14 15:19:23.575  INFO  org.springframework.web.servlet.mvc.method.annotation.RequestMappingHandlerMapping : Mapped "{[/error]}" onto public org.springframework.http.ResponseEntity<java.util.Map<java.lang.String, java.lang.Object>> org.springframework.boot.autoconfigure.web.BasicErrorController.error(javax.servlet.http.HttpServletRequest)
2018-06-14 15:19:23.576  INFO  org.springframework.web.servlet.mvc.method.annotation.RequestMappingHandlerMapping : Mapped "{[/error],produces=[text/html]}" onto public org.springframework.web.servlet.ModelAndView org.springframework.boot.autoconfigure.web.BasicErrorController.errorHtml(javax.servlet.http.HttpServletRequest,javax.servlet.http.HttpServletResponse)
2018-06-14 15:19:24.128  INFO  org.springframework.web.servlet.mvc.method.annotation.RequestMappingHandlerAdapter : Looking for @ControllerAdvice: org.springframework.boot.context.embedded.AnnotationConfigEmbeddedWebApplicationContext@6f96c77: startup date [Thu Jun 14 15:19:09 CST 2018]; root of context hierarchy
2018-06-14 15:19:24.429  INFO  org.springframework.web.servlet.handler.SimpleUrlHandlerMapping : Mapped URL path [/webjars/**] onto handler of type [class org.springframework.web.servlet.resource.ResourceHttpRequestHandler]
2018-06-14 15:19:24.430  INFO  org.springframework.web.servlet.handler.SimpleUrlHandlerMapping : Mapped URL path [/**] onto handler of type [class org.springframework.web.servlet.resource.ResourceHttpRequestHandler]
2018-06-14 15:19:24.569  INFO  org.springframework.web.servlet.mvc.method.annotation.ExceptionHandlerExceptionResolver : Detected @ExceptionHandler methods in globalExceptionHandler
2018-06-14 15:19:24.737  INFO  org.springframework.web.servlet.handler.SimpleUrlHandlerMapping : Mapped URL path [/**/favicon.ico] onto handler of type [class org.springframework.web.servlet.resource.ResourceHttpRequestHandler]
2018-06-14 15:19:25.979  INFO  org.springframework.ui.freemarker.SpringTemplateLoader : SpringTemplateLoader for FreeMarker: using resource loader [org.springframework.boot.context.embedded.AnnotationConfigEmbeddedWebApplicationContext@6f96c77: startup date [Thu Jun 14 15:19:09 CST 2018]; root of context hierarchy] and template loader path [classpath:/templates/]
2018-06-14 15:19:25.981  INFO  org.springframework.web.servlet.view.freemarker.FreeMarkerConfigurer : ClassTemplateLoader for Spring macros added to FreeMarker configuration
2018-06-14 15:19:26.064  WARN  org.springframework.boot.autoconfigure.freemarker.FreeMarkerAutoConfiguration : Cannot find template location(s): [classpath:/templates/] (please add some templates, check your FreeMarker configuration, or set spring.freemarker.checkTemplateLocation=false)
2018-06-14 15:19:26.186  INFO  org.springframework.scheduling.concurrent.ThreadPoolTaskScheduler : Initializing ExecutorService  'taskScheduler'
2018-06-14 15:19:26.916  INFO  org.springframework.jmx.export.annotation.AnnotationMBeanExporter : Registering beans for JMX exposure on startup
2018-06-14 15:19:26.943  INFO  org.springframework.context.support.DefaultLifecycleProcessor : Starting beans in phase 0
2018-06-14 15:19:26.943  INFO  org.springframework.integration.endpoint.EventDrivenConsumer : Adding {logging-channel-adapter:_org.springframework.integration.errorLogger} as a subscriber to the 'errorChannel' channel
2018-06-14 15:19:26.944  INFO  org.springframework.integration.channel.PublishSubscribeChannel : Channel 'application:80.errorChannel' has 1 subscriber(s).
2018-06-14 15:19:26.944  INFO  org.springframework.integration.endpoint.EventDrivenConsumer : started _org.springframework.integration.errorLogger
2018-06-14 15:19:26.951  INFO  springfox.documentation.spring.web.plugins.DocumentationPluginsBootstrapper : Context refreshed
2018-06-14 15:19:27.018  INFO  springfox.documentation.spring.web.plugins.DocumentationPluginsBootstrapper : Found 1 custom documentation plugin(s)
2018-06-14 15:19:27.031  INFO  springfox.documentation.spring.web.scanners.ApiListingReferenceScanner : Scanning for api listing references
2018-06-14 15:19:27.350  DEBUG com.qiyou.common.filter.XssFilter : xss filter init ====================
2018-06-14 15:19:27.367  INFO  org.eclipse.jetty.server.handler.ContextHandler.application : Initializing Spring FrameworkServlet 'dispatcherServlet'
2018-06-14 15:19:27.368  INFO  org.springframework.web.servlet.DispatcherServlet : FrameworkServlet 'dispatcherServlet': initialization started
2018-06-14 15:19:27.455  INFO  org.springframework.web.servlet.DispatcherServlet : FrameworkServlet 'dispatcherServlet': initialization completed in 87 ms
2018-06-14 15:19:27.526  INFO  org.eclipse.jetty.server.AbstractConnector : Started ServerConnector@857f74a{HTTP/1.1,[http/1.1]}{0.0.0.0:80}
2018-06-14 15:19:27.526  INFO  org.springframework.boot.context.embedded.jetty.JettyEmbeddedServletContainer : Jetty started on port(s) 80 (http/1.1)
2018-06-14 15:19:27.544  INFO  com.qiyou.SpringBootAdminApplication : Started SpringBootAdminApplication in 18.955 seconds (JVM running for 22.12)
2018-06-14 15:20:08.424  DEBUG com.qiyou.common.filter.XssFilter : xss filter is open
2018-06-14 15:20:09.042  INFO  org.apache.shiro.session.mgt.AbstractValidatingSessionManager : Enabling session validation scheduler...
2018-06-14 15:20:09.540  DEBUG com.qiyou.common.filter.XssFilter : xss filter is open
2018-06-14 15:20:15.296  DEBUG com.qiyou.common.filter.XssFilter : xss filter is open
2018-06-14 15:20:15.359  INFO  com.qiyou.util.IllegalStrFilterUtil : 通过sql检测
2018-06-14 15:20:15.360  INFO  com.qiyou.util.IllegalStrFilterUtil : 通过字符串检测
2018-06-14 15:20:15.385  INFO  com.qiyou.common.config.CheckInputParameterAspect : 当前调用接口-[http://localhost/showApi]
2018-06-14 15:20:15.458  DEBUG com.qiyou.common.filter.XssFilter : xss filter is open
2018-06-14 15:20:15.506  DEBUG com.qiyou.common.filter.XssFilter : xss filter is open
2018-06-14 15:20:15.521  DEBUG com.qiyou.common.filter.XssFilter : xss filter is open
2018-06-14 15:20:15.541  DEBUG com.qiyou.common.filter.XssFilter : xss filter is open
2018-06-14 15:20:15.547  DEBUG com.qiyou.common.filter.XssFilter : xss filter is open
2018-06-14 15:20:15.560  DEBUG com.qiyou.common.filter.XssFilter : xss filter is open
2018-06-14 15:20:15.580  DEBUG com.qiyou.common.filter.XssFilter : xss filter is open
2018-06-14 15:20:15.559  DEBUG com.qiyou.common.filter.XssFilter : xss filter is open
2018-06-14 15:20:15.593  DEBUG com.qiyou.common.filter.XssFilter : xss filter is open
2018-06-14 15:20:15.611  DEBUG com.qiyou.common.filter.XssFilter : xss filter is open
2018-06-14 15:20:15.620  DEBUG com.qiyou.common.filter.XssFilter : xss filter is open
2018-06-14 15:20:15.647  DEBUG com.qiyou.common.filter.XssFilter : xss filter is open
2018-06-14 15:20:15.651  DEBUG com.qiyou.common.filter.XssFilter : xss filter is open
2018-06-14 15:20:15.660  DEBUG com.qiyou.common.filter.XssFilter : xss filter is open
2018-06-14 15:20:15.668  DEBUG com.qiyou.common.filter.XssFilter : xss filter is open
2018-06-14 15:20:15.647  DEBUG com.qiyou.common.filter.XssFilter : xss filter is open
2018-06-14 15:20:15.670  DEBUG com.qiyou.common.filter.XssFilter : xss filter is open
2018-06-14 15:20:15.808  DEBUG com.qiyou.common.filter.XssFilter : xss filter is open
2018-06-14 15:20:15.931  DEBUG com.qiyou.common.filter.XssFilter : xss filter is open
2018-06-14 15:20:15.938  DEBUG com.qiyou.common.filter.XssFilter : xss filter is open
2018-06-14 15:20:16.031  DEBUG com.qiyou.common.filter.XssFilter : xss filter is open
2018-06-14 15:20:16.066  DEBUG com.qiyou.common.filter.XssFilter : xss filter is open
2018-06-14 15:20:16.163  DEBUG com.qiyou.common.filter.XssFilter : xss filter is open
2018-06-14 15:20:16.173  DEBUG com.qiyou.common.filter.XssFilter : xss filter is open
2018-06-14 15:20:16.197  DEBUG com.qiyou.common.filter.XssFilter : xss filter is open
2018-06-14 15:20:16.198  DEBUG com.qiyou.common.filter.XssFilter : xss filter is open
2018-06-14 15:20:16.451  WARN  com.qiyou.common.filter.ServerInterceptor : method to detect timeout for /v2/api-docs, and the execution time is252  ms
2018-06-14 15:20:16.559  DEBUG com.qiyou.common.filter.XssFilter : xss filter is open
