2018-06-06 11:18:58.015  INFO  com.qiyou.SpringBootAdminApplication : Starting SpringBootAdminApplication on DESKTOP-TEAMV03 with PID 10248 (E:\project\springboot\target\classes started by Lenovo in E:\project\springboot)
2018-06-06 11:18:58.027  DEBUG com.qiyou.SpringBootAdminApplication : Running with Spring Boot v1.5.3.RELEASE, Spring v4.3.8.RELEASE
2018-06-06 11:18:58.028  INFO  com.qiyou.SpringBootAdminApplication : No active profile set, falling back to default profiles: default
2018-06-06 11:18:58.161  INFO  org.springframework.boot.context.embedded.AnnotationConfigEmbeddedWebApplicationContext : Refreshing org.springframework.boot.context.embedded.AnnotationConfigEmbeddedWebApplicationContext@6f96c77: startup date [Wed Jun 06 11:18:58 CST 2018]; root of context hierarchy
2018-06-06 11:18:58.660  INFO  org.hibernate.validator.internal.util.Version : HV000001: Hibernate Validator 5.3.5.Final
2018-06-06 11:19:00.767  WARN  org.mybatis.spring.mapper.ClassPathMapperScanner : No MyBatis mapper was found in '[com.qiyou]' package. Please check your configuration.
2018-06-06 11:19:00.865  INFO  org.springframework.data.repository.config.RepositoryConfigurationDelegate : Multiple Spring Data modules found, entering strict repository configuration mode!
2018-06-06 11:19:01.358  INFO  org.springframework.integration.config.IntegrationRegistrar : No bean named 'integrationHeaderChannelRegistry' has been explicitly defined. Therefore, a default DefaultHeaderChannelRegistry will be created.
2018-06-06 11:19:01.521  WARN  org.springframework.context.annotation.ConfigurationClassPostProcessor : Cannot enhance @Configuration bean definition 'myBatisMapperScannerConfig' since its singleton instance has been created too early. The typical cause is a non-static @Bean method with a BeanDefinitionRegistryPostProcessor return type: Consider declaring such methods as 'static'.
2018-06-06 11:19:01.962  INFO  org.springframework.integration.config.DefaultConfiguringBeanFactoryPostProcessor : No bean named 'errorChannel' has been explicitly defined. Therefore, a default PublishSubscribeChannel will be created.
2018-06-06 11:19:02.011  INFO  org.springframework.integration.config.DefaultConfiguringBeanFactoryPostProcessor : No bean named 'taskScheduler' has been explicitly defined. Therefore, a default ThreadPoolTaskScheduler will be created.
2018-06-06 11:19:02.033  INFO  org.springframework.beans.factory.annotation.AutowiredAnnotationBeanPostProcessor : JSR-330 'javax.inject.Inject' annotation found and supported for autowiring
2018-06-06 11:19:02.132  INFO  org.springframework.context.support.PostProcessorRegistrationDelegate$BeanPostProcessorChecker : Bean 'shiroConfig' of type [com.qiyou.common.config.ShiroConfig$$EnhancerBySpringCGLIB$$26cb62b9] is not eligible for getting processed by all BeanPostProcessors (for example: not eligible for auto-proxying)
2018-06-06 11:19:02.312  INFO  org.apache.shiro.realm.AuthorizingRealm : No cache or cacheManager properties have been set.  Authorization cache cannot be obtained.
2018-06-06 11:19:02.312  INFO  org.springframework.context.support.PostProcessorRegistrationDelegate$BeanPostProcessorChecker : Bean 'shiroRealm' of type [com.qiyou.shiro.shiro.ShiroDbRealm] is not eligible for getting processed by all BeanPostProcessors (for example: not eligible for auto-proxying)
2018-06-06 11:19:02.328  INFO  org.springframework.context.support.PostProcessorRegistrationDelegate$BeanPostProcessorChecker : Bean 'org.springframework.boot.autoconfigure.data.redis.RedisAutoConfiguration$RedisConfiguration' of type [org.springframework.boot.autoconfigure.data.redis.RedisAutoConfiguration$RedisConfiguration$$EnhancerBySpringCGLIB$$59e040b] is not eligible for getting processed by all BeanPostProcessors (for example: not eligible for auto-proxying)
2018-06-06 11:19:03.075  INFO  org.springframework.context.support.PostProcessorRegistrationDelegate$BeanPostProcessorChecker : Bean 'spring.redis-org.springframework.boot.autoconfigure.data.redis.RedisProperties' of type [org.springframework.boot.autoconfigure.data.redis.RedisProperties] is not eligible for getting processed by all BeanPostProcessors (for example: not eligible for auto-proxying)
2018-06-06 11:19:03.086  INFO  org.springframework.context.support.PostProcessorRegistrationDelegate$BeanPostProcessorChecker : Bean 'org.springframework.boot.autoconfigure.data.redis.RedisAutoConfiguration$RedisConnectionConfiguration' of type [org.springframework.boot.autoconfigure.data.redis.RedisAutoConfiguration$RedisConnectionConfiguration$$EnhancerBySpringCGLIB$$53f5a58d] is not eligible for getting processed by all BeanPostProcessors (for example: not eligible for auto-proxying)
2018-06-06 11:19:04.180  INFO  org.springframework.context.support.PostProcessorRegistrationDelegate$BeanPostProcessorChecker : Bean 'redisConnectionFactory' of type [org.springframework.data.redis.connection.jedis.JedisConnectionFactory] is not eligible for getting processed by all BeanPostProcessors (for example: not eligible for auto-proxying)
2018-06-06 11:19:04.453  INFO  org.springframework.context.support.PostProcessorRegistrationDelegate$BeanPostProcessorChecker : Bean 'redisTemplate' of type [org.springframework.data.redis.core.RedisTemplate] is not eligible for getting processed by all BeanPostProcessors (for example: not eligible for auto-proxying)
2018-06-06 11:19:04.480  INFO  org.springframework.context.support.PostProcessorRegistrationDelegate$BeanPostProcessorChecker : Bean 'shiroRedisCacheManager' of type [com.qiyou.shiro.redis.RedisCacheManager] is not eligible for getting processed by all BeanPostProcessors (for example: not eligible for auto-proxying)
2018-06-06 11:19:04.649  INFO  org.springframework.context.support.PostProcessorRegistrationDelegate$BeanPostProcessorChecker : Bean 'enterpriseSessionDao' of type [org.apache.shiro.session.mgt.eis.EnterpriseCacheSessionDAO] is not eligible for getting processed by all BeanPostProcessors (for example: not eligible for auto-proxying)
2018-06-06 11:19:04.690  INFO  org.springframework.context.support.PostProcessorRegistrationDelegate$BeanPostProcessorChecker : Bean 'sessionManager' of type [com.qiyou.shiro.shiro.NioDefaultWebSessionManager] is not eligible for getting processed by all BeanPostProcessors (for example: not eligible for auto-proxying)
2018-06-06 11:19:04.720  INFO  org.springframework.context.support.PostProcessorRegistrationDelegate$BeanPostProcessorChecker : Bean 'securityManager' of type [org.apache.shiro.web.mgt.DefaultWebSecurityManager] is not eligible for getting processed by all BeanPostProcessors (for example: not eligible for auto-proxying)
2018-06-06 11:19:04.747  INFO  org.springframework.context.support.PostProcessorRegistrationDelegate$BeanPostProcessorChecker : Bean 'customFormAuthenticationFilter' of type [com.qiyou.shiro.shiro.CustomFormAuthenticationFilter] is not eligible for getting processed by all BeanPostProcessors (for example: not eligible for auto-proxying)
2018-06-06 11:19:04.833  INFO  org.springframework.context.support.PostProcessorRegistrationDelegate$BeanPostProcessorChecker : Bean 'getAuthorizationAttributeSourceAdvisor' of type [org.apache.shiro.spring.security.interceptor.AuthorizationAttributeSourceAdvisor] is not eligible for getting processed by all BeanPostProcessors (for example: not eligible for auto-proxying)
2018-06-06 11:19:04.965  INFO  org.springframework.context.support.PostProcessorRegistrationDelegate$BeanPostProcessorChecker : Bean 'org.springframework.cache.annotation.ProxyCachingConfiguration' of type [org.springframework.cache.annotation.ProxyCachingConfiguration$$EnhancerBySpringCGLIB$$90db49c] is not eligible for getting processed by all BeanPostProcessors (for example: not eligible for auto-proxying)
2018-06-06 11:19:05.256  INFO  org.springframework.context.support.PostProcessorRegistrationDelegate$BeanPostProcessorChecker : Bean 'org.springframework.boot.autoconfigure.cache.CacheAutoConfiguration' of type [org.springframework.boot.autoconfigure.cache.CacheAutoConfiguration$$EnhancerBySpringCGLIB$$fd817940] is not eligible for getting processed by all BeanPostProcessors (for example: not eligible for auto-proxying)
2018-06-06 11:19:05.314  INFO  org.springframework.context.support.PostProcessorRegistrationDelegate$BeanPostProcessorChecker : Bean 'spring.cache-org.springframework.boot.autoconfigure.cache.CacheProperties' of type [org.springframework.boot.autoconfigure.cache.CacheProperties] is not eligible for getting processed by all BeanPostProcessors (for example: not eligible for auto-proxying)
2018-06-06 11:19:05.338  INFO  org.springframework.context.support.PostProcessorRegistrationDelegate$BeanPostProcessorChecker : Bean 'cacheManagerCustomizers' of type [org.springframework.boot.autoconfigure.cache.CacheManagerCustomizers] is not eligible for getting processed by all BeanPostProcessors (for example: not eligible for auto-proxying)
2018-06-06 11:19:05.346  INFO  org.springframework.context.support.PostProcessorRegistrationDelegate$BeanPostProcessorChecker : Bean 'org.springframework.boot.autoconfigure.cache.EhCacheCacheConfiguration' of type [org.springframework.boot.autoconfigure.cache.EhCacheCacheConfiguration$$EnhancerBySpringCGLIB$$9820463e] is not eligible for getting processed by all BeanPostProcessors (for example: not eligible for auto-proxying)
2018-06-06 11:19:06.041  INFO  org.springframework.context.support.PostProcessorRegistrationDelegate$BeanPostProcessorChecker : Bean 'ehCacheCacheManager' of type [net.sf.ehcache.CacheManager] is not eligible for getting processed by all BeanPostProcessors (for example: not eligible for auto-proxying)
2018-06-06 11:19:06.065  INFO  org.springframework.context.support.PostProcessorRegistrationDelegate$BeanPostProcessorChecker : Bean 'cacheManager' of type [org.springframework.cache.ehcache.EhCacheCacheManager] is not eligible for getting processed by all BeanPostProcessors (for example: not eligible for auto-proxying)
2018-06-06 11:19:06.076  INFO  org.springframework.context.support.PostProcessorRegistrationDelegate$BeanPostProcessorChecker : Bean 'cacheAutoConfigurationValidator' of type [org.springframework.boot.autoconfigure.cache.CacheAutoConfiguration$CacheManagerValidator] is not eligible for getting processed by all BeanPostProcessors (for example: not eligible for auto-proxying)
2018-06-06 11:19:06.119  INFO  org.springframework.context.support.PostProcessorRegistrationDelegate$BeanPostProcessorChecker : Bean 'myBatisConfig' of type [com.qiyou.common.db.MyBatisConfig$$EnhancerBySpringCGLIB$$a3d43db7] is not eligible for getting processed by all BeanPostProcessors (for example: not eligible for auto-proxying)
2018-06-06 11:19:06.222  INFO  com.mchange.v2.log.MLog : MLog clients using log4j logging.
2018-06-06 11:19:06.280  INFO  com.mchange.v2.c3p0.C3P0Registry : Initializing c3p0-0.9.1.2 [built 21-May-2007 15:04:56; debug? true; trace: 10]
2018-06-06 11:19:06.357  INFO  org.springframework.context.support.PostProcessorRegistrationDelegate$BeanPostProcessorChecker : Bean 'dataSource1' of type [com.mchange.v2.c3p0.ComboPooledDataSource] is not eligible for getting processed by all BeanPostProcessors (for example: not eligible for auto-proxying)
2018-06-06 11:19:06.522  INFO  org.springframework.context.support.PostProcessorRegistrationDelegate$BeanPostProcessorChecker : Bean 'org.springframework.boot.autoconfigure.jdbc.DataSourceAutoConfiguration' of type [org.springframework.boot.autoconfigure.jdbc.DataSourceAutoConfiguration$$EnhancerBySpringCGLIB$$a1ef21de] is not eligible for getting processed by all BeanPostProcessors (for example: not eligible for auto-proxying)
2018-06-06 11:19:06.616  INFO  org.springframework.context.support.PostProcessorRegistrationDelegate$BeanPostProcessorChecker : Bean 'spring.datasource-org.springframework.boot.autoconfigure.jdbc.DataSourceProperties' of type [org.springframework.boot.autoconfigure.jdbc.DataSourceProperties] is not eligible for getting processed by all BeanPostProcessors (for example: not eligible for auto-proxying)
2018-06-06 11:19:06.811  INFO  org.springframework.context.support.PostProcessorRegistrationDelegate$BeanPostProcessorChecker : Bean 'dataSourceInitializer' of type [org.springframework.boot.autoconfigure.jdbc.DataSourceInitializer] is not eligible for getting processed by all BeanPostProcessors (for example: not eligible for auto-proxying)
2018-06-06 11:19:06.825  INFO  org.springframework.context.support.PostProcessorRegistrationDelegate$BeanPostProcessorChecker : Bean 'annotationDrivenTransactionManager' of type [org.springframework.jdbc.datasource.DataSourceTransactionManager] is not eligible for getting processed by all BeanPostProcessors (for example: not eligible for auto-proxying)
2018-06-06 11:19:06.835  INFO  org.springframework.context.support.PostProcessorRegistrationDelegate$BeanPostProcessorChecker : Bean 'org.springframework.transaction.annotation.ProxyTransactionManagementConfiguration' of type [org.springframework.transaction.annotation.ProxyTransactionManagementConfiguration$$EnhancerBySpringCGLIB$$bffb7e7e] is not eligible for getting processed by all BeanPostProcessors (for example: not eligible for auto-proxying)
2018-06-06 11:19:06.983  INFO  org.springframework.context.support.PostProcessorRegistrationDelegate$BeanPostProcessorChecker : Bean 'integrationGlobalProperties' of type [org.springframework.beans.factory.config.PropertiesFactoryBean] is not eligible for getting processed by all BeanPostProcessors (for example: not eligible for auto-proxying)
2018-06-06 11:19:06.990  INFO  org.springframework.context.support.PostProcessorRegistrationDelegate$BeanPostProcessorChecker : Bean 'integrationGlobalProperties' of type [java.util.Properties] is not eligible for getting processed by all BeanPostProcessors (for example: not eligible for auto-proxying)
2018-06-06 11:19:07.544  INFO  org.eclipse.jetty.util.log : Logging initialized @11862ms to org.eclipse.jetty.util.log.Slf4jLog
2018-06-06 11:19:07.758  INFO  org.springframework.boot.context.embedded.jetty.JettyEmbeddedServletContainerFactory : Server initialized with port: 9004
2018-06-06 11:19:07.760  INFO  org.eclipse.jetty.server.Server : jetty-9.4.4.v20170414
2018-06-06 11:19:07.986  INFO  org.eclipse.jetty.server.session : DefaultSessionIdManager workerName=node0
2018-06-06 11:19:07.987  INFO  org.eclipse.jetty.server.session : No SessionScavenger set, using defaults
2018-06-06 11:19:07.989  INFO  org.eclipse.jetty.server.session : Scavenging every 660000ms
2018-06-06 11:19:08.007  INFO  org.eclipse.jetty.server.handler.ContextHandler.application : Initializing Spring embedded WebApplicationContext
2018-06-06 11:19:08.007  INFO  org.springframework.web.context.ContextLoader : Root WebApplicationContext: initialization completed in 9846 ms
2018-06-06 11:19:08.615  INFO  org.springframework.boot.web.servlet.FilterRegistrationBean : Mapping filter: 'characterEncodingFilter' to: [/*]
2018-06-06 11:19:08.616  INFO  org.springframework.boot.web.servlet.FilterRegistrationBean : Mapping filter: 'hiddenHttpMethodFilter' to: [/*]
2018-06-06 11:19:08.616  INFO  org.springframework.boot.web.servlet.FilterRegistrationBean : Mapping filter: 'httpPutFormContentFilter' to: [/*]
2018-06-06 11:19:08.616  INFO  org.springframework.boot.web.servlet.FilterRegistrationBean : Mapping filter: 'requestContextFilter' to: [/*]
2018-06-06 11:19:08.617  INFO  org.springframework.boot.web.servlet.FilterRegistrationBean : Mapping filter: 'xssFilter' to urls: [/*]
2018-06-06 11:19:08.618  INFO  org.springframework.boot.web.servlet.FilterRegistrationBean : Mapping filter: 'delegatingFilterProxy' to urls: [/*]
2018-06-06 11:19:08.618  INFO  org.springframework.boot.web.servlet.FilterRegistrationBean : Mapping filter: 'customFormAuthenticationFilter' to: [/*]
2018-06-06 11:19:08.618  INFO  org.springframework.boot.web.servlet.FilterRegistrationBean : Mapping filter: 'shiroFilter' to: [/*]
2018-06-06 11:19:08.619  INFO  org.springframework.boot.web.servlet.ServletRegistrationBean : Mapping servlet: 'dispatcherServlet' to [/]
2018-06-06 11:19:09.464  INFO  org.eclipse.jetty.server.handler.ContextHandler : Started o.s.b.c.e.j.JettyEmbeddedWebAppContext@7bee8621{/,[file:///C:/Users/Lenovo/AppData/Local/Temp/jetty-docbase.3570950184570901870.9004/, jar:file:/C:/Users/Lenovo/.m2/repository/io/springfox/springfox-swagger-ui/2.4.0/springfox-swagger-ui-2.4.0.jar!/META-INF/resources],AVAILABLE}
2018-06-06 11:19:09.466  INFO  org.eclipse.jetty.server.Server : Started @13783ms
2018-06-06 11:19:09.576  INFO  com.qiyou.common.redis.RedisClientPool : ****初始化Redis客户端****
2018-06-06 11:19:09.577  INFO  com.qiyou.common.redis.RedisClientPool : Redis服务器地址：127.0.0.1:6379
2018-06-06 11:19:12.773  INFO  org.springframework.web.servlet.mvc.method.annotation.RequestMappingHandlerMapping : Mapped "{[/hello],methods=[POST]}" onto public java.lang.String com.qiyou.controller.HelloWorldController.hello()
2018-06-06 11:19:12.775  INFO  org.springframework.web.servlet.mvc.method.annotation.RequestMappingHandlerMapping : Mapped "{[/peopleInsert],methods=[POST]}" onto public com.qiyou.basic.Result com.qiyou.controller.PeopleController.peopleInsert() throws java.lang.Exception
2018-06-06 11:19:12.775  INFO  org.springframework.web.servlet.mvc.method.annotation.RequestMappingHandlerMapping : Mapped "{[/getPeopleInfo],methods=[POST]}" onto public com.qiyou.basic.Result com.qiyou.controller.PeopleController.getPeopleInfo() throws java.lang.Exception
2018-06-06 11:19:12.776  INFO  org.springframework.web.servlet.mvc.method.annotation.RequestMappingHandlerMapping : Mapped "{[/peopleInsertXml],methods=[POST]}" onto public com.qiyou.basic.Result com.qiyou.controller.PeopleController.peopleInserXml(java.lang.String) throws java.lang.Exception
2018-06-06 11:19:12.777  INFO  org.springframework.web.servlet.mvc.method.annotation.RequestMappingHandlerMapping : Mapped "{[/getPeopleInfoFromCache],methods=[POST]}" onto public com.qiyou.basic.Result com.qiyou.controller.PeopleController.getPeopleInfoFromCache() throws java.lang.Exception
2018-06-06 11:19:12.777  INFO  org.springframework.web.servlet.mvc.method.annotation.RequestMappingHandlerMapping : Mapped "{[/showApi]}" onto public java.lang.String com.qiyou.controller.SwaggerController.showApi()
2018-06-06 11:19:12.779  INFO  org.springframework.web.servlet.mvc.method.annotation.RequestMappingHandlerMapping : Mapped "{[/v2/api-docs],methods=[GET],produces=[application/json || application/hal+json]}" onto public org.springframework.http.ResponseEntity<springfox.documentation.spring.web.json.Json> springfox.documentation.swagger2.web.Swagger2Controller.getDocumentation(java.lang.String,javax.servlet.http.HttpServletRequest)
2018-06-06 11:19:12.783  INFO  org.springframework.web.servlet.mvc.method.annotation.RequestMappingHandlerMapping : Mapped "{[/configuration/security]}" onto org.springframework.http.ResponseEntity<springfox.documentation.swagger.web.SecurityConfiguration> springfox.documentation.swagger.web.ApiResourceController.securityConfiguration()
2018-06-06 11:19:12.785  INFO  org.springframework.web.servlet.mvc.method.annotation.RequestMappingHandlerMapping : Mapped "{[/configuration/ui]}" onto org.springframework.http.ResponseEntity<springfox.documentation.swagger.web.UiConfiguration> springfox.documentation.swagger.web.ApiResourceController.uiConfiguration()
2018-06-06 11:19:12.786  INFO  org.springframework.web.servlet.mvc.method.annotation.RequestMappingHandlerMapping : Mapped "{[/swagger-resources]}" onto org.springframework.http.ResponseEntity<java.util.List<springfox.documentation.swagger.web.SwaggerResource>> springfox.documentation.swagger.web.ApiResourceController.swaggerResources()
2018-06-06 11:19:12.790  INFO  org.springframework.web.servlet.mvc.method.annotation.RequestMappingHandlerMapping : Mapped "{[/error]}" onto public org.springframework.http.ResponseEntity<java.util.Map<java.lang.String, java.lang.Object>> org.springframework.boot.autoconfigure.web.BasicErrorController.error(javax.servlet.http.HttpServletRequest)
2018-06-06 11:19:12.791  INFO  org.springframework.web.servlet.mvc.method.annotation.RequestMappingHandlerMapping : Mapped "{[/error],produces=[text/html]}" onto public org.springframework.web.servlet.ModelAndView org.springframework.boot.autoconfigure.web.BasicErrorController.errorHtml(javax.servlet.http.HttpServletRequest,javax.servlet.http.HttpServletResponse)
2018-06-06 11:19:15.361  INFO  org.springframework.web.servlet.mvc.method.annotation.RequestMappingHandlerAdapter : Looking for @ControllerAdvice: org.springframework.boot.context.embedded.AnnotationConfigEmbeddedWebApplicationContext@6f96c77: startup date [Wed Jun 06 11:18:58 CST 2018]; root of context hierarchy
2018-06-06 11:19:15.577  INFO  org.springframework.web.servlet.handler.SimpleUrlHandlerMapping : Mapped URL path [/webjars/**] onto handler of type [class org.springframework.web.servlet.resource.ResourceHttpRequestHandler]
2018-06-06 11:19:15.577  INFO  org.springframework.web.servlet.handler.SimpleUrlHandlerMapping : Mapped URL path [/**] onto handler of type [class org.springframework.web.servlet.resource.ResourceHttpRequestHandler]
2018-06-06 11:19:15.646  INFO  org.springframework.web.servlet.mvc.method.annotation.ExceptionHandlerExceptionResolver : Detected @ExceptionHandler methods in globalExceptionHandler
2018-06-06 11:19:15.765  INFO  org.springframework.web.servlet.handler.SimpleUrlHandlerMapping : Mapped URL path [/**/favicon.ico] onto handler of type [class org.springframework.web.servlet.resource.ResourceHttpRequestHandler]
2018-06-06 11:19:16.735  INFO  org.springframework.ui.freemarker.SpringTemplateLoader : SpringTemplateLoader for FreeMarker: using resource loader [org.springframework.boot.context.embedded.AnnotationConfigEmbeddedWebApplicationContext@6f96c77: startup date [Wed Jun 06 11:18:58 CST 2018]; root of context hierarchy] and template loader path [classpath:/templates/]
2018-06-06 11:19:16.737  INFO  org.springframework.web.servlet.view.freemarker.FreeMarkerConfigurer : ClassTemplateLoader for Spring macros added to FreeMarker configuration
2018-06-06 11:19:16.802  WARN  org.springframework.boot.autoconfigure.freemarker.FreeMarkerAutoConfiguration : Cannot find template location(s): [classpath:/templates/] (please add some templates, check your FreeMarker configuration, or set spring.freemarker.checkTemplateLocation=false)
2018-06-06 11:19:16.886  INFO  org.springframework.scheduling.concurrent.ThreadPoolTaskScheduler : Initializing ExecutorService  'taskScheduler'
2018-06-06 11:19:17.447  INFO  org.springframework.jmx.export.annotation.AnnotationMBeanExporter : Registering beans for JMX exposure on startup
2018-06-06 11:19:17.465  INFO  org.springframework.context.support.DefaultLifecycleProcessor : Starting beans in phase 0
2018-06-06 11:19:17.465  INFO  org.springframework.integration.endpoint.EventDrivenConsumer : Adding {logging-channel-adapter:_org.springframework.integration.errorLogger} as a subscriber to the 'errorChannel' channel
2018-06-06 11:19:17.466  INFO  org.springframework.integration.channel.PublishSubscribeChannel : Channel 'application:9004.errorChannel' has 1 subscriber(s).
2018-06-06 11:19:17.466  INFO  org.springframework.integration.endpoint.EventDrivenConsumer : started _org.springframework.integration.errorLogger
2018-06-06 11:19:17.475  INFO  springfox.documentation.spring.web.plugins.DocumentationPluginsBootstrapper : Context refreshed
2018-06-06 11:19:17.598  INFO  springfox.documentation.spring.web.plugins.DocumentationPluginsBootstrapper : Found 1 custom documentation plugin(s)
2018-06-06 11:19:17.613  INFO  springfox.documentation.spring.web.scanners.ApiListingReferenceScanner : Scanning for api listing references
2018-06-06 11:19:17.934  DEBUG com.qiyou.common.filter.XssFilter : xss filter init ====================
2018-06-06 11:19:17.997  INFO  org.eclipse.jetty.server.handler.ContextHandler.application : Initializing Spring FrameworkServlet 'dispatcherServlet'
2018-06-06 11:19:17.998  INFO  org.springframework.web.servlet.DispatcherServlet : FrameworkServlet 'dispatcherServlet': initialization started
2018-06-06 11:19:18.027  INFO  org.springframework.web.servlet.DispatcherServlet : FrameworkServlet 'dispatcherServlet': initialization completed in 29 ms
2018-06-06 11:19:18.089  INFO  org.eclipse.jetty.server.AbstractConnector : Started ServerConnector@76ffc17c{HTTP/1.1,[http/1.1]}{0.0.0.0:9004}
2018-06-06 11:19:18.089  INFO  org.springframework.boot.context.embedded.jetty.JettyEmbeddedServletContainer : Jetty started on port(s) 9004 (http/1.1)
2018-06-06 11:19:18.102  INFO  com.qiyou.SpringBootAdminApplication : Started SpringBootAdminApplication in 20.809 seconds (JVM running for 22.419)
2018-06-06 11:19:51.032  DEBUG com.qiyou.common.filter.XssFilter : xss filter is open
2018-06-06 11:19:51.049  INFO  org.apache.shiro.session.mgt.AbstractValidatingSessionManager : Enabling session validation scheduler...
2018-06-06 11:19:51.205  INFO  com.qiyou.util.IllegalStrFilterUtil : 通过sql检测
2018-06-06 11:19:51.206  INFO  com.qiyou.util.IllegalStrFilterUtil : 通过字符串检测
2018-06-06 11:19:51.216  INFO  com.qiyou.common.config.CheckInputParameterAspect : 当前调用接口-[http://localhost:9004/showApi]
2018-06-06 11:19:51.311  DEBUG com.qiyou.common.filter.XssFilter : xss filter is open
2018-06-06 11:19:51.389  DEBUG com.qiyou.common.filter.XssFilter : xss filter is open
2018-06-06 11:19:51.401  DEBUG com.qiyou.common.filter.XssFilter : xss filter is open
2018-06-06 11:19:51.429  DEBUG com.qiyou.common.filter.XssFilter : xss filter is open
2018-06-06 11:19:51.437  DEBUG com.qiyou.common.filter.XssFilter : xss filter is open
2018-06-06 11:19:51.450  DEBUG com.qiyou.common.filter.XssFilter : xss filter is open
2018-06-06 11:19:51.453  DEBUG com.qiyou.common.filter.XssFilter : xss filter is open
2018-06-06 11:19:51.463  DEBUG com.qiyou.common.filter.XssFilter : xss filter is open
2018-06-06 11:19:51.472  DEBUG com.qiyou.common.filter.XssFilter : xss filter is open
2018-06-06 11:19:51.473  DEBUG com.qiyou.common.filter.XssFilter : xss filter is open
2018-06-06 11:19:51.477  DEBUG com.qiyou.common.filter.XssFilter : xss filter is open
2018-06-06 11:19:51.484  DEBUG com.qiyou.common.filter.XssFilter : xss filter is open
2018-06-06 11:19:51.488  DEBUG com.qiyou.common.filter.XssFilter : xss filter is open
2018-06-06 11:19:51.496  DEBUG com.qiyou.common.filter.XssFilter : xss filter is open
2018-06-06 11:19:51.503  DEBUG com.qiyou.common.filter.XssFilter : xss filter is open
2018-06-06 11:19:51.506  DEBUG com.qiyou.common.filter.XssFilter : xss filter is open
2018-06-06 11:19:51.506  DEBUG com.qiyou.common.filter.XssFilter : xss filter is open
2018-06-06 11:19:51.723  DEBUG com.qiyou.common.filter.XssFilter : xss filter is open
2018-06-06 11:19:51.874  DEBUG com.qiyou.common.filter.XssFilter : xss filter is open
2018-06-06 11:19:51.900  DEBUG com.qiyou.common.filter.XssFilter : xss filter is open
2018-06-06 11:19:51.925  DEBUG com.qiyou.common.filter.XssFilter : xss filter is open
2018-06-06 11:19:51.989  DEBUG com.qiyou.common.filter.XssFilter : xss filter is open
2018-06-06 11:19:52.049  DEBUG com.qiyou.common.filter.XssFilter : xss filter is open
2018-06-06 11:19:52.113  DEBUG com.qiyou.common.filter.XssFilter : xss filter is open
2018-06-06 11:19:52.120  DEBUG com.qiyou.common.filter.XssFilter : xss filter is open
2018-06-06 11:19:52.158  DEBUG com.qiyou.common.filter.XssFilter : xss filter is open
2018-06-06 11:19:52.442  DEBUG com.qiyou.common.filter.XssFilter : xss filter is open
