2018-05-29 16:35:37.788  INFO  com.qiyou.SpringBootAdminApplication : Starting SpringBootAdminApplication on DESKTOP-TEAMV03 with PID 11480 (D:\workspace_qyht\JFinal\spring-boot\target\classes started by Lenovo in D:\workspace_qyht\JFinal\spring-boot)
2018-05-29 16:35:37.796  INFO  com.qiyou.SpringBootAdminApplication : No active profile set, falling back to default profiles: default
2018-05-29 16:35:37.917  INFO  org.springframework.boot.context.embedded.AnnotationConfigEmbeddedWebApplicationContext : Refreshing org.springframework.boot.context.embedded.AnnotationConfigEmbeddedWebApplicationContext@479cbee5: startup date [Tue May 29 16:35:37 CST 2018]; root of context hierarchy
2018-05-29 16:35:38.270  INFO  org.hibernate.validator.internal.util.Version : HV000001: Hibernate Validator 5.3.5.Final
2018-05-29 16:35:39.862  WARN  org.mybatis.spring.mapper.ClassPathMapperScanner : No MyBatis mapper was found in '[com.qiyou]' package. Please check your configuration.
2018-05-29 16:35:39.910  INFO  org.springframework.data.repository.config.RepositoryConfigurationDelegate : Multiple Spring Data modules found, entering strict repository configuration mode!
2018-05-29 16:35:40.121  WARN  org.springframework.context.annotation.ConfigurationClassPostProcessor : Cannot enhance @Configuration bean definition 'myBatisMapperScannerConfig' since its singleton instance has been created too early. The typical cause is a non-static @Bean method with a BeanDefinitionRegistryPostProcessor return type: Consider declaring such methods as 'static'.
2018-05-29 16:35:41.195  INFO  org.springframework.context.support.PostProcessorRegistrationDelegate$BeanPostProcessorChecker : Bean 'myBatisConfig' of type [com.qiyou.common.db.MyBatisConfig$$EnhancerBySpringCGLIB$$2188bead] is not eligible for getting processed by all BeanPostProcessors (for example: not eligible for auto-proxying)
2018-05-29 16:35:41.308  INFO  com.mchange.v2.log.MLog : MLog clients using log4j logging.
2018-05-29 16:35:41.643  INFO  com.mchange.v2.c3p0.C3P0Registry : Initializing c3p0-0.9.1.2 [built 21-May-2007 15:04:56; debug? true; trace: 10]
2018-05-29 16:35:41.728  INFO  org.springframework.context.support.PostProcessorRegistrationDelegate$BeanPostProcessorChecker : Bean 'dataSource1' of type [com.mchange.v2.c3p0.ComboPooledDataSource] is not eligible for getting processed by all BeanPostProcessors (for example: not eligible for auto-proxying)
2018-05-29 16:35:41.741  INFO  org.springframework.context.support.PostProcessorRegistrationDelegate$BeanPostProcessorChecker : Bean 'org.springframework.boot.autoconfigure.jdbc.DataSourceAutoConfiguration' of type [org.springframework.boot.autoconfigure.jdbc.DataSourceAutoConfiguration$$EnhancerBySpringCGLIB$$1fa3a2d4] is not eligible for getting processed by all BeanPostProcessors (for example: not eligible for auto-proxying)
2018-05-29 16:35:41.787  INFO  org.springframework.context.support.PostProcessorRegistrationDelegate$BeanPostProcessorChecker : Bean 'spring.datasource-org.springframework.boot.autoconfigure.jdbc.DataSourceProperties' of type [org.springframework.boot.autoconfigure.jdbc.DataSourceProperties] is not eligible for getting processed by all BeanPostProcessors (for example: not eligible for auto-proxying)
2018-05-29 16:35:41.814  INFO  org.springframework.context.support.PostProcessorRegistrationDelegate$BeanPostProcessorChecker : Bean 'dataSourceInitializer' of type [org.springframework.boot.autoconfigure.jdbc.DataSourceInitializer] is not eligible for getting processed by all BeanPostProcessors (for example: not eligible for auto-proxying)
2018-05-29 16:35:41.833  INFO  org.springframework.context.support.PostProcessorRegistrationDelegate$BeanPostProcessorChecker : Bean 'annotationDrivenTransactionManager' of type [org.springframework.jdbc.datasource.DataSourceTransactionManager] is not eligible for getting processed by all BeanPostProcessors (for example: not eligible for auto-proxying)
2018-05-29 16:35:41.834  INFO  org.springframework.context.support.PostProcessorRegistrationDelegate$BeanPostProcessorChecker : Bean 'org.springframework.transaction.annotation.ProxyTransactionManagementConfiguration' of type [org.springframework.transaction.annotation.ProxyTransactionManagementConfiguration$$EnhancerBySpringCGLIB$$3dafff74] is not eligible for getting processed by all BeanPostProcessors (for example: not eligible for auto-proxying)
2018-05-29 16:35:42.180  INFO  org.eclipse.jetty.util.log : Logging initialized @6030ms to org.eclipse.jetty.util.log.Slf4jLog
2018-05-29 16:35:42.315  INFO  org.springframework.boot.context.embedded.jetty.JettyEmbeddedServletContainerFactory : Server initialized with port: 9004
2018-05-29 16:35:42.317  INFO  org.eclipse.jetty.server.Server : jetty-9.4.4.v20170414
2018-05-29 16:35:42.501  INFO  org.eclipse.jetty.server.session : DefaultSessionIdManager workerName=node0
2018-05-29 16:35:42.501  INFO  org.eclipse.jetty.server.session : No SessionScavenger set, using defaults
2018-05-29 16:35:42.506  INFO  org.eclipse.jetty.server.session : Scavenging every 660000ms
2018-05-29 16:35:42.517  INFO  org.eclipse.jetty.server.handler.ContextHandler.application : Initializing Spring embedded WebApplicationContext
2018-05-29 16:35:42.517  INFO  org.springframework.web.context.ContextLoader : Root WebApplicationContext: initialization completed in 4600 ms
2018-05-29 16:35:42.767  INFO  org.springframework.boot.web.servlet.ServletRegistrationBean : Mapping servlet: 'dispatcherServlet' to [/]
2018-05-29 16:35:42.771  INFO  org.springframework.boot.web.servlet.FilterRegistrationBean : Mapping filter: 'characterEncodingFilter' to: [/*]
2018-05-29 16:35:42.772  INFO  org.springframework.boot.web.servlet.FilterRegistrationBean : Mapping filter: 'hiddenHttpMethodFilter' to: [/*]
2018-05-29 16:35:42.772  INFO  org.springframework.boot.web.servlet.FilterRegistrationBean : Mapping filter: 'httpPutFormContentFilter' to: [/*]
2018-05-29 16:35:42.772  INFO  org.springframework.boot.web.servlet.FilterRegistrationBean : Mapping filter: 'requestContextFilter' to: [/*]
2018-05-29 16:35:43.221  INFO  org.eclipse.jetty.server.handler.ContextHandler : Started o.s.b.c.e.j.JettyEmbeddedWebAppContext@261de205{/,[file:///C:/Users/Lenovo/AppData/Local/Temp/jetty-docbase.4582455670310358023.9004/, jar:file:/C:/Users/Lenovo/.m2/repository/io/springfox/springfox-swagger-ui/2.4.0/springfox-swagger-ui-2.4.0.jar!/META-INF/resources],AVAILABLE}
2018-05-29 16:35:43.221  INFO  org.eclipse.jetty.server.Server : Started @7073ms
2018-05-29 16:35:44.692  INFO  org.springframework.web.servlet.mvc.method.annotation.RequestMappingHandlerMapping : Mapped "{[/hello],methods=[POST]}" onto public java.lang.String com.qiyou.controller.HelloWorldController.hello()
2018-05-29 16:35:44.694  INFO  org.springframework.web.servlet.mvc.method.annotation.RequestMappingHandlerMapping : Mapped "{[/peopleInsert],methods=[POST]}" onto public com.qiyou.basic.Result com.qiyou.controller.PeopleController.peopleInsert() throws java.lang.Exception
2018-05-29 16:35:44.695  INFO  org.springframework.web.servlet.mvc.method.annotation.RequestMappingHandlerMapping : Mapped "{[/showApi]}" onto public java.lang.String com.qiyou.controller.SwaggerController.showApi()
2018-05-29 16:35:44.696  INFO  org.springframework.web.servlet.mvc.method.annotation.RequestMappingHandlerMapping : Mapped "{[/v2/api-docs],methods=[GET],produces=[application/json || application/hal+json]}" onto public org.springframework.http.ResponseEntity<springfox.documentation.spring.web.json.Json> springfox.documentation.swagger2.web.Swagger2Controller.getDocumentation(java.lang.String,javax.servlet.http.HttpServletRequest)
2018-05-29 16:35:44.701  INFO  org.springframework.web.servlet.mvc.method.annotation.RequestMappingHandlerMapping : Mapped "{[/configuration/security]}" onto org.springframework.http.ResponseEntity<springfox.documentation.swagger.web.SecurityConfiguration> springfox.documentation.swagger.web.ApiResourceController.securityConfiguration()
2018-05-29 16:35:44.703  INFO  org.springframework.web.servlet.mvc.method.annotation.RequestMappingHandlerMapping : Mapped "{[/configuration/ui]}" onto org.springframework.http.ResponseEntity<springfox.documentation.swagger.web.UiConfiguration> springfox.documentation.swagger.web.ApiResourceController.uiConfiguration()
2018-05-29 16:35:44.704  INFO  org.springframework.web.servlet.mvc.method.annotation.RequestMappingHandlerMapping : Mapped "{[/swagger-resources]}" onto org.springframework.http.ResponseEntity<java.util.List<springfox.documentation.swagger.web.SwaggerResource>> springfox.documentation.swagger.web.ApiResourceController.swaggerResources()
2018-05-29 16:35:44.710  INFO  org.springframework.web.servlet.mvc.method.annotation.RequestMappingHandlerMapping : Mapped "{[/error]}" onto public org.springframework.http.ResponseEntity<java.util.Map<java.lang.String, java.lang.Object>> org.springframework.boot.autoconfigure.web.BasicErrorController.error(javax.servlet.http.HttpServletRequest)
2018-05-29 16:35:44.711  INFO  org.springframework.web.servlet.mvc.method.annotation.RequestMappingHandlerMapping : Mapped "{[/error],produces=[text/html]}" onto public org.springframework.web.servlet.ModelAndView org.springframework.boot.autoconfigure.web.BasicErrorController.errorHtml(javax.servlet.http.HttpServletRequest,javax.servlet.http.HttpServletResponse)
2018-05-29 16:35:45.110  INFO  org.springframework.web.servlet.mvc.method.annotation.RequestMappingHandlerAdapter : Looking for @ControllerAdvice: org.springframework.boot.context.embedded.AnnotationConfigEmbeddedWebApplicationContext@479cbee5: startup date [Tue May 29 16:35:37 CST 2018]; root of context hierarchy
2018-05-29 16:35:45.225  INFO  org.springframework.web.servlet.handler.SimpleUrlHandlerMapping : Mapped URL path [/webjars/**] onto handler of type [class org.springframework.web.servlet.resource.ResourceHttpRequestHandler]
2018-05-29 16:35:45.226  INFO  org.springframework.web.servlet.handler.SimpleUrlHandlerMapping : Mapped URL path [/**] onto handler of type [class org.springframework.web.servlet.resource.ResourceHttpRequestHandler]
2018-05-29 16:35:45.324  INFO  org.springframework.web.servlet.handler.SimpleUrlHandlerMapping : Mapped URL path [/**/favicon.ico] onto handler of type [class org.springframework.web.servlet.resource.ResourceHttpRequestHandler]
2018-05-29 16:35:46.304  INFO  org.springframework.jmx.export.annotation.AnnotationMBeanExporter : Registering beans for JMX exposure on startup
2018-05-29 16:35:46.320  INFO  springfox.documentation.spring.web.plugins.DocumentationPluginsBootstrapper : Context refreshed
2018-05-29 16:35:46.355  INFO  springfox.documentation.spring.web.plugins.DocumentationPluginsBootstrapper : Found 1 custom documentation plugin(s)
2018-05-29 16:35:46.369  INFO  springfox.documentation.spring.web.scanners.ApiListingReferenceScanner : Scanning for api listing references
2018-05-29 16:35:46.576  INFO  org.eclipse.jetty.server.handler.ContextHandler.application : Initializing Spring FrameworkServlet 'dispatcherServlet'
2018-05-29 16:35:46.576  INFO  org.springframework.web.servlet.DispatcherServlet : FrameworkServlet 'dispatcherServlet': initialization started
2018-05-29 16:35:46.598  INFO  org.springframework.web.servlet.DispatcherServlet : FrameworkServlet 'dispatcherServlet': initialization completed in 21 ms
2018-05-29 16:35:46.616  INFO  org.eclipse.jetty.server.AbstractConnector : Started ServerConnector@578b2dec{HTTP/1.1,[http/1.1]}{0.0.0.0:9004}
2018-05-29 16:35:46.617  INFO  org.springframework.boot.context.embedded.jetty.JettyEmbeddedServletContainer : Jetty started on port(s) 9004 (http/1.1)
2018-05-29 16:35:46.624  INFO  com.qiyou.SpringBootAdminApplication : Started SpringBootAdminApplication in 9.314 seconds (JVM running for 10.475)
2018-05-29 16:36:15.018  INFO  com.mchange.v2.c3p0.impl.AbstractPoolBackedDataSource : Initializing c3p0 pool... com.mchange.v2.c3p0.ComboPooledDataSource [ acquireIncrement -> 3, acquireRetryAttempts -> 30, acquireRetryDelay -> 1000, autoCommitOnClose -> false, automaticTestTable -> null, breakAfterAcquireFailure -> false, checkoutTimeout -> 0, connectionCustomizerClassName -> null, connectionTesterClassName -> com.mchange.v2.c3p0.impl.DefaultConnectionTester, dataSourceName -> dataSourceKeyRW, debugUnreturnedConnectionStackTraces -> false, description -> null, driverClass -> com.mysql.jdbc.Driver, factoryClassLocation -> null, forceIgnoreUnresolvedTransactions -> false, identityToken -> 1hgff0b9v1bggfxm118q514|43984213, idleConnectionTestPeriod -> 0, initialPoolSize -> 20, jdbcUrl -> jdbc:mysql://127.0.0.1:3306/springboot?useUnicode=true&characterEncoding=UTF-8&zeroDateTimeBehavior=convertToNull&allowMultiQueries=true&useSSL=true, maxAdministrativeTaskTime -> 0, maxConnectionAge -> 0, maxIdleTime -> 100, maxIdleTimeExcessConnections -> 0, maxPoolSize -> 50, maxStatements -> 0, maxStatementsPerConnection -> 0, minPoolSize -> 20, numHelperThreads -> 3, numThreadsAwaitingCheckoutDefaultUser -> 0, preferredTestQuery -> null, properties -> {user=******, password=******}, propertyCycle -> 0, testConnectionOnCheckin -> false, testConnectionOnCheckout -> false, unreturnedConnectionTimeout -> 0, usesTraditionalReflectiveProxies -> false ]
2018-05-29 16:36:19.799  INFO  org.springframework.beans.factory.xml.XmlBeanDefinitionReader : Loading XML bean definitions from class path resource [org/springframework/jdbc/support/sql-error-codes.xml]
2018-05-29 16:36:20.026  INFO  org.springframework.jdbc.support.SQLErrorCodesFactory : SQLErrorCodes loaded: [DB2, Derby, H2, HSQL, Informix, MS-SQL, MySQL, Oracle, PostgreSQL, Sybase, Hana]
2018-05-29 16:40:19.797  INFO  com.qiyou.SpringBootAdminApplication : Starting SpringBootAdminApplication on DESKTOP-TEAMV03 with PID 4924 (D:\workspace_qyht\JFinal\spring-boot\target\classes started by Lenovo in D:\workspace_qyht\JFinal\spring-boot)
2018-05-29 16:40:19.802  INFO  com.qiyou.SpringBootAdminApplication : No active profile set, falling back to default profiles: default
2018-05-29 16:40:19.888  INFO  org.springframework.boot.context.embedded.AnnotationConfigEmbeddedWebApplicationContext : Refreshing org.springframework.boot.context.embedded.AnnotationConfigEmbeddedWebApplicationContext@479cbee5: startup date [Tue May 29 16:40:19 CST 2018]; root of context hierarchy
2018-05-29 16:40:20.329  INFO  org.hibernate.validator.internal.util.Version : HV000001: Hibernate Validator 5.3.5.Final
2018-05-29 16:40:21.953  WARN  org.mybatis.spring.mapper.ClassPathMapperScanner : No MyBatis mapper was found in '[com.qiyou]' package. Please check your configuration.
2018-05-29 16:40:22.024  INFO  org.springframework.data.repository.config.RepositoryConfigurationDelegate : Multiple Spring Data modules found, entering strict repository configuration mode!
2018-05-29 16:40:22.257  WARN  org.springframework.context.annotation.ConfigurationClassPostProcessor : Cannot enhance @Configuration bean definition 'myBatisMapperScannerConfig' since its singleton instance has been created too early. The typical cause is a non-static @Bean method with a BeanDefinitionRegistryPostProcessor return type: Consider declaring such methods as 'static'.
2018-05-29 16:40:23.052  INFO  org.springframework.context.support.PostProcessorRegistrationDelegate$BeanPostProcessorChecker : Bean 'myBatisConfig' of type [com.qiyou.common.db.MyBatisConfig$$EnhancerBySpringCGLIB$$2be256a5] is not eligible for getting processed by all BeanPostProcessors (for example: not eligible for auto-proxying)
2018-05-29 16:40:23.120  INFO  com.mchange.v2.log.MLog : MLog clients using log4j logging.
2018-05-29 16:40:23.454  INFO  com.mchange.v2.c3p0.C3P0Registry : Initializing c3p0-0.9.1.2 [built 21-May-2007 15:04:56; debug? true; trace: 10]
2018-05-29 16:40:23.535  INFO  org.springframework.context.support.PostProcessorRegistrationDelegate$BeanPostProcessorChecker : Bean 'dataSource1' of type [com.mchange.v2.c3p0.ComboPooledDataSource] is not eligible for getting processed by all BeanPostProcessors (for example: not eligible for auto-proxying)
2018-05-29 16:40:23.549  INFO  org.springframework.context.support.PostProcessorRegistrationDelegate$BeanPostProcessorChecker : Bean 'org.springframework.boot.autoconfigure.jdbc.DataSourceAutoConfiguration' of type [org.springframework.boot.autoconfigure.jdbc.DataSourceAutoConfiguration$$EnhancerBySpringCGLIB$$29fd3acc] is not eligible for getting processed by all BeanPostProcessors (for example: not eligible for auto-proxying)
2018-05-29 16:40:23.618  INFO  org.springframework.context.support.PostProcessorRegistrationDelegate$BeanPostProcessorChecker : Bean 'spring.datasource-org.springframework.boot.autoconfigure.jdbc.DataSourceProperties' of type [org.springframework.boot.autoconfigure.jdbc.DataSourceProperties] is not eligible for getting processed by all BeanPostProcessors (for example: not eligible for auto-proxying)
2018-05-29 16:40:23.650  INFO  org.springframework.context.support.PostProcessorRegistrationDelegate$BeanPostProcessorChecker : Bean 'dataSourceInitializer' of type [org.springframework.boot.autoconfigure.jdbc.DataSourceInitializer] is not eligible for getting processed by all BeanPostProcessors (for example: not eligible for auto-proxying)
2018-05-29 16:40:23.669  INFO  org.springframework.context.support.PostProcessorRegistrationDelegate$BeanPostProcessorChecker : Bean 'annotationDrivenTransactionManager' of type [org.springframework.jdbc.datasource.DataSourceTransactionManager] is not eligible for getting processed by all BeanPostProcessors (for example: not eligible for auto-proxying)
2018-05-29 16:40:23.671  INFO  org.springframework.context.support.PostProcessorRegistrationDelegate$BeanPostProcessorChecker : Bean 'org.springframework.transaction.annotation.ProxyTransactionManagementConfiguration' of type [org.springframework.transaction.annotation.ProxyTransactionManagementConfiguration$$EnhancerBySpringCGLIB$$4809976c] is not eligible for getting processed by all BeanPostProcessors (for example: not eligible for auto-proxying)
2018-05-29 16:40:23.995  INFO  org.eclipse.jetty.util.log : Logging initialized @5701ms to org.eclipse.jetty.util.log.Slf4jLog
2018-05-29 16:40:24.118  INFO  org.springframework.boot.context.embedded.jetty.JettyEmbeddedServletContainerFactory : Server initialized with port: 9004
2018-05-29 16:40:24.122  INFO  org.eclipse.jetty.server.Server : jetty-9.4.4.v20170414
2018-05-29 16:40:24.404  INFO  org.eclipse.jetty.server.session : DefaultSessionIdManager workerName=node0
2018-05-29 16:40:24.405  INFO  org.eclipse.jetty.server.session : No SessionScavenger set, using defaults
2018-05-29 16:40:24.409  INFO  org.eclipse.jetty.server.session : Scavenging every 660000ms
2018-05-29 16:40:24.421  INFO  org.eclipse.jetty.server.handler.ContextHandler.application : Initializing Spring embedded WebApplicationContext
2018-05-29 16:40:24.421  INFO  org.springframework.web.context.ContextLoader : Root WebApplicationContext: initialization completed in 4533 ms
2018-05-29 16:40:24.711  INFO  org.springframework.boot.web.servlet.ServletRegistrationBean : Mapping servlet: 'dispatcherServlet' to [/]
2018-05-29 16:40:24.715  INFO  org.springframework.boot.web.servlet.FilterRegistrationBean : Mapping filter: 'characterEncodingFilter' to: [/*]
2018-05-29 16:40:24.716  INFO  org.springframework.boot.web.servlet.FilterRegistrationBean : Mapping filter: 'hiddenHttpMethodFilter' to: [/*]
2018-05-29 16:40:24.716  INFO  org.springframework.boot.web.servlet.FilterRegistrationBean : Mapping filter: 'httpPutFormContentFilter' to: [/*]
2018-05-29 16:40:24.716  INFO  org.springframework.boot.web.servlet.FilterRegistrationBean : Mapping filter: 'requestContextFilter' to: [/*]
2018-05-29 16:40:25.201  INFO  org.eclipse.jetty.server.handler.ContextHandler : Started o.s.b.c.e.j.JettyEmbeddedWebAppContext@20d19f2c{/,[file:///C:/Users/Lenovo/AppData/Local/Temp/jetty-docbase.8267812109748842616.9004/, jar:file:/C:/Users/Lenovo/.m2/repository/io/springfox/springfox-swagger-ui/2.4.0/springfox-swagger-ui-2.4.0.jar!/META-INF/resources],AVAILABLE}
2018-05-29 16:40:25.202  INFO  org.eclipse.jetty.server.Server : Started @6907ms
2018-05-29 16:40:27.024  INFO  org.springframework.web.servlet.mvc.method.annotation.RequestMappingHandlerMapping : Mapped "{[/hello],methods=[POST]}" onto public java.lang.String com.qiyou.controller.HelloWorldController.hello()
2018-05-29 16:40:27.027  INFO  org.springframework.web.servlet.mvc.method.annotation.RequestMappingHandlerMapping : Mapped "{[/peopleInsert],methods=[POST]}" onto public com.qiyou.basic.Result com.qiyou.controller.PeopleController.peopleInsert() throws java.lang.Exception
2018-05-29 16:40:27.027  INFO  org.springframework.web.servlet.mvc.method.annotation.RequestMappingHandlerMapping : Mapped "{[/showApi]}" onto public java.lang.String com.qiyou.controller.SwaggerController.showApi()
2018-05-29 16:40:27.028  INFO  org.springframework.web.servlet.mvc.method.annotation.RequestMappingHandlerMapping : Mapped "{[/v2/api-docs],methods=[GET],produces=[application/json || application/hal+json]}" onto public org.springframework.http.ResponseEntity<springfox.documentation.spring.web.json.Json> springfox.documentation.swagger2.web.Swagger2Controller.getDocumentation(java.lang.String,javax.servlet.http.HttpServletRequest)
2018-05-29 16:40:27.034  INFO  org.springframework.web.servlet.mvc.method.annotation.RequestMappingHandlerMapping : Mapped "{[/configuration/security]}" onto org.springframework.http.ResponseEntity<springfox.documentation.swagger.web.SecurityConfiguration> springfox.documentation.swagger.web.ApiResourceController.securityConfiguration()
2018-05-29 16:40:27.035  INFO  org.springframework.web.servlet.mvc.method.annotation.RequestMappingHandlerMapping : Mapped "{[/configuration/ui]}" onto org.springframework.http.ResponseEntity<springfox.documentation.swagger.web.UiConfiguration> springfox.documentation.swagger.web.ApiResourceController.uiConfiguration()
2018-05-29 16:40:27.036  INFO  org.springframework.web.servlet.mvc.method.annotation.RequestMappingHandlerMapping : Mapped "{[/swagger-resources]}" onto org.springframework.http.ResponseEntity<java.util.List<springfox.documentation.swagger.web.SwaggerResource>> springfox.documentation.swagger.web.ApiResourceController.swaggerResources()
2018-05-29 16:40:27.043  INFO  org.springframework.web.servlet.mvc.method.annotation.RequestMappingHandlerMapping : Mapped "{[/error]}" onto public org.springframework.http.ResponseEntity<java.util.Map<java.lang.String, java.lang.Object>> org.springframework.boot.autoconfigure.web.BasicErrorController.error(javax.servlet.http.HttpServletRequest)
2018-05-29 16:40:27.044  INFO  org.springframework.web.servlet.mvc.method.annotation.RequestMappingHandlerMapping : Mapped "{[/error],produces=[text/html]}" onto public org.springframework.web.servlet.ModelAndView org.springframework.boot.autoconfigure.web.BasicErrorController.errorHtml(javax.servlet.http.HttpServletRequest,javax.servlet.http.HttpServletResponse)
2018-05-29 16:40:27.498  INFO  org.springframework.web.servlet.mvc.method.annotation.RequestMappingHandlerAdapter : Looking for @ControllerAdvice: org.springframework.boot.context.embedded.AnnotationConfigEmbeddedWebApplicationContext@479cbee5: startup date [Tue May 29 16:40:19 CST 2018]; root of context hierarchy
2018-05-29 16:40:27.646  INFO  org.springframework.web.servlet.handler.SimpleUrlHandlerMapping : Mapped URL path [/webjars/**] onto handler of type [class org.springframework.web.servlet.resource.ResourceHttpRequestHandler]
2018-05-29 16:40:27.646  INFO  org.springframework.web.servlet.handler.SimpleUrlHandlerMapping : Mapped URL path [/**] onto handler of type [class org.springframework.web.servlet.resource.ResourceHttpRequestHandler]
2018-05-29 16:40:27.727  INFO  org.springframework.web.servlet.handler.SimpleUrlHandlerMapping : Mapped URL path [/**/favicon.ico] onto handler of type [class org.springframework.web.servlet.resource.ResourceHttpRequestHandler]
2018-05-29 16:40:29.080  INFO  org.springframework.jmx.export.annotation.AnnotationMBeanExporter : Registering beans for JMX exposure on startup
2018-05-29 16:40:29.099  INFO  springfox.documentation.spring.web.plugins.DocumentationPluginsBootstrapper : Context refreshed
2018-05-29 16:40:29.152  INFO  springfox.documentation.spring.web.plugins.DocumentationPluginsBootstrapper : Found 1 custom documentation plugin(s)
2018-05-29 16:40:29.166  INFO  springfox.documentation.spring.web.scanners.ApiListingReferenceScanner : Scanning for api listing references
2018-05-29 16:40:29.422  INFO  org.eclipse.jetty.server.handler.ContextHandler.application : Initializing Spring FrameworkServlet 'dispatcherServlet'
2018-05-29 16:40:29.423  INFO  org.springframework.web.servlet.DispatcherServlet : FrameworkServlet 'dispatcherServlet': initialization started
2018-05-29 16:40:29.457  INFO  org.springframework.web.servlet.DispatcherServlet : FrameworkServlet 'dispatcherServlet': initialization completed in 34 ms
2018-05-29 16:40:29.480  INFO  org.eclipse.jetty.server.AbstractConnector : Started ServerConnector@294c44b7{HTTP/1.1,[http/1.1]}{0.0.0.0:9004}
2018-05-29 16:40:29.481  INFO  org.springframework.boot.context.embedded.jetty.JettyEmbeddedServletContainer : Jetty started on port(s) 9004 (http/1.1)
2018-05-29 16:40:29.488  INFO  com.qiyou.SpringBootAdminApplication : Started SpringBootAdminApplication in 10.143 seconds (JVM running for 11.194)
2018-05-29 16:40:54.501  INFO  com.mchange.v2.c3p0.impl.AbstractPoolBackedDataSource : Initializing c3p0 pool... com.mchange.v2.c3p0.ComboPooledDataSource [ acquireIncrement -> 3, acquireRetryAttempts -> 30, acquireRetryDelay -> 1000, autoCommitOnClose -> false, automaticTestTable -> null, breakAfterAcquireFailure -> false, checkoutTimeout -> 0, connectionCustomizerClassName -> null, connectionTesterClassName -> com.mchange.v2.c3p0.impl.DefaultConnectionTester, dataSourceName -> dataSourceKeyRW, debugUnreturnedConnectionStackTraces -> false, description -> null, driverClass -> com.mysql.jdbc.Driver, factoryClassLocation -> null, forceIgnoreUnresolvedTransactions -> false, identityToken -> 1hgff0b9v1bgmhdi1rhdfn3|8cc8cdb, idleConnectionTestPeriod -> 0, initialPoolSize -> 20, jdbcUrl -> jdbc:mysql://127.0.0.1:3306/springboot?useUnicode=true&characterEncoding=UTF-8&zeroDateTimeBehavior=convertToNull&allowMultiQueries=true&useSSL=true, maxAdministrativeTaskTime -> 0, maxConnectionAge -> 0, maxIdleTime -> 100, maxIdleTimeExcessConnections -> 0, maxPoolSize -> 50, maxStatements -> 0, maxStatementsPerConnection -> 0, minPoolSize -> 20, numHelperThreads -> 3, numThreadsAwaitingCheckoutDefaultUser -> 0, preferredTestQuery -> null, properties -> {user=******, password=******}, propertyCycle -> 0, testConnectionOnCheckin -> false, testConnectionOnCheckout -> false, unreturnedConnectionTimeout -> 0, usesTraditionalReflectiveProxies -> false ]
2018-05-29 16:41:03.500  INFO  org.springframework.beans.factory.xml.XmlBeanDefinitionReader : Loading XML bean definitions from class path resource [org/springframework/jdbc/support/sql-error-codes.xml]
2018-05-29 16:41:03.742  INFO  org.springframework.jdbc.support.SQLErrorCodesFactory : SQLErrorCodes loaded: [DB2, Derby, H2, HSQL, Informix, MS-SQL, MySQL, Oracle, PostgreSQL, Sybase, Hana]
2018-05-29 16:42:06.160  INFO  com.qiyou.SpringBootAdminApplication : Starting SpringBootAdminApplication on DESKTOP-TEAMV03 with PID 11924 (D:\workspace_qyht\JFinal\spring-boot\target\classes started by Lenovo in D:\workspace_qyht\JFinal\spring-boot)
2018-05-29 16:42:06.166  INFO  com.qiyou.SpringBootAdminApplication : No active profile set, falling back to default profiles: default
2018-05-29 16:42:06.250  INFO  org.springframework.boot.context.embedded.AnnotationConfigEmbeddedWebApplicationContext : Refreshing org.springframework.boot.context.embedded.AnnotationConfigEmbeddedWebApplicationContext@479cbee5: startup date [Tue May 29 16:42:06 CST 2018]; root of context hierarchy
2018-05-29 16:42:06.554  INFO  org.hibernate.validator.internal.util.Version : HV000001: Hibernate Validator 5.3.5.Final
2018-05-29 16:42:08.048  WARN  org.mybatis.spring.mapper.ClassPathMapperScanner : No MyBatis mapper was found in '[com.qiyou]' package. Please check your configuration.
2018-05-29 16:42:08.099  INFO  org.springframework.data.repository.config.RepositoryConfigurationDelegate : Multiple Spring Data modules found, entering strict repository configuration mode!
2018-05-29 16:42:08.304  WARN  org.springframework.context.annotation.ConfigurationClassPostProcessor : Cannot enhance @Configuration bean definition 'myBatisMapperScannerConfig' since its singleton instance has been created too early. The typical cause is a non-static @Bean method with a BeanDefinitionRegistryPostProcessor return type: Consider declaring such methods as 'static'.
2018-05-29 16:42:09.021  INFO  org.springframework.context.support.PostProcessorRegistrationDelegate$BeanPostProcessorChecker : Bean 'myBatisConfig' of type [com.qiyou.common.db.MyBatisConfig$$EnhancerBySpringCGLIB$$251055a0] is not eligible for getting processed by all BeanPostProcessors (for example: not eligible for auto-proxying)
2018-05-29 16:42:09.079  INFO  com.mchange.v2.log.MLog : MLog clients using log4j logging.
2018-05-29 16:42:09.392  INFO  com.mchange.v2.c3p0.C3P0Registry : Initializing c3p0-0.9.1.2 [built 21-May-2007 15:04:56; debug? true; trace: 10]
2018-05-29 16:42:09.481  INFO  org.springframework.context.support.PostProcessorRegistrationDelegate$BeanPostProcessorChecker : Bean 'dataSource1' of type [com.mchange.v2.c3p0.ComboPooledDataSource] is not eligible for getting processed by all BeanPostProcessors (for example: not eligible for auto-proxying)
2018-05-29 16:42:09.495  INFO  org.springframework.context.support.PostProcessorRegistrationDelegate$BeanPostProcessorChecker : Bean 'org.springframework.boot.autoconfigure.jdbc.DataSourceAutoConfiguration' of type [org.springframework.boot.autoconfigure.jdbc.DataSourceAutoConfiguration$$EnhancerBySpringCGLIB$$232b39c7] is not eligible for getting processed by all BeanPostProcessors (for example: not eligible for auto-proxying)
2018-05-29 16:42:09.539  INFO  org.springframework.context.support.PostProcessorRegistrationDelegate$BeanPostProcessorChecker : Bean 'spring.datasource-org.springframework.boot.autoconfigure.jdbc.DataSourceProperties' of type [org.springframework.boot.autoconfigure.jdbc.DataSourceProperties] is not eligible for getting processed by all BeanPostProcessors (for example: not eligible for auto-proxying)
2018-05-29 16:42:09.565  INFO  org.springframework.context.support.PostProcessorRegistrationDelegate$BeanPostProcessorChecker : Bean 'dataSourceInitializer' of type [org.springframework.boot.autoconfigure.jdbc.DataSourceInitializer] is not eligible for getting processed by all BeanPostProcessors (for example: not eligible for auto-proxying)
2018-05-29 16:42:09.579  INFO  org.springframework.context.support.PostProcessorRegistrationDelegate$BeanPostProcessorChecker : Bean 'annotationDrivenTransactionManager' of type [org.springframework.jdbc.datasource.DataSourceTransactionManager] is not eligible for getting processed by all BeanPostProcessors (for example: not eligible for auto-proxying)
2018-05-29 16:42:09.580  INFO  org.springframework.context.support.PostProcessorRegistrationDelegate$BeanPostProcessorChecker : Bean 'org.springframework.transaction.annotation.ProxyTransactionManagementConfiguration' of type [org.springframework.transaction.annotation.ProxyTransactionManagementConfiguration$$EnhancerBySpringCGLIB$$41379667] is not eligible for getting processed by all BeanPostProcessors (for example: not eligible for auto-proxying)
2018-05-29 16:42:09.948  INFO  org.eclipse.jetty.util.log : Logging initialized @5730ms to org.eclipse.jetty.util.log.Slf4jLog
2018-05-29 16:42:10.076  INFO  org.springframework.boot.context.embedded.jetty.JettyEmbeddedServletContainerFactory : Server initialized with port: 9004
2018-05-29 16:42:10.079  INFO  org.eclipse.jetty.server.Server : jetty-9.4.4.v20170414
2018-05-29 16:42:10.278  INFO  org.eclipse.jetty.server.session : DefaultSessionIdManager workerName=node0
2018-05-29 16:42:10.279  INFO  org.eclipse.jetty.server.session : No SessionScavenger set, using defaults
2018-05-29 16:42:10.284  INFO  org.eclipse.jetty.server.session : Scavenging every 660000ms
2018-05-29 16:42:10.301  INFO  org.eclipse.jetty.server.handler.ContextHandler.application : Initializing Spring embedded WebApplicationContext
2018-05-29 16:42:10.301  INFO  org.springframework.web.context.ContextLoader : Root WebApplicationContext: initialization completed in 4052 ms
2018-05-29 16:42:10.532  INFO  org.springframework.boot.web.servlet.ServletRegistrationBean : Mapping servlet: 'dispatcherServlet' to [/]
2018-05-29 16:42:10.536  INFO  org.springframework.boot.web.servlet.FilterRegistrationBean : Mapping filter: 'characterEncodingFilter' to: [/*]
2018-05-29 16:42:10.537  INFO  org.springframework.boot.web.servlet.FilterRegistrationBean : Mapping filter: 'hiddenHttpMethodFilter' to: [/*]
2018-05-29 16:42:10.537  INFO  org.springframework.boot.web.servlet.FilterRegistrationBean : Mapping filter: 'httpPutFormContentFilter' to: [/*]
2018-05-29 16:42:10.537  INFO  org.springframework.boot.web.servlet.FilterRegistrationBean : Mapping filter: 'requestContextFilter' to: [/*]
2018-05-29 16:42:10.958  INFO  org.eclipse.jetty.server.handler.ContextHandler : Started o.s.b.c.e.j.JettyEmbeddedWebAppContext@a1691c0{/,[file:///C:/Users/Lenovo/AppData/Local/Temp/jetty-docbase.4406981564212764098.9004/, jar:file:/C:/Users/Lenovo/.m2/repository/io/springfox/springfox-swagger-ui/2.4.0/springfox-swagger-ui-2.4.0.jar!/META-INF/resources],AVAILABLE}
2018-05-29 16:42:10.959  INFO  org.eclipse.jetty.server.Server : Started @6742ms
2018-05-29 16:42:12.393  INFO  org.springframework.web.servlet.mvc.method.annotation.RequestMappingHandlerMapping : Mapped "{[/hello],methods=[POST]}" onto public java.lang.String com.qiyou.controller.HelloWorldController.hello()
2018-05-29 16:42:12.395  INFO  org.springframework.web.servlet.mvc.method.annotation.RequestMappingHandlerMapping : Mapped "{[/peopleInsert],methods=[POST]}" onto public com.qiyou.basic.Result com.qiyou.controller.PeopleController.peopleInsert() throws java.lang.Exception
2018-05-29 16:42:12.395  INFO  org.springframework.web.servlet.mvc.method.annotation.RequestMappingHandlerMapping : Mapped "{[/showApi]}" onto public java.lang.String com.qiyou.controller.SwaggerController.showApi()
2018-05-29 16:42:12.396  INFO  org.springframework.web.servlet.mvc.method.annotation.RequestMappingHandlerMapping : Mapped "{[/v2/api-docs],methods=[GET],produces=[application/json || application/hal+json]}" onto public org.springframework.http.ResponseEntity<springfox.documentation.spring.web.json.Json> springfox.documentation.swagger2.web.Swagger2Controller.getDocumentation(java.lang.String,javax.servlet.http.HttpServletRequest)
2018-05-29 16:42:12.400  INFO  org.springframework.web.servlet.mvc.method.annotation.RequestMappingHandlerMapping : Mapped "{[/configuration/security]}" onto org.springframework.http.ResponseEntity<springfox.documentation.swagger.web.SecurityConfiguration> springfox.documentation.swagger.web.ApiResourceController.securityConfiguration()
2018-05-29 16:42:12.401  INFO  org.springframework.web.servlet.mvc.method.annotation.RequestMappingHandlerMapping : Mapped "{[/configuration/ui]}" onto org.springframework.http.ResponseEntity<springfox.documentation.swagger.web.UiConfiguration> springfox.documentation.swagger.web.ApiResourceController.uiConfiguration()
2018-05-29 16:42:12.403  INFO  org.springframework.web.servlet.mvc.method.annotation.RequestMappingHandlerMapping : Mapped "{[/swagger-resources]}" onto org.springframework.http.ResponseEntity<java.util.List<springfox.documentation.swagger.web.SwaggerResource>> springfox.documentation.swagger.web.ApiResourceController.swaggerResources()
2018-05-29 16:42:12.408  INFO  org.springframework.web.servlet.mvc.method.annotation.RequestMappingHandlerMapping : Mapped "{[/error]}" onto public org.springframework.http.ResponseEntity<java.util.Map<java.lang.String, java.lang.Object>> org.springframework.boot.autoconfigure.web.BasicErrorController.error(javax.servlet.http.HttpServletRequest)
2018-05-29 16:42:12.409  INFO  org.springframework.web.servlet.mvc.method.annotation.RequestMappingHandlerMapping : Mapped "{[/error],produces=[text/html]}" onto public org.springframework.web.servlet.ModelAndView org.springframework.boot.autoconfigure.web.BasicErrorController.errorHtml(javax.servlet.http.HttpServletRequest,javax.servlet.http.HttpServletResponse)
2018-05-29 16:42:12.824  INFO  org.springframework.web.servlet.mvc.method.annotation.RequestMappingHandlerAdapter : Looking for @ControllerAdvice: org.springframework.boot.context.embedded.AnnotationConfigEmbeddedWebApplicationContext@479cbee5: startup date [Tue May 29 16:42:06 CST 2018]; root of context hierarchy
2018-05-29 16:42:12.938  INFO  org.springframework.web.servlet.handler.SimpleUrlHandlerMapping : Mapped URL path [/webjars/**] onto handler of type [class org.springframework.web.servlet.resource.ResourceHttpRequestHandler]
2018-05-29 16:42:12.939  INFO  org.springframework.web.servlet.handler.SimpleUrlHandlerMapping : Mapped URL path [/**] onto handler of type [class org.springframework.web.servlet.resource.ResourceHttpRequestHandler]
2018-05-29 16:42:13.018  INFO  org.springframework.web.servlet.handler.SimpleUrlHandlerMapping : Mapped URL path [/**/favicon.ico] onto handler of type [class org.springframework.web.servlet.resource.ResourceHttpRequestHandler]
2018-05-29 16:42:14.056  INFO  org.springframework.jmx.export.annotation.AnnotationMBeanExporter : Registering beans for JMX exposure on startup
2018-05-29 16:42:14.072  INFO  springfox.documentation.spring.web.plugins.DocumentationPluginsBootstrapper : Context refreshed
2018-05-29 16:42:14.112  INFO  springfox.documentation.spring.web.plugins.DocumentationPluginsBootstrapper : Found 1 custom documentation plugin(s)
2018-05-29 16:42:14.127  INFO  springfox.documentation.spring.web.scanners.ApiListingReferenceScanner : Scanning for api listing references
2018-05-29 16:42:14.339  INFO  org.eclipse.jetty.server.handler.ContextHandler.application : Initializing Spring FrameworkServlet 'dispatcherServlet'
2018-05-29 16:42:14.340  INFO  org.springframework.web.servlet.DispatcherServlet : FrameworkServlet 'dispatcherServlet': initialization started
2018-05-29 16:42:14.362  INFO  org.springframework.web.servlet.DispatcherServlet : FrameworkServlet 'dispatcherServlet': initialization completed in 22 ms
2018-05-29 16:42:14.382  INFO  org.eclipse.jetty.server.AbstractConnector : Started ServerConnector@50f05307{HTTP/1.1,[http/1.1]}{0.0.0.0:9004}
2018-05-29 16:42:14.383  INFO  org.springframework.boot.context.embedded.jetty.JettyEmbeddedServletContainer : Jetty started on port(s) 9004 (http/1.1)
2018-05-29 16:42:14.389  INFO  com.qiyou.SpringBootAdminApplication : Started SpringBootAdminApplication in 8.944 seconds (JVM running for 10.173)
2018-05-29 16:42:46.255  INFO  com.mchange.v2.c3p0.impl.AbstractPoolBackedDataSource : Initializing c3p0 pool... com.mchange.v2.c3p0.ComboPooledDataSource [ acquireIncrement -> 3, acquireRetryAttempts -> 30, acquireRetryDelay -> 1000, autoCommitOnClose -> false, automaticTestTable -> null, breakAfterAcquireFailure -> false, checkoutTimeout -> 0, connectionCustomizerClassName -> null, connectionTesterClassName -> com.mchange.v2.c3p0.impl.DefaultConnectionTester, dataSourceName -> dataSourceKeyRW, debugUnreturnedConnectionStackTraces -> false, description -> null, driverClass -> com.mysql.jdbc.Driver, factoryClassLocation -> null, forceIgnoreUnresolvedTransactions -> false, identityToken -> 1hgff0b9v1bgor4k1m6f9io|33feb805, idleConnectionTestPeriod -> 0, initialPoolSize -> 20, jdbcUrl -> jdbc:mysql://127.0.0.1:3306/springboot?useUnicode=true&characterEncoding=UTF-8&zeroDateTimeBehavior=convertToNull&allowMultiQueries=true&useSSL=true, maxAdministrativeTaskTime -> 0, maxConnectionAge -> 0, maxIdleTime -> 100, maxIdleTimeExcessConnections -> 0, maxPoolSize -> 50, maxStatements -> 0, maxStatementsPerConnection -> 0, minPoolSize -> 20, numHelperThreads -> 3, numThreadsAwaitingCheckoutDefaultUser -> 0, preferredTestQuery -> null, properties -> {user=******, password=******}, propertyCycle -> 0, testConnectionOnCheckin -> false, testConnectionOnCheckout -> false, unreturnedConnectionTimeout -> 0, usesTraditionalReflectiveProxies -> false ]
2018-05-29 17:04:26.854  INFO  com.qiyou.SpringBootAdminApplication : Starting SpringBootAdminApplication on DESKTOP-TEAMV03 with PID 5504 (D:\workspace_qyht\JFinal\spring-boot\target\classes started by Lenovo in D:\workspace_qyht\JFinal\spring-boot)
2018-05-29 17:04:26.861  INFO  com.qiyou.SpringBootAdminApplication : No active profile set, falling back to default profiles: default
2018-05-29 17:04:26.945  INFO  org.springframework.boot.context.embedded.AnnotationConfigEmbeddedWebApplicationContext : Refreshing org.springframework.boot.context.embedded.AnnotationConfigEmbeddedWebApplicationContext@479cbee5: startup date [Tue May 29 17:04:26 CST 2018]; root of context hierarchy
2018-05-29 17:04:27.442  INFO  org.hibernate.validator.internal.util.Version : HV000001: Hibernate Validator 5.3.5.Final
2018-05-29 17:04:29.027  WARN  org.mybatis.spring.mapper.ClassPathMapperScanner : No MyBatis mapper was found in '[com.qiyou]' package. Please check your configuration.
2018-05-29 17:04:29.079  INFO  org.springframework.data.repository.config.RepositoryConfigurationDelegate : Multiple Spring Data modules found, entering strict repository configuration mode!
2018-05-29 17:04:29.280  WARN  org.springframework.context.annotation.ConfigurationClassPostProcessor : Cannot enhance @Configuration bean definition 'myBatisMapperScannerConfig' since its singleton instance has been created too early. The typical cause is a non-static @Bean method with a BeanDefinitionRegistryPostProcessor return type: Consider declaring such methods as 'static'.
2018-05-29 17:04:30.091  INFO  org.springframework.context.support.PostProcessorRegistrationDelegate$BeanPostProcessorChecker : Bean 'myBatisConfig' of type [com.qiyou.common.db.MyBatisConfig$$EnhancerBySpringCGLIB$$a5110e2d] is not eligible for getting processed by all BeanPostProcessors (for example: not eligible for auto-proxying)
2018-05-29 17:04:30.358  INFO  com.mchange.v2.log.MLog : MLog clients using log4j logging.
2018-05-29 17:04:30.678  INFO  com.mchange.v2.c3p0.C3P0Registry : Initializing c3p0-0.9.1.2 [built 21-May-2007 15:04:56; debug? true; trace: 10]
2018-05-29 17:04:30.773  INFO  org.springframework.context.support.PostProcessorRegistrationDelegate$BeanPostProcessorChecker : Bean 'dataSource1' of type [com.mchange.v2.c3p0.ComboPooledDataSource] is not eligible for getting processed by all BeanPostProcessors (for example: not eligible for auto-proxying)
2018-05-29 17:04:30.795  INFO  org.springframework.context.support.PostProcessorRegistrationDelegate$BeanPostProcessorChecker : Bean 'org.springframework.boot.autoconfigure.jdbc.DataSourceAutoConfiguration' of type [org.springframework.boot.autoconfigure.jdbc.DataSourceAutoConfiguration$$EnhancerBySpringCGLIB$$a32bf254] is not eligible for getting processed by all BeanPostProcessors (for example: not eligible for auto-proxying)
2018-05-29 17:04:31.024  INFO  org.springframework.context.support.PostProcessorRegistrationDelegate$BeanPostProcessorChecker : Bean 'spring.datasource-org.springframework.boot.autoconfigure.jdbc.DataSourceProperties' of type [org.springframework.boot.autoconfigure.jdbc.DataSourceProperties] is not eligible for getting processed by all BeanPostProcessors (for example: not eligible for auto-proxying)
2018-05-29 17:04:31.050  INFO  org.springframework.context.support.PostProcessorRegistrationDelegate$BeanPostProcessorChecker : Bean 'dataSourceInitializer' of type [org.springframework.boot.autoconfigure.jdbc.DataSourceInitializer] is not eligible for getting processed by all BeanPostProcessors (for example: not eligible for auto-proxying)
2018-05-29 17:04:31.065  INFO  org.springframework.context.support.PostProcessorRegistrationDelegate$BeanPostProcessorChecker : Bean 'annotationDrivenTransactionManager' of type [org.springframework.jdbc.datasource.DataSourceTransactionManager] is not eligible for getting processed by all BeanPostProcessors (for example: not eligible for auto-proxying)
2018-05-29 17:04:31.067  INFO  org.springframework.context.support.PostProcessorRegistrationDelegate$BeanPostProcessorChecker : Bean 'org.springframework.transaction.annotation.ProxyTransactionManagementConfiguration' of type [org.springframework.transaction.annotation.ProxyTransactionManagementConfiguration$$EnhancerBySpringCGLIB$$c1384ef4] is not eligible for getting processed by all BeanPostProcessors (for example: not eligible for auto-proxying)
2018-05-29 17:04:31.394  INFO  org.eclipse.jetty.util.log : Logging initialized @6085ms to org.eclipse.jetty.util.log.Slf4jLog
2018-05-29 17:04:31.502  INFO  org.springframework.boot.context.embedded.jetty.JettyEmbeddedServletContainerFactory : Server initialized with port: 9004
2018-05-29 17:04:31.505  INFO  org.eclipse.jetty.server.Server : jetty-9.4.4.v20170414
2018-05-29 17:04:31.661  INFO  org.eclipse.jetty.server.session : DefaultSessionIdManager workerName=node0
2018-05-29 17:04:31.662  INFO  org.eclipse.jetty.server.session : No SessionScavenger set, using defaults
2018-05-29 17:04:31.667  INFO  org.eclipse.jetty.server.session : Scavenging every 660000ms
2018-05-29 17:04:31.679  INFO  org.eclipse.jetty.server.handler.ContextHandler.application : Initializing Spring embedded WebApplicationContext
2018-05-29 17:04:31.681  INFO  org.springframework.web.context.ContextLoader : Root WebApplicationContext: initialization completed in 4736 ms
2018-05-29 17:04:31.924  INFO  org.springframework.boot.web.servlet.ServletRegistrationBean : Mapping servlet: 'dispatcherServlet' to [/]
2018-05-29 17:04:31.927  INFO  org.springframework.boot.web.servlet.FilterRegistrationBean : Mapping filter: 'characterEncodingFilter' to: [/*]
2018-05-29 17:04:31.928  INFO  org.springframework.boot.web.servlet.FilterRegistrationBean : Mapping filter: 'hiddenHttpMethodFilter' to: [/*]
2018-05-29 17:04:31.928  INFO  org.springframework.boot.web.servlet.FilterRegistrationBean : Mapping filter: 'httpPutFormContentFilter' to: [/*]
2018-05-29 17:04:31.928  INFO  org.springframework.boot.web.servlet.FilterRegistrationBean : Mapping filter: 'requestContextFilter' to: [/*]
2018-05-29 17:04:32.460  INFO  org.eclipse.jetty.server.handler.ContextHandler : Started o.s.b.c.e.j.JettyEmbeddedWebAppContext@6d6f6860{/,[file:///C:/Users/Lenovo/AppData/Local/Temp/jetty-docbase.3195140410881274938.9004/, jar:file:/C:/Users/Lenovo/.m2/repository/io/springfox/springfox-swagger-ui/2.4.0/springfox-swagger-ui-2.4.0.jar!/META-INF/resources],AVAILABLE}
2018-05-29 17:04:32.460  INFO  org.eclipse.jetty.server.Server : Started @7151ms
2018-05-29 17:04:34.142  INFO  org.springframework.web.servlet.mvc.method.annotation.RequestMappingHandlerMapping : Mapped "{[/hello],methods=[POST]}" onto public java.lang.String com.qiyou.controller.HelloWorldController.hello()
2018-05-29 17:04:34.145  INFO  org.springframework.web.servlet.mvc.method.annotation.RequestMappingHandlerMapping : Mapped "{[/peopleInsert],methods=[POST]}" onto public com.qiyou.basic.Result com.qiyou.controller.PeopleController.peopleInsert() throws java.lang.Exception
2018-05-29 17:04:34.145  INFO  org.springframework.web.servlet.mvc.method.annotation.RequestMappingHandlerMapping : Mapped "{[/peopleInsertXml],methods=[POST]}" onto public com.qiyou.basic.Result com.qiyou.controller.PeopleController.peopleInserXml(java.lang.String) throws java.lang.Exception
2018-05-29 17:04:34.146  INFO  org.springframework.web.servlet.mvc.method.annotation.RequestMappingHandlerMapping : Mapped "{[/showApi]}" onto public java.lang.String com.qiyou.controller.SwaggerController.showApi()
2018-05-29 17:04:34.147  INFO  org.springframework.web.servlet.mvc.method.annotation.RequestMappingHandlerMapping : Mapped "{[/v2/api-docs],methods=[GET],produces=[application/json || application/hal+json]}" onto public org.springframework.http.ResponseEntity<springfox.documentation.spring.web.json.Json> springfox.documentation.swagger2.web.Swagger2Controller.getDocumentation(java.lang.String,javax.servlet.http.HttpServletRequest)
2018-05-29 17:04:34.151  INFO  org.springframework.web.servlet.mvc.method.annotation.RequestMappingHandlerMapping : Mapped "{[/configuration/ui]}" onto org.springframework.http.ResponseEntity<springfox.documentation.swagger.web.UiConfiguration> springfox.documentation.swagger.web.ApiResourceController.uiConfiguration()
2018-05-29 17:04:34.154  INFO  org.springframework.web.servlet.mvc.method.annotation.RequestMappingHandlerMapping : Mapped "{[/swagger-resources]}" onto org.springframework.http.ResponseEntity<java.util.List<springfox.documentation.swagger.web.SwaggerResource>> springfox.documentation.swagger.web.ApiResourceController.swaggerResources()
2018-05-29 17:04:34.155  INFO  org.springframework.web.servlet.mvc.method.annotation.RequestMappingHandlerMapping : Mapped "{[/configuration/security]}" onto org.springframework.http.ResponseEntity<springfox.documentation.swagger.web.SecurityConfiguration> springfox.documentation.swagger.web.ApiResourceController.securityConfiguration()
2018-05-29 17:04:34.162  INFO  org.springframework.web.servlet.mvc.method.annotation.RequestMappingHandlerMapping : Mapped "{[/error]}" onto public org.springframework.http.ResponseEntity<java.util.Map<java.lang.String, java.lang.Object>> org.springframework.boot.autoconfigure.web.BasicErrorController.error(javax.servlet.http.HttpServletRequest)
2018-05-29 17:04:34.163  INFO  org.springframework.web.servlet.mvc.method.annotation.RequestMappingHandlerMapping : Mapped "{[/error],produces=[text/html]}" onto public org.springframework.web.servlet.ModelAndView org.springframework.boot.autoconfigure.web.BasicErrorController.errorHtml(javax.servlet.http.HttpServletRequest,javax.servlet.http.HttpServletResponse)
2018-05-29 17:04:34.617  INFO  org.springframework.web.servlet.mvc.method.annotation.RequestMappingHandlerAdapter : Looking for @ControllerAdvice: org.springframework.boot.context.embedded.AnnotationConfigEmbeddedWebApplicationContext@479cbee5: startup date [Tue May 29 17:04:26 CST 2018]; root of context hierarchy
2018-05-29 17:04:34.897  INFO  org.springframework.web.servlet.handler.SimpleUrlHandlerMapping : Mapped URL path [/webjars/**] onto handler of type [class org.springframework.web.servlet.resource.ResourceHttpRequestHandler]
2018-05-29 17:04:34.898  INFO  org.springframework.web.servlet.handler.SimpleUrlHandlerMapping : Mapped URL path [/**] onto handler of type [class org.springframework.web.servlet.resource.ResourceHttpRequestHandler]
2018-05-29 17:04:35.050  INFO  org.springframework.web.servlet.handler.SimpleUrlHandlerMapping : Mapped URL path [/**/favicon.ico] onto handler of type [class org.springframework.web.servlet.resource.ResourceHttpRequestHandler]
2018-05-29 17:04:36.470  INFO  org.springframework.jmx.export.annotation.AnnotationMBeanExporter : Registering beans for JMX exposure on startup
2018-05-29 17:04:36.497  INFO  springfox.documentation.spring.web.plugins.DocumentationPluginsBootstrapper : Context refreshed
2018-05-29 17:04:36.555  INFO  springfox.documentation.spring.web.plugins.DocumentationPluginsBootstrapper : Found 1 custom documentation plugin(s)
2018-05-29 17:04:36.579  INFO  springfox.documentation.spring.web.scanners.ApiListingReferenceScanner : Scanning for api listing references
2018-05-29 17:04:36.890  INFO  org.eclipse.jetty.server.handler.ContextHandler.application : Initializing Spring FrameworkServlet 'dispatcherServlet'
2018-05-29 17:04:36.891  INFO  org.springframework.web.servlet.DispatcherServlet : FrameworkServlet 'dispatcherServlet': initialization started
2018-05-29 17:04:36.923  INFO  org.springframework.web.servlet.DispatcherServlet : FrameworkServlet 'dispatcherServlet': initialization completed in 32 ms
2018-05-29 17:04:36.951  INFO  org.eclipse.jetty.server.AbstractConnector : Started ServerConnector@2676d96a{HTTP/1.1,[http/1.1]}{0.0.0.0:9004}
2018-05-29 17:04:36.951  INFO  org.springframework.boot.context.embedded.jetty.JettyEmbeddedServletContainer : Jetty started on port(s) 9004 (http/1.1)
2018-05-29 17:04:36.963  INFO  com.qiyou.SpringBootAdminApplication : Started SpringBootAdminApplication in 10.537 seconds (JVM running for 11.653)
2018-05-29 17:06:12.785  INFO  com.qiyou.controller.PeopleController : peopleInsertXml bizData={"name":"","age":"26","sex":"1","weight":"73","height":"172.2"}
2018-05-29 17:06:18.760  INFO  com.mchange.v2.c3p0.impl.AbstractPoolBackedDataSource : Initializing c3p0 pool... com.mchange.v2.c3p0.ComboPooledDataSource [ acquireIncrement -> 3, acquireRetryAttempts -> 30, acquireRetryDelay -> 1000, autoCommitOnClose -> false, automaticTestTable -> null, breakAfterAcquireFailure -> false, checkoutTimeout -> 0, connectionCustomizerClassName -> null, connectionTesterClassName -> com.mchange.v2.c3p0.impl.DefaultConnectionTester, dataSourceName -> dataSourceKeyRW, debugUnreturnedConnectionStackTraces -> false, description -> null, driverClass -> com.mysql.jdbc.Driver, factoryClassLocation -> null, forceIgnoreUnresolvedTransactions -> false, identityToken -> 1hgff0b9v1bhhi2i1ec7a7g|34b9eb03, idleConnectionTestPeriod -> 0, initialPoolSize -> 20, jdbcUrl -> jdbc:mysql://127.0.0.1:3306/springboot?useUnicode=true&characterEncoding=UTF-8&zeroDateTimeBehavior=convertToNull&allowMultiQueries=true&useSSL=true, maxAdministrativeTaskTime -> 0, maxConnectionAge -> 0, maxIdleTime -> 100, maxIdleTimeExcessConnections -> 0, maxPoolSize -> 50, maxStatements -> 0, maxStatementsPerConnection -> 0, minPoolSize -> 20, numHelperThreads -> 3, numThreadsAwaitingCheckoutDefaultUser -> 0, preferredTestQuery -> null, properties -> {user=******, password=******}, propertyCycle -> 0, testConnectionOnCheckin -> false, testConnectionOnCheckout -> false, unreturnedConnectionTimeout -> 0, usesTraditionalReflectiveProxies -> false ]
2018-05-29 17:11:01.261  INFO  com.qiyou.SpringBootAdminApplication : Starting SpringBootAdminApplication on DESKTOP-TEAMV03 with PID 3156 (D:\workspace_qyht\JFinal\spring-boot\target\classes started by Lenovo in D:\workspace_qyht\JFinal\spring-boot)
2018-05-29 17:11:01.266  DEBUG com.qiyou.SpringBootAdminApplication : Running with Spring Boot v1.5.3.RELEASE, Spring v4.3.8.RELEASE
2018-05-29 17:11:01.267  INFO  com.qiyou.SpringBootAdminApplication : No active profile set, falling back to default profiles: default
2018-05-29 17:11:01.356  INFO  org.springframework.boot.context.embedded.AnnotationConfigEmbeddedWebApplicationContext : Refreshing org.springframework.boot.context.embedded.AnnotationConfigEmbeddedWebApplicationContext@2b72cb8a: startup date [Tue May 29 17:11:01 CST 2018]; root of context hierarchy
2018-05-29 17:11:01.637  INFO  org.hibernate.validator.internal.util.Version : HV000001: Hibernate Validator 5.3.5.Final
2018-05-29 17:11:03.258  WARN  org.mybatis.spring.mapper.ClassPathMapperScanner : No MyBatis mapper was found in '[com.qiyou]' package. Please check your configuration.
2018-05-29 17:11:03.312  INFO  org.springframework.data.repository.config.RepositoryConfigurationDelegate : Multiple Spring Data modules found, entering strict repository configuration mode!
2018-05-29 17:11:03.527  WARN  org.springframework.context.annotation.ConfigurationClassPostProcessor : Cannot enhance @Configuration bean definition 'myBatisMapperScannerConfig' since its singleton instance has been created too early. The typical cause is a non-static @Bean method with a BeanDefinitionRegistryPostProcessor return type: Consider declaring such methods as 'static'.
2018-05-29 17:11:04.217  INFO  org.springframework.context.support.PostProcessorRegistrationDelegate$BeanPostProcessorChecker : Bean 'myBatisConfig' of type [com.qiyou.common.db.MyBatisConfig$$EnhancerBySpringCGLIB$$a9d71c65] is not eligible for getting processed by all BeanPostProcessors (for example: not eligible for auto-proxying)
2018-05-29 17:11:04.276  INFO  com.mchange.v2.log.MLog : MLog clients using log4j logging.
2018-05-29 17:11:04.585  INFO  com.mchange.v2.c3p0.C3P0Registry : Initializing c3p0-0.9.1.2 [built 21-May-2007 15:04:56; debug? true; trace: 10]
2018-05-29 17:11:04.661  INFO  org.springframework.context.support.PostProcessorRegistrationDelegate$BeanPostProcessorChecker : Bean 'dataSource1' of type [com.mchange.v2.c3p0.ComboPooledDataSource] is not eligible for getting processed by all BeanPostProcessors (for example: not eligible for auto-proxying)
2018-05-29 17:11:04.673  INFO  org.springframework.context.support.PostProcessorRegistrationDelegate$BeanPostProcessorChecker : Bean 'org.springframework.boot.autoconfigure.jdbc.DataSourceAutoConfiguration' of type [org.springframework.boot.autoconfigure.jdbc.DataSourceAutoConfiguration$$EnhancerBySpringCGLIB$$a7f2008c] is not eligible for getting processed by all BeanPostProcessors (for example: not eligible for auto-proxying)
2018-05-29 17:11:04.715  INFO  org.springframework.context.support.PostProcessorRegistrationDelegate$BeanPostProcessorChecker : Bean 'spring.datasource-org.springframework.boot.autoconfigure.jdbc.DataSourceProperties' of type [org.springframework.boot.autoconfigure.jdbc.DataSourceProperties] is not eligible for getting processed by all BeanPostProcessors (for example: not eligible for auto-proxying)
2018-05-29 17:11:04.735  INFO  org.springframework.context.support.PostProcessorRegistrationDelegate$BeanPostProcessorChecker : Bean 'dataSourceInitializer' of type [org.springframework.boot.autoconfigure.jdbc.DataSourceInitializer] is not eligible for getting processed by all BeanPostProcessors (for example: not eligible for auto-proxying)
2018-05-29 17:11:04.753  INFO  org.springframework.context.support.PostProcessorRegistrationDelegate$BeanPostProcessorChecker : Bean 'annotationDrivenTransactionManager' of type [org.springframework.jdbc.datasource.DataSourceTransactionManager] is not eligible for getting processed by all BeanPostProcessors (for example: not eligible for auto-proxying)
2018-05-29 17:11:04.755  INFO  org.springframework.context.support.PostProcessorRegistrationDelegate$BeanPostProcessorChecker : Bean 'org.springframework.transaction.annotation.ProxyTransactionManagementConfiguration' of type [org.springframework.transaction.annotation.ProxyTransactionManagementConfiguration$$EnhancerBySpringCGLIB$$c5fe5d2c] is not eligible for getting processed by all BeanPostProcessors (for example: not eligible for auto-proxying)
2018-05-29 17:11:05.066  INFO  org.eclipse.jetty.util.log : Logging initialized @5184ms to org.eclipse.jetty.util.log.Slf4jLog
2018-05-29 17:11:05.208  INFO  org.springframework.boot.context.embedded.jetty.JettyEmbeddedServletContainerFactory : Server initialized with port: 9004
2018-05-29 17:11:05.212  INFO  org.eclipse.jetty.server.Server : jetty-9.4.4.v20170414
2018-05-29 17:11:05.400  INFO  org.eclipse.jetty.server.session : DefaultSessionIdManager workerName=node0
2018-05-29 17:11:05.400  INFO  org.eclipse.jetty.server.session : No SessionScavenger set, using defaults
2018-05-29 17:11:05.405  INFO  org.eclipse.jetty.server.session : Scavenging every 600000ms
2018-05-29 17:11:05.418  INFO  org.eclipse.jetty.server.handler.ContextHandler.application : Initializing Spring embedded WebApplicationContext
2018-05-29 17:11:05.419  INFO  org.springframework.web.context.ContextLoader : Root WebApplicationContext: initialization completed in 4063 ms
2018-05-29 17:11:05.640  INFO  org.springframework.boot.web.servlet.ServletRegistrationBean : Mapping servlet: 'dispatcherServlet' to [/]
2018-05-29 17:11:05.644  INFO  org.springframework.boot.web.servlet.FilterRegistrationBean : Mapping filter: 'characterEncodingFilter' to: [/*]
2018-05-29 17:11:05.644  INFO  org.springframework.boot.web.servlet.FilterRegistrationBean : Mapping filter: 'hiddenHttpMethodFilter' to: [/*]
2018-05-29 17:11:05.645  INFO  org.springframework.boot.web.servlet.FilterRegistrationBean : Mapping filter: 'httpPutFormContentFilter' to: [/*]
2018-05-29 17:11:05.645  INFO  org.springframework.boot.web.servlet.FilterRegistrationBean : Mapping filter: 'requestContextFilter' to: [/*]
2018-05-29 17:11:06.101  INFO  org.eclipse.jetty.server.handler.ContextHandler : Started o.s.b.c.e.j.JettyEmbeddedWebAppContext@38029686{/,[file:///C:/Users/Lenovo/AppData/Local/Temp/jetty-docbase.6311592694005460094.9004/, jar:file:/C:/Users/Lenovo/.m2/repository/io/springfox/springfox-swagger-ui/2.4.0/springfox-swagger-ui-2.4.0.jar!/META-INF/resources],AVAILABLE}
2018-05-29 17:11:06.102  INFO  org.eclipse.jetty.server.Server : Started @6219ms
2018-05-29 17:11:07.471  INFO  org.springframework.web.servlet.mvc.method.annotation.RequestMappingHandlerMapping : Mapped "{[/hello],methods=[POST]}" onto public java.lang.String com.qiyou.controller.HelloWorldController.hello()
2018-05-29 17:11:07.473  INFO  org.springframework.web.servlet.mvc.method.annotation.RequestMappingHandlerMapping : Mapped "{[/peopleInsertXml],methods=[POST]}" onto public com.qiyou.basic.Result com.qiyou.controller.PeopleController.peopleInserXml(java.lang.String) throws java.lang.Exception
2018-05-29 17:11:07.474  INFO  org.springframework.web.servlet.mvc.method.annotation.RequestMappingHandlerMapping : Mapped "{[/peopleInsert],methods=[POST]}" onto public com.qiyou.basic.Result com.qiyou.controller.PeopleController.peopleInsert() throws java.lang.Exception
2018-05-29 17:11:07.474  INFO  org.springframework.web.servlet.mvc.method.annotation.RequestMappingHandlerMapping : Mapped "{[/showApi]}" onto public java.lang.String com.qiyou.controller.SwaggerController.showApi()
2018-05-29 17:11:07.476  INFO  org.springframework.web.servlet.mvc.method.annotation.RequestMappingHandlerMapping : Mapped "{[/v2/api-docs],methods=[GET],produces=[application/json || application/hal+json]}" onto public org.springframework.http.ResponseEntity<springfox.documentation.spring.web.json.Json> springfox.documentation.swagger2.web.Swagger2Controller.getDocumentation(java.lang.String,javax.servlet.http.HttpServletRequest)
2018-05-29 17:11:07.481  INFO  org.springframework.web.servlet.mvc.method.annotation.RequestMappingHandlerMapping : Mapped "{[/configuration/ui]}" onto org.springframework.http.ResponseEntity<springfox.documentation.swagger.web.UiConfiguration> springfox.documentation.swagger.web.ApiResourceController.uiConfiguration()
2018-05-29 17:11:07.482  INFO  org.springframework.web.servlet.mvc.method.annotation.RequestMappingHandlerMapping : Mapped "{[/swagger-resources]}" onto org.springframework.http.ResponseEntity<java.util.List<springfox.documentation.swagger.web.SwaggerResource>> springfox.documentation.swagger.web.ApiResourceController.swaggerResources()
2018-05-29 17:11:07.484  INFO  org.springframework.web.servlet.mvc.method.annotation.RequestMappingHandlerMapping : Mapped "{[/configuration/security]}" onto org.springframework.http.ResponseEntity<springfox.documentation.swagger.web.SecurityConfiguration> springfox.documentation.swagger.web.ApiResourceController.securityConfiguration()
2018-05-29 17:11:07.489  INFO  org.springframework.web.servlet.mvc.method.annotation.RequestMappingHandlerMapping : Mapped "{[/error]}" onto public org.springframework.http.ResponseEntity<java.util.Map<java.lang.String, java.lang.Object>> org.springframework.boot.autoconfigure.web.BasicErrorController.error(javax.servlet.http.HttpServletRequest)
2018-05-29 17:11:07.490  INFO  org.springframework.web.servlet.mvc.method.annotation.RequestMappingHandlerMapping : Mapped "{[/error],produces=[text/html]}" onto public org.springframework.web.servlet.ModelAndView org.springframework.boot.autoconfigure.web.BasicErrorController.errorHtml(javax.servlet.http.HttpServletRequest,javax.servlet.http.HttpServletResponse)
2018-05-29 17:11:07.902  INFO  org.springframework.web.servlet.mvc.method.annotation.RequestMappingHandlerAdapter : Looking for @ControllerAdvice: org.springframework.boot.context.embedded.AnnotationConfigEmbeddedWebApplicationContext@2b72cb8a: startup date [Tue May 29 17:11:01 CST 2018]; root of context hierarchy
2018-05-29 17:11:08.017  INFO  org.springframework.web.servlet.handler.SimpleUrlHandlerMapping : Mapped URL path [/webjars/**] onto handler of type [class org.springframework.web.servlet.resource.ResourceHttpRequestHandler]
2018-05-29 17:11:08.017  INFO  org.springframework.web.servlet.handler.SimpleUrlHandlerMapping : Mapped URL path [/**] onto handler of type [class org.springframework.web.servlet.resource.ResourceHttpRequestHandler]
2018-05-29 17:11:08.108  INFO  org.springframework.web.servlet.handler.SimpleUrlHandlerMapping : Mapped URL path [/**/favicon.ico] onto handler of type [class org.springframework.web.servlet.resource.ResourceHttpRequestHandler]
2018-05-29 17:11:09.072  INFO  org.springframework.jmx.export.annotation.AnnotationMBeanExporter : Registering beans for JMX exposure on startup
2018-05-29 17:11:09.091  INFO  springfox.documentation.spring.web.plugins.DocumentationPluginsBootstrapper : Context refreshed
2018-05-29 17:11:09.148  INFO  springfox.documentation.spring.web.plugins.DocumentationPluginsBootstrapper : Found 1 custom documentation plugin(s)
2018-05-29 17:11:09.162  INFO  springfox.documentation.spring.web.scanners.ApiListingReferenceScanner : Scanning for api listing references
2018-05-29 17:11:09.419  INFO  org.eclipse.jetty.server.handler.ContextHandler.application : Initializing Spring FrameworkServlet 'dispatcherServlet'
2018-05-29 17:11:09.420  INFO  org.springframework.web.servlet.DispatcherServlet : FrameworkServlet 'dispatcherServlet': initialization started
2018-05-29 17:11:09.439  INFO  org.springframework.web.servlet.DispatcherServlet : FrameworkServlet 'dispatcherServlet': initialization completed in 19 ms
2018-05-29 17:11:09.457  INFO  org.eclipse.jetty.server.AbstractConnector : Started ServerConnector@3e5ebdfe{HTTP/1.1,[http/1.1]}{0.0.0.0:9004}
2018-05-29 17:11:09.457  INFO  org.springframework.boot.context.embedded.jetty.JettyEmbeddedServletContainer : Jetty started on port(s) 9004 (http/1.1)
2018-05-29 17:11:09.465  INFO  com.qiyou.SpringBootAdminApplication : Started SpringBootAdminApplication in 8.724 seconds (JVM running for 9.583)
2018-05-29 17:12:19.691  INFO  com.qiyou.controller.PeopleController : peopleInsertXml bizData={"name":"","age":"23","sex":"0","weight":"56","height":"160.2"}
2018-05-29 17:12:19.889  INFO  com.mchange.v2.c3p0.impl.AbstractPoolBackedDataSource : Initializing c3p0 pool... com.mchange.v2.c3p0.ComboPooledDataSource [ acquireIncrement -> 3, acquireRetryAttempts -> 30, acquireRetryDelay -> 1000, autoCommitOnClose -> false, automaticTestTable -> null, breakAfterAcquireFailure -> false, checkoutTimeout -> 0, connectionCustomizerClassName -> null, connectionTesterClassName -> com.mchange.v2.c3p0.impl.DefaultConnectionTester, dataSourceName -> dataSourceKeyRW, debugUnreturnedConnectionStackTraces -> false, description -> null, driverClass -> com.mysql.jdbc.Driver, factoryClassLocation -> null, forceIgnoreUnresolvedTransactions -> false, identityToken -> 1hgff0b9v1bhpy0p155m8zx|23a918c7, idleConnectionTestPeriod -> 0, initialPoolSize -> 20, jdbcUrl -> jdbc:mysql://127.0.0.1:3306/springboot?useUnicode=true&characterEncoding=UTF-8&zeroDateTimeBehavior=convertToNull&allowMultiQueries=true&useSSL=true, maxAdministrativeTaskTime -> 0, maxConnectionAge -> 0, maxIdleTime -> 100, maxIdleTimeExcessConnections -> 0, maxPoolSize -> 50, maxStatements -> 0, maxStatementsPerConnection -> 0, minPoolSize -> 20, numHelperThreads -> 3, numThreadsAwaitingCheckoutDefaultUser -> 0, preferredTestQuery -> null, properties -> {user=******, password=******}, propertyCycle -> 0, testConnectionOnCheckin -> false, testConnectionOnCheckout -> false, unreturnedConnectionTimeout -> 0, usesTraditionalReflectiveProxies -> false ]
2018-05-29 17:12:20.342  DEBUG com.qiyou.persistence.mapper.PeopleMapper.peopleInsertXml : ==>  Preparing: INSERT people (name, sex, age, height, weight) VALUES (?, ?, ?, ?, ?); 
2018-05-29 17:12:20.412  DEBUG com.qiyou.persistence.mapper.PeopleMapper.peopleInsertXml : ==> Parameters: (String), 0(String), 23(String), 160.2(String), 56(String)
2018-05-29 17:12:20.446  DEBUG com.qiyou.persistence.mapper.PeopleMapper.peopleInsertXml : <==    Updates: 1
2018-05-29 17:13:09.209  INFO  com.qiyou.controller.PeopleController : peopleInsertXml bizData={"name":"","age":"25","sex":"0","weight":"58","height":"160.2"}
2018-05-29 17:13:09.210  DEBUG com.qiyou.persistence.mapper.PeopleMapper.peopleInsertXml : ==>  Preparing: INSERT people (name, sex, age, height, weight) VALUES (?, ?, ?, ?, ?); 
2018-05-29 17:13:09.211  DEBUG com.qiyou.persistence.mapper.PeopleMapper.peopleInsertXml : ==> Parameters: (String), 0(String), 25(String), 160.2(String), 58(String)
2018-05-29 17:13:09.285  DEBUG com.qiyou.persistence.mapper.PeopleMapper.peopleInsertXml : <==    Updates: 1
